6e01 512 [ 0, 0, 0, 0, 0, 0, 0, 0, 0, 0, 0, 0, 0, 0, 0, 0 ] 14 0 110 1
e0 514 [ 0, 0, 0, 0, 0, 0, 0, 0, 0, 0, 0, 0, 0, 0, 1, 0 ] 0 14 0 224
6d01 516 [ 0, 0, 0, 0, 0, 0, 0, 0, 0, 0, 0, 0, 0, 0, 1, 0 ] 13 0 109 1
6a01 518 [ 0, 0, 0, 0, 0, 0, 0, 0, 0, 0, 0, 0, 0, 1, 1, 0 ] 10 0 106 1
6b01 520 [ 0, 0, 0, 0, 0, 0, 0, 0, 0, 0, 1, 0, 0, 1, 1, 0 ] 11 0 107 1
8cd0 522 [ 0, 0, 0, 0, 0, 0, 0, 0, 0, 0, 1, 1, 0, 1, 1, 0 ] 12 13 140 208
8ce2 524 [ 0, 0, 0, 0, 0, 0, 0, 0, 0, 0, 1, 1, 1, 1, 1, 0 ] 12 14 140 226
4c00 526 [ 0, 0, 0, 0, 0, 0, 0, 0, 0, 0, 1, 1, 1, 1, 1, 0 ] 12 0 76 0
88d0 530 [ 0, 0, 0, 0, 0, 0, 0, 0, 0, 0, 1, 1, 1, 1, 1, 0 ] 8 13 136 208
223e 532 [ 0, 0, 0, 0, 0, 0, 0, 0, 1, 0, 1, 1, 1, 1, 1, 0 ] 2 3 34 62
a294 574 [ 0, 0, 0, 0, 0, 0, 0, 0, 1, 0, 1, 1, 1, 1, 1, 0 ] 2 9 162 148
f833 576 [ 0, 0, 0, 0, 0, 0, 0, 0, 1, 0, 1, 1, 1, 1, 1, 0 ] 8 3 248 51
f265 578 [ 0, 0, 0, 0, 0, 0, 0, 0, 1, 0, 1, 1, 1, 1, 1, 0 ] 2 6 242 101
2254 580 [ 0, 0, 1, 0, 0, 0, 0, 0, 1, 0, 1, 1, 1, 1, 1, 0 ] 2 5 34 84
8310 596 [ 0, 0, 1, 0, 0, 0, 0, 0, 1, 0, 1, 1, 1, 1, 1, 0 ] 3 1 131 16
8334 598 [ 0, 0, 1, 0, 0, 0, 0, 0, 1, 0, 1, 1, 1, 1, 1, 0 ] 3 3 131 52
8334 600 [ 0, 0, 1, 0, 0, 0, 0, 0, 1, 0, 1, 1, 1, 1, 1, 0 ] 3 3 131 52
8314 602 [ 0, 0, 1, 0, 0, 0, 0, 0, 1, 0, 1, 1, 1, 1, 1, 0 ] 3 1 131 20
a262 604 [ 0, 0, 1, 0, 0, 0, 0, 0, 1, 0, 1, 1, 1, 1, 1, 0 ] 2 6 162 98
f31e 606 [ 0, 0, 1, 0, 0, 0, 0, 0, 1, 0, 1, 1, 1, 1, 1, 0 ] 3 1 243 30
ee 608 [ 0, 0, 1, 0, 0, 0, 0, 0, 1, 0, 1, 1, 1, 1, 1, 0 ] 0 14 0 238
dab5 582 [ 0, 0, 1, 0, 0, 0, 0, 0, 1, 0, 1, 1, 1, 1, 1, 0 ] 10 11 218 181
7a04 584 [ 0, 0, 1, 0, 0, 0, 0, 0, 1, 0, 1, 1, 1, 1, 1, 0 ] 10 0 122 4
8120 586 [ 0, 0, 1, 0, 0, 0, 0, 0, 1, 0, 5, 1, 1, 1, 1, 0 ] 1 2 129 32
2254 588 [ 0, 1, 1, 0, 0, 0, 0, 0, 1, 0, 5, 1, 1, 1, 1, 0 ] 2 5 34 84
8310 596 [ 0, 1, 1, 0, 0, 0, 0, 0, 1, 0, 5, 1, 1, 1, 1, 0 ] 3 1 131 16
8334 598 [ 0, 1, 1, 1, 0, 0, 0, 0, 1, 0, 5, 1, 1, 1, 1, 0 ] 3 3 131 52
8334 600 [ 0, 1, 1, 2, 0, 0, 0, 0, 1, 0, 5, 1, 1, 1, 1, 0 ] 3 3 131 52
8314 602 [ 0, 1, 1, 4, 0, 0, 0, 0, 1, 0, 5, 1, 1, 1, 1, 0 ] 3 1 131 20
a262 604 [ 0, 1, 1, 5, 0, 0, 0, 0, 1, 0, 5, 1, 1, 1, 1, 0 ] 2 6 162 98
f31e 606 [ 0, 1, 1, 5, 0, 0, 0, 0, 1, 0, 5, 1, 1, 1, 1, 0 ] 3 1 243 30
ee 608 [ 0, 1, 1, 5, 0, 0, 0, 0, 1, 0, 5, 1, 1, 1, 1, 0 ] 0 14 0 238
dab5 590 [ 0, 1, 1, 5, 0, 0, 0, 0, 1, 0, 5, 1, 1, 1, 1, 0 ] 10 11 218 181
7a05 592 [ 0, 1, 1, 5, 0, 0, 0, 0, 1, 0, 5, 1, 1, 1, 1, 0 ] 10 0 122 5
ee 594 [ 0, 1, 1, 5, 0, 0, 0, 0, 1, 0, 10, 1, 1, 1, 1, 0 ] 0 14 0 238
3a40 534 [ 0, 1, 1, 5, 0, 0, 0, 0, 1, 0, 10, 1, 1, 1, 1, 0 ] 10 4 58 64
1220 536 [ 0, 1, 1, 5, 0, 0, 0, 0, 1, 0, 10, 1, 1, 1, 1, 0 ] 2 2 18 32
7d01 544 [ 0, 1, 1, 5, 0, 0, 0, 0, 1, 0, 10, 1, 1, 1, 1, 0 ] 13 0 125 1
3d3f 546 [ 0, 1, 1, 5, 0, 0, 0, 0, 1, 0, 10, 1, 1, 2, 1, 0 ] 13 3 61 63
120a 548 [ 0, 1, 1, 5, 0, 0, 0, 0, 1, 0, 10, 1, 1, 2, 1, 0 ] 2 0 18 10
8cd0 522 [ 0, 1, 1, 5, 0, 0, 0, 0, 1, 0, 10, 1, 1, 2, 1, 0 ] 12 13 140 208
8ce2 524 [ 0, 1, 1, 5, 0, 0, 0, 0, 1, 0, 10, 1, 2, 2, 1, 0 ] 12 14 140 226
4c00 526 [ 0, 1, 1, 5, 0, 0, 0, 0, 1, 0, 10, 1, 0, 2, 1, 0 ] 12 0 76 0
1220 528 [ 0, 1, 1, 5, 0, 0, 0, 0, 1, 0, 10, 1, 0, 2, 1, 0 ] 2 2 18 32
7d01 544 [ 0, 1, 1, 5, 0, 0, 0, 0, 1, 0, 10, 1, 0, 2, 1, 0 ] 13 0 125 1
3d3f 546 [ 0, 1, 1, 5, 0, 0, 0, 0, 1, 0, 10, 1, 0, 3, 1, 0 ] 13 3 61 63
120a 548 [ 0, 1, 1, 5, 0, 0, 0, 0, 1, 0, 10, 1, 0, 3, 1, 0 ] 2 0 18 10
8cd0 522 [ 0, 1, 1, 5, 0, 0, 0, 0, 1, 0, 10, 1, 0, 3, 1, 0 ] 12 13 140 208
8ce2 524 [ 0, 1, 1, 5, 0, 0, 0, 0, 1, 0, 10, 1, 3, 3, 1, 0 ] 12 14 140 226
4c00 526 [ 0, 1, 1, 5, 0, 0, 0, 0, 1, 0, 10, 1, 1, 3, 1, 0 ] 12 0 76 0
88d0 530 [ 0, 1, 1, 5, 0, 0, 0, 0, 1, 0, 10, 1, 1, 3, 1, 0 ] 8 13 136 208
223e 532 [ 0, 1, 1, 5, 0, 0, 0, 0, 3, 0, 10, 1, 1, 3, 1, 0 ] 2 3 34 62
a294 574 [ 0, 1, 1, 5, 0, 0, 0, 0, 3, 0, 10, 1, 1, 3, 1, 0 ] 2 9 162 148
f833 576 [ 0, 1, 1, 5, 0, 0, 0, 0, 3, 0, 10, 1, 1, 3, 1, 0 ] 8 3 248 51
f265 578 [ 0, 1, 1, 5, 0, 0, 0, 0, 3, 0, 10, 1, 1, 3, 1, 0 ] 2 6 242 101
2254 580 [ 0, 0, 3, 5, 0, 0, 0, 0, 3, 0, 10, 1, 1, 3, 1, 0 ] 2 5 34 84
8310 596 [ 0, 0, 3, 5, 0, 0, 0, 0, 3, 0, 10, 1, 1, 3, 1, 0 ] 3 1 131 16
8334 598 [ 0, 0, 3, 0, 0, 0, 0, 0, 3, 0, 10, 1, 1, 3, 1, 0 ] 3 3 131 52
8334 600 [ 0, 0, 3, 0, 0, 0, 0, 0, 3, 0, 10, 1, 1, 3, 1, 0 ] 3 3 131 52
8314 602 [ 0, 0, 3, 0, 0, 0, 0, 0, 3, 0, 10, 1, 1, 3, 1, 0 ] 3 1 131 20
a262 604 [ 0, 0, 3, 0, 0, 0, 0, 0, 3, 0, 10, 1, 1, 3, 1, 0 ] 2 6 162 98
f31e 606 [ 0, 0, 3, 0, 0, 0, 0, 0, 3, 0, 10, 1, 1, 3, 1, 0 ] 3 1 243 30
ee 608 [ 0, 0, 3, 0, 0, 0, 0, 0, 3, 0, 10, 1, 1, 3, 1, 0 ] 0 14 0 238
dab5 582 [ 0, 0, 3, 0, 0, 0, 0, 0, 3, 0, 10, 1, 1, 3, 1, 0 ] 10 11 218 181
7a04 584 [ 0, 0, 3, 0, 0, 0, 0, 0, 3, 0, 10, 1, 1, 3, 1, 0 ] 10 0 122 4
8120 586 [ 0, 0, 3, 0, 0, 0, 0, 0, 3, 0, 14, 1, 1, 3, 1, 0 ] 1 2 129 32
2254 588 [ 0, 3, 3, 0, 0, 0, 0, 0, 3, 0, 14, 1, 1, 3, 1, 0 ] 2 5 34 84
8310 596 [ 0, 3, 3, 0, 0, 0, 0, 0, 3, 0, 14, 1, 1, 3, 1, 0 ] 3 1 131 16
8334 598 [ 0, 3, 3, 3, 0, 0, 0, 0, 3, 0, 14, 1, 1, 3, 1, 0 ] 3 3 131 52
8334 600 [ 0, 3, 3, 6, 0, 0, 0, 0, 3, 0, 14, 1, 1, 3, 1, 0 ] 3 3 131 52
8314 602 [ 0, 3, 3, 12, 0, 0, 0, 0, 3, 0, 14, 1, 1, 3, 1, 0 ] 3 1 131 20
a262 604 [ 0, 3, 3, 15, 0, 0, 0, 0, 3, 0, 14, 1, 1, 3, 1, 0 ] 2 6 162 98
f31e 606 [ 0, 3, 3, 15, 0, 0, 0, 0, 3, 0, 14, 1, 1, 3, 1, 0 ] 3 1 243 30
ee 608 [ 0, 3, 3, 15, 0, 0, 0, 0, 3, 0, 14, 1, 1, 3, 1, 0 ] 0 14 0 238
dab5 590 [ 0, 3, 3, 15, 0, 0, 0, 0, 3, 0, 14, 1, 1, 3, 1, 0 ] 10 11 218 181
7a05 592 [ 0, 3, 3, 15, 0, 0, 0, 0, 3, 0, 14, 1, 1, 3, 1, 0 ] 10 0 122 5
ee 594 [ 0, 3, 3, 15, 0, 0, 0, 0, 3, 0, 19, 1, 1, 3, 1, 0 ] 0 14 0 238
3a40 534 [ 0, 3, 3, 15, 0, 0, 0, 0, 3, 0, 19, 1, 1, 3, 1, 0 ] 10 4 58 64
1220 536 [ 0, 3, 3, 15, 0, 0, 0, 0, 3, 0, 19, 1, 1, 3, 1, 0 ] 2 2 18 32
7d01 544 [ 0, 3, 3, 15, 0, 0, 0, 0, 3, 0, 19, 1, 1, 3, 1, 0 ] 13 0 125 1
3d3f 546 [ 0, 3, 3, 15, 0, 0, 0, 0, 3, 0, 19, 1, 1, 4, 1, 0 ] 13 3 61 63
120a 548 [ 0, 3, 3, 15, 0, 0, 0, 0, 3, 0, 19, 1, 1, 4, 1, 0 ] 2 0 18 10
8cd0 522 [ 0, 3, 3, 15, 0, 0, 0, 0, 3, 0, 19, 1, 1, 4, 1, 0 ] 12 13 140 208
8ce2 524 [ 0, 3, 3, 15, 0, 0, 0, 0, 3, 0, 19, 1, 4, 4, 1, 0 ] 12 14 140 226
4c00 526 [ 0, 3, 3, 15, 0, 0, 0, 0, 3, 0, 19, 1, 0, 4, 1, 0 ] 12 0 76 0
1220 528 [ 0, 3, 3, 15, 0, 0, 0, 0, 3, 0, 19, 1, 0, 4, 1, 0 ] 2 2 18 32
7d01 544 [ 0, 3, 3, 15, 0, 0, 0, 0, 3, 0, 19, 1, 0, 4, 1, 0 ] 13 0 125 1
3d3f 546 [ 0, 3, 3, 15, 0, 0, 0, 0, 3, 0, 19, 1, 0, 5, 1, 0 ] 13 3 61 63
120a 548 [ 0, 3, 3, 15, 0, 0, 0, 0, 3, 0, 19, 1, 0, 5, 1, 0 ] 2 0 18 10
8cd0 522 [ 0, 3, 3, 15, 0, 0, 0, 0, 3, 0, 19, 1, 0, 5, 1, 0 ] 12 13 140 208
8ce2 524 [ 0, 3, 3, 15, 0, 0, 0, 0, 3, 0, 19, 1, 5, 5, 1, 0 ] 12 14 140 226
4c00 526 [ 0, 3, 3, 15, 0, 0, 0, 0, 3, 0, 19, 1, 1, 5, 1, 0 ] 12 0 76 0
88d0 530 [ 0, 3, 3, 15, 0, 0, 0, 0, 3, 0, 19, 1, 1, 5, 1, 0 ] 8 13 136 208
223e 532 [ 0, 3, 3, 15, 0, 0, 0, 0, 5, 0, 19, 1, 1, 5, 1, 0 ] 2 3 34 62
a294 574 [ 0, 3, 3, 15, 0, 0, 0, 0, 5, 0, 19, 1, 1, 5, 1, 0 ] 2 9 162 148
f833 576 [ 0, 3, 3, 15, 0, 0, 0, 0, 5, 0, 19, 1, 1, 5, 1, 0 ] 8 3 248 51
f265 578 [ 0, 3, 3, 15, 0, 0, 0, 0, 5, 0, 19, 1, 1, 5, 1, 0 ] 2 6 242 101
2254 580 [ 0, 0, 5, 15, 0, 0, 0, 0, 5, 0, 19, 1, 1, 5, 1, 0 ] 2 5 34 84
8310 596 [ 0, 0, 5, 15, 0, 0, 0, 0, 5, 0, 19, 1, 1, 5, 1, 0 ] 3 1 131 16
8334 598 [ 0, 0, 5, 0, 0, 0, 0, 0, 5, 0, 19, 1, 1, 5, 1, 0 ] 3 3 131 52
8334 600 [ 0, 0, 5, 0, 0, 0, 0, 0, 5, 0, 19, 1, 1, 5, 1, 0 ] 3 3 131 52
8314 602 [ 0, 0, 5, 0, 0, 0, 0, 0, 5, 0, 19, 1, 1, 5, 1, 0 ] 3 1 131 20
a262 604 [ 0, 0, 5, 0, 0, 0, 0, 0, 5, 0, 19, 1, 1, 5, 1, 0 ] 2 6 162 98
f31e 606 [ 0, 0, 5, 0, 0, 0, 0, 0, 5, 0, 19, 1, 1, 5, 1, 0 ] 3 1 243 30
ee 608 [ 0, 0, 5, 0, 0, 0, 0, 0, 5, 0, 19, 1, 1, 5, 1, 0 ] 0 14 0 238
dab5 582 [ 0, 0, 5, 0, 0, 0, 0, 0, 5, 0, 19, 1, 1, 5, 1, 0 ] 10 11 218 181
7a04 584 [ 0, 0, 5, 0, 0, 0, 0, 0, 5, 0, 19, 1, 1, 5, 1, 0 ] 10 0 122 4
8120 586 [ 0, 0, 5, 0, 0, 0, 0, 0, 5, 0, 23, 1, 1, 5, 1, 0 ] 1 2 129 32
2254 588 [ 0, 5, 5, 0, 0, 0, 0, 0, 5, 0, 23, 1, 1, 5, 1, 0 ] 2 5 34 84
8310 596 [ 0, 5, 5, 0, 0, 0, 0, 0, 5, 0, 23, 1, 1, 5, 1, 0 ] 3 1 131 16
8334 598 [ 0, 5, 5, 5, 0, 0, 0, 0, 5, 0, 23, 1, 1, 5, 1, 0 ] 3 3 131 52
8334 600 [ 0, 5, 5, 10, 0, 0, 0, 0, 5, 0, 23, 1, 1, 5, 1, 0 ] 3 3 131 52
8314 602 [ 0, 5, 5, 20, 0, 0, 0, 0, 5, 0, 23, 1, 1, 5, 1, 0 ] 3 1 131 20
a262 604 [ 0, 5, 5, 25, 0, 0, 0, 0, 5, 0, 23, 1, 1, 5, 1, 0 ] 2 6 162 98
f31e 606 [ 0, 5, 5, 25, 0, 0, 0, 0, 5, 0, 23, 1, 1, 5, 1, 0 ] 3 1 243 30
ee 608 [ 0, 5, 5, 25, 0, 0, 0, 0, 5, 0, 23, 1, 1, 5, 1, 0 ] 0 14 0 238
dab5 590 [ 0, 5, 5, 25, 0, 0, 0, 0, 5, 0, 23, 1, 1, 5, 1, 0 ] 10 11 218 181
7a05 592 [ 0, 5, 5, 25, 0, 0, 0, 0, 5, 0, 23, 1, 1, 5, 1, 0 ] 10 0 122 5
ee 594 [ 0, 5, 5, 25, 0, 0, 0, 0, 5, 0, 28, 1, 1, 5, 1, 0 ] 0 14 0 238
3a40 534 [ 0, 5, 5, 25, 0, 0, 0, 0, 5, 0, 28, 1, 1, 5, 1, 0 ] 10 4 58 64
1220 536 [ 0, 5, 5, 25, 0, 0, 0, 0, 5, 0, 28, 1, 1, 5, 1, 0 ] 2 2 18 32
7d01 544 [ 0, 5, 5, 25, 0, 0, 0, 0, 5, 0, 28, 1, 1, 5, 1, 0 ] 13 0 125 1
3d3f 546 [ 0, 5, 5, 25, 0, 0, 0, 0, 5, 0, 28, 1, 1, 6, 1, 0 ] 13 3 61 63
120a 548 [ 0, 5, 5, 25, 0, 0, 0, 0, 5, 0, 28, 1, 1, 6, 1, 0 ] 2 0 18 10
8cd0 522 [ 0, 5, 5, 25, 0, 0, 0, 0, 5, 0, 28, 1, 1, 6, 1, 0 ] 12 13 140 208
8ce2 524 [ 0, 5, 5, 25, 0, 0, 0, 0, 5, 0, 28, 1, 6, 6, 1, 0 ] 12 14 140 226
4c00 526 [ 0, 5, 5, 25, 0, 0, 0, 0, 5, 0, 28, 1, 0, 6, 1, 0 ] 12 0 76 0
1220 528 [ 0, 5, 5, 25, 0, 0, 0, 0, 5, 0, 28, 1, 0, 6, 1, 0 ] 2 2 18 32
7d01 544 [ 0, 5, 5, 25, 0, 0, 0, 0, 5, 0, 28, 1, 0, 6, 1, 0 ] 13 0 125 1
3d3f 546 [ 0, 5, 5, 25, 0, 0, 0, 0, 5, 0, 28, 1, 0, 7, 1, 0 ] 13 3 61 63
120a 548 [ 0, 5, 5, 25, 0, 0, 0, 0, 5, 0, 28, 1, 0, 7, 1, 0 ] 2 0 18 10
8cd0 522 [ 0, 5, 5, 25, 0, 0, 0, 0, 5, 0, 28, 1, 0, 7, 1, 0 ] 12 13 140 208
8ce2 524 [ 0, 5, 5, 25, 0, 0, 0, 0, 5, 0, 28, 1, 7, 7, 1, 0 ] 12 14 140 226
4c00 526 [ 0, 5, 5, 25, 0, 0, 0, 0, 5, 0, 28, 1, 1, 7, 1, 0 ] 12 0 76 0
88d0 530 [ 0, 5, 5, 25, 0, 0, 0, 0, 5, 0, 28, 1, 1, 7, 1, 0 ] 8 13 136 208
223e 532 [ 0, 5, 5, 25, 0, 0, 0, 0, 7, 0, 28, 1, 1, 7, 1, 0 ] 2 3 34 62
a294 574 [ 0, 5, 5, 25, 0, 0, 0, 0, 7, 0, 28, 1, 1, 7, 1, 0 ] 2 9 162 148
f833 576 [ 0, 5, 5, 25, 0, 0, 0, 0, 7, 0, 28, 1, 1, 7, 1, 0 ] 8 3 248 51
f265 578 [ 0, 5, 5, 25, 0, 0, 0, 0, 7, 0, 28, 1, 1, 7, 1, 0 ] 2 6 242 101
2254 580 [ 0, 0, 7, 25, 0, 0, 0, 0, 7, 0, 28, 1, 1, 7, 1, 0 ] 2 5 34 84
8310 596 [ 0, 0, 7, 25, 0, 0, 0, 0, 7, 0, 28, 1, 1, 7, 1, 0 ] 3 1 131 16
8334 598 [ 0, 0, 7, 0, 0, 0, 0, 0, 7, 0, 28, 1, 1, 7, 1, 0 ] 3 3 131 52
8334 600 [ 0, 0, 7, 0, 0, 0, 0, 0, 7, 0, 28, 1, 1, 7, 1, 0 ] 3 3 131 52
8314 602 [ 0, 0, 7, 0, 0, 0, 0, 0, 7, 0, 28, 1, 1, 7, 1, 0 ] 3 1 131 20
a262 604 [ 0, 0, 7, 0, 0, 0, 0, 0, 7, 0, 28, 1, 1, 7, 1, 0 ] 2 6 162 98
f31e 606 [ 0, 0, 7, 0, 0, 0, 0, 0, 7, 0, 28, 1, 1, 7, 1, 0 ] 3 1 243 30
ee 608 [ 0, 0, 7, 0, 0, 0, 0, 0, 7, 0, 28, 1, 1, 7, 1, 0 ] 0 14 0 238
dab5 582 [ 0, 0, 7, 0, 0, 0, 0, 0, 7, 0, 28, 1, 1, 7, 1, 0 ] 10 11 218 181
7a04 584 [ 0, 0, 7, 0, 0, 0, 0, 0, 7, 0, 28, 1, 1, 7, 1, 0 ] 10 0 122 4
8120 586 [ 0, 0, 7, 0, 0, 0, 0, 0, 7, 0, 32, 1, 1, 7, 1, 0 ] 1 2 129 32
2254 588 [ 0, 7, 7, 0, 0, 0, 0, 0, 7, 0, 32, 1, 1, 7, 1, 0 ] 2 5 34 84
8310 596 [ 0, 7, 7, 0, 0, 0, 0, 0, 7, 0, 32, 1, 1, 7, 1, 0 ] 3 1 131 16
8334 598 [ 0, 7, 7, 7, 0, 0, 0, 0, 7, 0, 32, 1, 1, 7, 1, 0 ] 3 3 131 52
8334 600 [ 0, 7, 7, 14, 0, 0, 0, 0, 7, 0, 32, 1, 1, 7, 1, 0 ] 3 3 131 52
8314 602 [ 0, 7, 7, 28, 0, 0, 0, 0, 7, 0, 32, 1, 1, 7, 1, 0 ] 3 1 131 20
a262 604 [ 0, 7, 7, 35, 0, 0, 0, 0, 7, 0, 32, 1, 1, 7, 1, 0 ] 2 6 162 98
f31e 606 [ 0, 7, 7, 35, 0, 0, 0, 0, 7, 0, 32, 1, 1, 7, 1, 0 ] 3 1 243 30
ee 608 [ 0, 7, 7, 35, 0, 0, 0, 0, 7, 0, 32, 1, 1, 7, 1, 0 ] 0 14 0 238
dab5 590 [ 0, 7, 7, 35, 0, 0, 0, 0, 7, 0, 32, 1, 1, 7, 1, 0 ] 10 11 218 181
7a05 592 [ 0, 7, 7, 35, 0, 0, 0, 0, 7, 0, 32, 1, 1, 7, 1, 0 ] 10 0 122 5
ee 594 [ 0, 7, 7, 35, 0, 0, 0, 0, 7, 0, 37, 1, 1, 7, 1, 0 ] 0 14 0 238
3a40 534 [ 0, 7, 7, 35, 0, 0, 0, 0, 7, 0, 37, 1, 1, 7, 1, 0 ] 10 4 58 64
1220 536 [ 0, 7, 7, 35, 0, 0, 0, 0, 7, 0, 37, 1, 1, 7, 1, 0 ] 2 2 18 32
7d01 544 [ 0, 7, 7, 35, 0, 0, 0, 0, 7, 0, 37, 1, 1, 7, 1, 0 ] 13 0 125 1
3d3f 546 [ 0, 7, 7, 35, 0, 0, 0, 0, 7, 0, 37, 1, 1, 8, 1, 0 ] 13 3 61 63
120a 548 [ 0, 7, 7, 35, 0, 0, 0, 0, 7, 0, 37, 1, 1, 8, 1, 0 ] 2 0 18 10
8cd0 522 [ 0, 7, 7, 35, 0, 0, 0, 0, 7, 0, 37, 1, 1, 8, 1, 0 ] 12 13 140 208
8ce2 524 [ 0, 7, 7, 35, 0, 0, 0, 0, 7, 0, 37, 1, 8, 8, 1, 0 ] 12 14 140 226
4c00 526 [ 0, 7, 7, 35, 0, 0, 0, 0, 7, 0, 37, 1, 0, 8, 1, 0 ] 12 0 76 0
1220 528 [ 0, 7, 7, 35, 0, 0, 0, 0, 7, 0, 37, 1, 0, 8, 1, 0 ] 2 2 18 32
7d01 544 [ 0, 7, 7, 35, 0, 0, 0, 0, 7, 0, 37, 1, 0, 8, 1, 0 ] 13 0 125 1
3d3f 546 [ 0, 7, 7, 35, 0, 0, 0, 0, 7, 0, 37, 1, 0, 9, 1, 0 ] 13 3 61 63
120a 548 [ 0, 7, 7, 35, 0, 0, 0, 0, 7, 0, 37, 1, 0, 9, 1, 0 ] 2 0 18 10
8cd0 522 [ 0, 7, 7, 35, 0, 0, 0, 0, 7, 0, 37, 1, 0, 9, 1, 0 ] 12 13 140 208
8ce2 524 [ 0, 7, 7, 35, 0, 0, 0, 0, 7, 0, 37, 1, 9, 9, 1, 0 ] 12 14 140 226
4c00 526 [ 0, 7, 7, 35, 0, 0, 0, 0, 7, 0, 37, 1, 1, 9, 1, 0 ] 12 0 76 0
88d0 530 [ 0, 7, 7, 35, 0, 0, 0, 0, 7, 0, 37, 1, 1, 9, 1, 0 ] 8 13 136 208
223e 532 [ 0, 7, 7, 35, 0, 0, 0, 0, 9, 0, 37, 1, 1, 9, 1, 0 ] 2 3 34 62
a294 574 [ 0, 7, 7, 35, 0, 0, 0, 0, 9, 0, 37, 1, 1, 9, 1, 0 ] 2 9 162 148
f833 576 [ 0, 7, 7, 35, 0, 0, 0, 0, 9, 0, 37, 1, 1, 9, 1, 0 ] 8 3 248 51
f265 578 [ 0, 7, 7, 35, 0, 0, 0, 0, 9, 0, 37, 1, 1, 9, 1, 0 ] 2 6 242 101
2254 580 [ 0, 0, 9, 35, 0, 0, 0, 0, 9, 0, 37, 1, 1, 9, 1, 0 ] 2 5 34 84
8310 596 [ 0, 0, 9, 35, 0, 0, 0, 0, 9, 0, 37, 1, 1, 9, 1, 0 ] 3 1 131 16
8334 598 [ 0, 0, 9, 0, 0, 0, 0, 0, 9, 0, 37, 1, 1, 9, 1, 0 ] 3 3 131 52
8334 600 [ 0, 0, 9, 0, 0, 0, 0, 0, 9, 0, 37, 1, 1, 9, 1, 0 ] 3 3 131 52
8314 602 [ 0, 0, 9, 0, 0, 0, 0, 0, 9, 0, 37, 1, 1, 9, 1, 0 ] 3 1 131 20
a262 604 [ 0, 0, 9, 0, 0, 0, 0, 0, 9, 0, 37, 1, 1, 9, 1, 0 ] 2 6 162 98
f31e 606 [ 0, 0, 9, 0, 0, 0, 0, 0, 9, 0, 37, 1, 1, 9, 1, 0 ] 3 1 243 30
ee 608 [ 0, 0, 9, 0, 0, 0, 0, 0, 9, 0, 37, 1, 1, 9, 1, 0 ] 0 14 0 238
dab5 582 [ 0, 0, 9, 0, 0, 0, 0, 0, 9, 0, 37, 1, 1, 9, 1, 0 ] 10 11 218 181
7a04 584 [ 0, 0, 9, 0, 0, 0, 0, 0, 9, 0, 37, 1, 1, 9, 1, 0 ] 10 0 122 4
8120 586 [ 0, 0, 9, 0, 0, 0, 0, 0, 9, 0, 41, 1, 1, 9, 1, 0 ] 1 2 129 32
2254 588 [ 0, 9, 9, 0, 0, 0, 0, 0, 9, 0, 41, 1, 1, 9, 1, 0 ] 2 5 34 84
8310 596 [ 0, 9, 9, 0, 0, 0, 0, 0, 9, 0, 41, 1, 1, 9, 1, 0 ] 3 1 131 16
8334 598 [ 0, 9, 9, 9, 0, 0, 0, 0, 9, 0, 41, 1, 1, 9, 1, 0 ] 3 3 131 52
8334 600 [ 0, 9, 9, 18, 0, 0, 0, 0, 9, 0, 41, 1, 1, 9, 1, 0 ] 3 3 131 52
8314 602 [ 0, 9, 9, 36, 0, 0, 0, 0, 9, 0, 41, 1, 1, 9, 1, 0 ] 3 1 131 20
a262 604 [ 0, 9, 9, 45, 0, 0, 0, 0, 9, 0, 41, 1, 1, 9, 1, 0 ] 2 6 162 98
f31e 606 [ 0, 9, 9, 45, 0, 0, 0, 0, 9, 0, 41, 1, 1, 9, 1, 0 ] 3 1 243 30
ee 608 [ 0, 9, 9, 45, 0, 0, 0, 0, 9, 0, 41, 1, 1, 9, 1, 0 ] 0 14 0 238
dab5 590 [ 0, 9, 9, 45, 0, 0, 0, 0, 9, 0, 41, 1, 1, 9, 1, 0 ] 10 11 218 181
7a05 592 [ 0, 9, 9, 45, 0, 0, 0, 0, 9, 0, 41, 1, 1, 9, 1, 0 ] 10 0 122 5
ee 594 [ 0, 9, 9, 45, 0, 0, 0, 0, 9, 0, 46, 1, 1, 9, 1, 0 ] 0 14 0 238
3a40 534 [ 0, 9, 9, 45, 0, 0, 0, 0, 9, 0, 46, 1, 1, 9, 1, 0 ] 10 4 58 64
1220 536 [ 0, 9, 9, 45, 0, 0, 0, 0, 9, 0, 46, 1, 1, 9, 1, 0 ] 2 2 18 32
7d01 544 [ 0, 9, 9, 45, 0, 0, 0, 0, 9, 0, 46, 1, 1, 9, 1, 0 ] 13 0 125 1
3d3f 546 [ 0, 9, 9, 45, 0, 0, 0, 0, 9, 0, 46, 1, 1, 10, 1, 0 ] 13 3 61 63
120a 548 [ 0, 9, 9, 45, 0, 0, 0, 0, 9, 0, 46, 1, 1, 10, 1, 0 ] 2 0 18 10
8cd0 522 [ 0, 9, 9, 45, 0, 0, 0, 0, 9, 0, 46, 1, 1, 10, 1, 0 ] 12 13 140 208
8ce2 524 [ 0, 9, 9, 45, 0, 0, 0, 0, 9, 0, 46, 1, 10, 10, 1, 0 ] 12 14 140 226
4c00 526 [ 0, 9, 9, 45, 0, 0, 0, 0, 9, 0, 46, 1, 0, 10, 1, 0 ] 12 0 76 0
1220 528 [ 0, 9, 9, 45, 0, 0, 0, 0, 9, 0, 46, 1, 0, 10, 1, 0 ] 2 2 18 32
7d01 544 [ 0, 9, 9, 45, 0, 0, 0, 0, 9, 0, 46, 1, 0, 10, 1, 0 ] 13 0 125 1
3d3f 546 [ 0, 9, 9, 45, 0, 0, 0, 0, 9, 0, 46, 1, 0, 11, 1, 0 ] 13 3 61 63
120a 548 [ 0, 9, 9, 45, 0, 0, 0, 0, 9, 0, 46, 1, 0, 11, 1, 0 ] 2 0 18 10
8cd0 522 [ 0, 9, 9, 45, 0, 0, 0, 0, 9, 0, 46, 1, 0, 11, 1, 0 ] 12 13 140 208
8ce2 524 [ 0, 9, 9, 45, 0, 0, 0, 0, 9, 0, 46, 1, 11, 11, 1, 0 ] 12 14 140 226
4c00 526 [ 0, 9, 9, 45, 0, 0, 0, 0, 9, 0, 46, 1, 1, 11, 1, 0 ] 12 0 76 0
88d0 530 [ 0, 9, 9, 45, 0, 0, 0, 0, 9, 0, 46, 1, 1, 11, 1, 0 ] 8 13 136 208
223e 532 [ 0, 9, 9, 45, 0, 0, 0, 0, 11, 0, 46, 1, 1, 11, 1, 0 ] 2 3 34 62
a294 574 [ 0, 9, 9, 45, 0, 0, 0, 0, 11, 0, 46, 1, 1, 11, 1, 0 ] 2 9 162 148
f833 576 [ 0, 9, 9, 45, 0, 0, 0, 0, 11, 0, 46, 1, 1, 11, 1, 0 ] 8 3 248 51
f265 578 [ 0, 9, 9, 45, 0, 0, 0, 0, 11, 0, 46, 1, 1, 11, 1, 0 ] 2 6 242 101
2254 580 [ 0, 1, 1, 45, 0, 0, 0, 0, 11, 0, 46, 1, 1, 11, 1, 0 ] 2 5 34 84
8310 596 [ 0, 1, 1, 45, 0, 0, 0, 0, 11, 0, 46, 1, 1, 11, 1, 0 ] 3 1 131 16
8334 598 [ 0, 1, 1, 1, 0, 0, 0, 0, 11, 0, 46, 1, 1, 11, 1, 0 ] 3 3 131 52
8334 600 [ 0, 1, 1, 2, 0, 0, 0, 0, 11, 0, 46, 1, 1, 11, 1, 0 ] 3 3 131 52
8314 602 [ 0, 1, 1, 4, 0, 0, 0, 0, 11, 0, 46, 1, 1, 11, 1, 0 ] 3 1 131 20
a262 604 [ 0, 1, 1, 5, 0, 0, 0, 0, 11, 0, 46, 1, 1, 11, 1, 0 ] 2 6 162 98
f31e 606 [ 0, 1, 1, 5, 0, 0, 0, 0, 11, 0, 46, 1, 1, 11, 1, 0 ] 3 1 243 30
ee 608 [ 0, 1, 1, 5, 0, 0, 0, 0, 11, 0, 46, 1, 1, 11, 1, 0 ] 0 14 0 238
dab5 582 [ 0, 1, 1, 5, 0, 0, 0, 0, 11, 0, 46, 1, 1, 11, 1, 0 ] 10 11 218 181
7a04 584 [ 0, 1, 1, 5, 0, 0, 0, 0, 11, 0, 46, 1, 1, 11, 1, 0 ] 10 0 122 4
8120 586 [ 0, 1, 1, 5, 0, 0, 0, 0, 11, 0, 50, 1, 1, 11, 1, 0 ] 1 2 129 32
2254 588 [ 0, 1, 1, 5, 0, 0, 0, 0, 11, 0, 50, 1, 1, 11, 1, 0 ] 2 5 34 84
8310 596 [ 0, 1, 1, 5, 0, 0, 0, 0, 11, 0, 50, 1, 1, 11, 1, 0 ] 3 1 131 16
8334 598 [ 0, 1, 1, 1, 0, 0, 0, 0, 11, 0, 50, 1, 1, 11, 1, 0 ] 3 3 131 52
8334 600 [ 0, 1, 1, 2, 0, 0, 0, 0, 11, 0, 50, 1, 1, 11, 1, 0 ] 3 3 131 52
8314 602 [ 0, 1, 1, 4, 0, 0, 0, 0, 11, 0, 50, 1, 1, 11, 1, 0 ] 3 1 131 20
a262 604 [ 0, 1, 1, 5, 0, 0, 0, 0, 11, 0, 50, 1, 1, 11, 1, 0 ] 2 6 162 98
f31e 606 [ 0, 1, 1, 5, 0, 0, 0, 0, 11, 0, 50, 1, 1, 11, 1, 0 ] 3 1 243 30
ee 608 [ 0, 1, 1, 5, 0, 0, 0, 0, 11, 0, 50, 1, 1, 11, 1, 0 ] 0 14 0 238
dab5 590 [ 0, 1, 1, 5, 0, 0, 0, 0, 11, 0, 50, 1, 1, 11, 1, 0 ] 10 11 218 181
7a05 592 [ 0, 1, 1, 5, 0, 0, 0, 0, 11, 0, 50, 1, 1, 11, 1, 0 ] 10 0 122 5
ee 594 [ 0, 1, 1, 5, 0, 0, 0, 0, 11, 0, 55, 1, 1, 11, 1, 0 ] 0 14 0 238
3a40 534 [ 0, 1, 1, 5, 0, 0, 0, 0, 11, 0, 55, 1, 1, 11, 1, 0 ] 10 4 58 64
1220 536 [ 0, 1, 1, 5, 0, 0, 0, 0, 11, 0, 55, 1, 1, 11, 1, 0 ] 2 2 18 32
7d01 544 [ 0, 1, 1, 5, 0, 0, 0, 0, 11, 0, 55, 1, 1, 11, 1, 0 ] 13 0 125 1
3d3f 546 [ 0, 1, 1, 5, 0, 0, 0, 0, 11, 0, 55, 1, 1, 12, 1, 0 ] 13 3 61 63
120a 548 [ 0, 1, 1, 5, 0, 0, 0, 0, 11, 0, 55, 1, 1, 12, 1, 0 ] 2 0 18 10
8cd0 522 [ 0, 1, 1, 5, 0, 0, 0, 0, 11, 0, 55, 1, 1, 12, 1, 0 ] 12 13 140 208
8ce2 524 [ 0, 1, 1, 5, 0, 0, 0, 0, 11, 0, 55, 1, 12, 12, 1, 0 ] 12 14 140 226
4c00 526 [ 0, 1, 1, 5, 0, 0, 0, 0, 11, 0, 55, 1, 0, 12, 1, 0 ] 12 0 76 0
1220 528 [ 0, 1, 1, 5, 0, 0, 0, 0, 11, 0, 55, 1, 0, 12, 1, 0 ] 2 2 18 32
7d01 544 [ 0, 1, 1, 5, 0, 0, 0, 0, 11, 0, 55, 1, 0, 12, 1, 0 ] 13 0 125 1
3d3f 546 [ 0, 1, 1, 5, 0, 0, 0, 0, 11, 0, 55, 1, 0, 13, 1, 0 ] 13 3 61 63
120a 548 [ 0, 1, 1, 5, 0, 0, 0, 0, 11, 0, 55, 1, 0, 13, 1, 0 ] 2 0 18 10
8cd0 522 [ 0, 1, 1, 5, 0, 0, 0, 0, 11, 0, 55, 1, 0, 13, 1, 0 ] 12 13 140 208
8ce2 524 [ 0, 1, 1, 5, 0, 0, 0, 0, 11, 0, 55, 1, 13, 13, 1, 0 ] 12 14 140 226
4c00 526 [ 0, 1, 1, 5, 0, 0, 0, 0, 11, 0, 55, 1, 1, 13, 1, 0 ] 12 0 76 0
88d0 530 [ 0, 1, 1, 5, 0, 0, 0, 0, 11, 0, 55, 1, 1, 13, 1, 0 ] 8 13 136 208
223e 532 [ 0, 1, 1, 5, 0, 0, 0, 0, 13, 0, 55, 1, 1, 13, 1, 0 ] 2 3 34 62
a294 574 [ 0, 1, 1, 5, 0, 0, 0, 0, 13, 0, 55, 1, 1, 13, 1, 0 ] 2 9 162 148
f833 576 [ 0, 1, 1, 5, 0, 0, 0, 0, 13, 0, 55, 1, 1, 13, 1, 0 ] 8 3 248 51
f265 578 [ 0, 1, 1, 5, 0, 0, 0, 0, 13, 0, 55, 1, 1, 13, 1, 0 ] 2 6 242 101
2254 580 [ 0, 1, 3, 5, 0, 0, 0, 0, 13, 0, 55, 1, 1, 13, 1, 0 ] 2 5 34 84
8310 596 [ 0, 1, 3, 5, 0, 0, 0, 0, 13, 0, 55, 1, 1, 13, 1, 0 ] 3 1 131 16
8334 598 [ 0, 1, 3, 1, 0, 0, 0, 0, 13, 0, 55, 1, 1, 13, 1, 0 ] 3 3 131 52
8334 600 [ 0, 1, 3, 2, 0, 0, 0, 0, 13, 0, 55, 1, 1, 13, 1, 0 ] 3 3 131 52
8314 602 [ 0, 1, 3, 4, 0, 0, 0, 0, 13, 0, 55, 1, 1, 13, 1, 0 ] 3 1 131 20
a262 604 [ 0, 1, 3, 5, 0, 0, 0, 0, 13, 0, 55, 1, 1, 13, 1, 0 ] 2 6 162 98
f31e 606 [ 0, 1, 3, 5, 0, 0, 0, 0, 13, 0, 55, 1, 1, 13, 1, 0 ] 3 1 243 30
ee 608 [ 0, 1, 3, 5, 0, 0, 0, 0, 13, 0, 55, 1, 1, 13, 1, 0 ] 0 14 0 238
dab5 582 [ 0, 1, 3, 5, 0, 0, 0, 0, 13, 0, 55, 1, 1, 13, 1, 0 ] 10 11 218 181
7a04 584 [ 0, 1, 3, 5, 0, 0, 0, 0, 13, 0, 55, 1, 1, 13, 1, 0 ] 10 0 122 4
8120 586 [ 0, 1, 3, 5, 0, 0, 0, 0, 13, 0, 59, 1, 1, 13, 1, 0 ] 1 2 129 32
2254 588 [ 0, 3, 3, 5, 0, 0, 0, 0, 13, 0, 59, 1, 1, 13, 1, 0 ] 2 5 34 84
8310 596 [ 0, 3, 3, 5, 0, 0, 0, 0, 13, 0, 59, 1, 1, 13, 1, 0 ] 3 1 131 16
8334 598 [ 0, 3, 3, 3, 0, 0, 0, 0, 13, 0, 59, 1, 1, 13, 1, 0 ] 3 3 131 52
8334 600 [ 0, 3, 3, 6, 0, 0, 0, 0, 13, 0, 59, 1, 1, 13, 1, 0 ] 3 3 131 52
8314 602 [ 0, 3, 3, 12, 0, 0, 0, 0, 13, 0, 59, 1, 1, 13, 1, 0 ] 3 1 131 20
a262 604 [ 0, 3, 3, 15, 0, 0, 0, 0, 13, 0, 59, 1, 1, 13, 1, 0 ] 2 6 162 98
f31e 606 [ 0, 3, 3, 15, 0, 0, 0, 0, 13, 0, 59, 1, 1, 13, 1, 0 ] 3 1 243 30
ee 608 [ 0, 3, 3, 15, 0, 0, 0, 0, 13, 0, 59, 1, 1, 13, 1, 0 ] 0 14 0 238
dab5 590 [ 0, 3, 3, 15, 0, 0, 0, 0, 13, 0, 59, 1, 1, 13, 1, 0 ] 10 11 218 181
7a05 592 [ 0, 3, 3, 15, 0, 0, 0, 0, 13, 0, 59, 1, 1, 13, 1, 0 ] 10 0 122 5
ee 594 [ 0, 3, 3, 15, 0, 0, 0, 0, 13, 0, 64, 1, 1, 13, 1, 0 ] 0 14 0 238
3a40 534 [ 0, 3, 3, 15, 0, 0, 0, 0, 13, 0, 64, 1, 1, 13, 1, 0 ] 10 4 58 64
6a01 538 [ 0, 3, 3, 15, 0, 0, 0, 0, 13, 0, 64, 1, 1, 13, 1, 0 ] 10 0 106 1
7b06 540 [ 0, 3, 3, 15, 0, 0, 0, 0, 13, 0, 1, 1, 1, 13, 1, 0 ] 11 0 123 6
3c3f 542 [ 0, 3, 3, 15, 0, 0, 0, 0, 13, 0, 1, 7, 1, 13, 1, 0 ] 12 3 60 63
7d01 544 [ 0, 3, 3, 15, 0, 0, 0, 0, 13, 0, 1, 7, 1, 13, 1, 0 ] 13 0 125 1
3d3f 546 [ 0, 3, 3, 15, 0, 0, 0, 0, 13, 0, 1, 7, 1, 14, 1, 0 ] 13 3 61 63
120a 548 [ 0, 3, 3, 15, 0, 0, 0, 0, 13, 0, 1, 7, 1, 14, 1, 0 ] 2 0 18 10
8cd0 522 [ 0, 3, 3, 15, 0, 0, 0, 0, 13, 0, 1, 7, 1, 14, 1, 0 ] 12 13 140 208
8ce2 524 [ 0, 3, 3, 15, 0, 0, 0, 0, 13, 0, 1, 7, 14, 14, 1, 0 ] 12 14 140 226
4c00 526 [ 0, 3, 3, 15, 0, 0, 0, 0, 13, 0, 1, 7, 0, 14, 1, 0 ] 12 0 76 0
1220 528 [ 0, 3, 3, 15, 0, 0, 0, 0, 13, 0, 1, 7, 0, 14, 1, 0 ] 2 2 18 32
7d01 544 [ 0, 3, 3, 15, 0, 0, 0, 0, 13, 0, 1, 7, 0, 14, 1, 0 ] 13 0 125 1
3d3f 546 [ 0, 3, 3, 15, 0, 0, 0, 0, 13, 0, 1, 7, 0, 15, 1, 0 ] 13 3 61 63
120a 548 [ 0, 3, 3, 15, 0, 0, 0, 0, 13, 0, 1, 7, 0, 15, 1, 0 ] 2 0 18 10
8cd0 522 [ 0, 3, 3, 15, 0, 0, 0, 0, 13, 0, 1, 7, 0, 15, 1, 0 ] 12 13 140 208
8ce2 524 [ 0, 3, 3, 15, 0, 0, 0, 0, 13, 0, 1, 7, 15, 15, 1, 0 ] 12 14 140 226
4c00 526 [ 0, 3, 3, 15, 0, 0, 0, 0, 13, 0, 1, 7, 1, 15, 1, 0 ] 12 0 76 0
88d0 530 [ 0, 3, 3, 15, 0, 0, 0, 0, 13, 0, 1, 7, 1, 15, 1, 0 ] 8 13 136 208
223e 532 [ 0, 3, 3, 15, 0, 0, 0, 0, 15, 0, 1, 7, 1, 15, 1, 0 ] 2 3 34 62
a294 574 [ 0, 3, 3, 15, 0, 0, 0, 0, 15, 0, 1, 7, 1, 15, 1, 0 ] 2 9 162 148
f833 576 [ 0, 3, 3, 15, 0, 0, 0, 0, 15, 0, 1, 7, 1, 15, 1, 0 ] 8 3 248 51
f265 578 [ 0, 3, 3, 15, 0, 0, 0, 0, 15, 0, 1, 7, 1, 15, 1, 0 ] 2 6 242 101
2254 580 [ 0, 1, 5, 15, 0, 0, 0, 0, 15, 0, 1, 7, 1, 15, 1, 0 ] 2 5 34 84
8310 596 [ 0, 1, 5, 15, 0, 0, 0, 0, 15, 0, 1, 7, 1, 15, 1, 0 ] 3 1 131 16
8334 598 [ 0, 1, 5, 1, 0, 0, 0, 0, 15, 0, 1, 7, 1, 15, 1, 0 ] 3 3 131 52
8334 600 [ 0, 1, 5, 2, 0, 0, 0, 0, 15, 0, 1, 7, 1, 15, 1, 0 ] 3 3 131 52
8314 602 [ 0, 1, 5, 4, 0, 0, 0, 0, 15, 0, 1, 7, 1, 15, 1, 0 ] 3 1 131 20
a262 604 [ 0, 1, 5, 5, 0, 0, 0, 0, 15, 0, 1, 7, 1, 15, 1, 0 ] 2 6 162 98
f31e 606 [ 0, 1, 5, 5, 0, 0, 0, 0, 15, 0, 1, 7, 1, 15, 1, 0 ] 3 1 243 30
ee 608 [ 0, 1, 5, 5, 0, 0, 0, 0, 15, 0, 1, 7, 1, 15, 1, 0 ] 0 14 0 238
dab5 582 [ 0, 1, 5, 5, 0, 0, 0, 0, 15, 0, 1, 7, 1, 15, 1, 0 ] 10 11 218 181
7a04 584 [ 0, 1, 5, 5, 0, 0, 0, 0, 15, 0, 1, 7, 1, 15, 1, 0 ] 10 0 122 4
8120 586 [ 0, 1, 5, 5, 0, 0, 0, 0, 15, 0, 5, 7, 1, 15, 1, 0 ] 1 2 129 32
2254 588 [ 0, 5, 5, 5, 0, 0, 0, 0, 15, 0, 5, 7, 1, 15, 1, 0 ] 2 5 34 84
8310 596 [ 0, 5, 5, 5, 0, 0, 0, 0, 15, 0, 5, 7, 1, 15, 1, 0 ] 3 1 131 16
8334 598 [ 0, 5, 5, 5, 0, 0, 0, 0, 15, 0, 5, 7, 1, 15, 1, 0 ] 3 3 131 52
8334 600 [ 0, 5, 5, 10, 0, 0, 0, 0, 15, 0, 5, 7, 1, 15, 1, 0 ] 3 3 131 52
8314 602 [ 0, 5, 5, 20, 0, 0, 0, 0, 15, 0, 5, 7, 1, 15, 1, 0 ] 3 1 131 20
a262 604 [ 0, 5, 5, 25, 0, 0, 0, 0, 15, 0, 5, 7, 1, 15, 1, 0 ] 2 6 162 98
f31e 606 [ 0, 5, 5, 25, 0, 0, 0, 0, 15, 0, 5, 7, 1, 15, 1, 0 ] 3 1 243 30
ee 608 [ 0, 5, 5, 25, 0, 0, 0, 0, 15, 0, 5, 7, 1, 15, 1, 0 ] 0 14 0 238
dab5 590 [ 0, 5, 5, 25, 0, 0, 0, 0, 15, 0, 5, 7, 1, 15, 1, 0 ] 10 11 218 181
7a05 592 [ 0, 5, 5, 25, 0, 0, 0, 0, 15, 0, 5, 7, 1, 15, 1, 0 ] 10 0 122 5
ee 594 [ 0, 5, 5, 25, 0, 0, 0, 0, 15, 0, 10, 7, 1, 15, 1, 0 ] 0 14 0 238
3a40 534 [ 0, 5, 5, 25, 0, 0, 0, 0, 15, 0, 10, 7, 1, 15, 1, 0 ] 10 4 58 64
1220 536 [ 0, 5, 5, 25, 0, 0, 0, 0, 15, 0, 10, 7, 1, 15, 1, 0 ] 2 2 18 32
7d01 544 [ 0, 5, 5, 25, 0, 0, 0, 0, 15, 0, 10, 7, 1, 15, 1, 0 ] 13 0 125 1
3d3f 546 [ 0, 5, 5, 25, 0, 0, 0, 0, 15, 0, 10, 7, 1, 16, 1, 0 ] 13 3 61 63
120a 548 [ 0, 5, 5, 25, 0, 0, 0, 0, 15, 0, 10, 7, 1, 16, 1, 0 ] 2 0 18 10
8cd0 522 [ 0, 5, 5, 25, 0, 0, 0, 0, 15, 0, 10, 7, 1, 16, 1, 0 ] 12 13 140 208
8ce2 524 [ 0, 5, 5, 25, 0, 0, 0, 0, 15, 0, 10, 7, 16, 16, 1, 0 ] 12 14 140 226
4c00 526 [ 0, 5, 5, 25, 0, 0, 0, 0, 15, 0, 10, 7, 0, 16, 1, 0 ] 12 0 76 0
1220 528 [ 0, 5, 5, 25, 0, 0, 0, 0, 15, 0, 10, 7, 0, 16, 1, 0 ] 2 2 18 32
7d01 544 [ 0, 5, 5, 25, 0, 0, 0, 0, 15, 0, 10, 7, 0, 16, 1, 0 ] 13 0 125 1
3d3f 546 [ 0, 5, 5, 25, 0, 0, 0, 0, 15, 0, 10, 7, 0, 17, 1, 0 ] 13 3 61 63
120a 548 [ 0, 5, 5, 25, 0, 0, 0, 0, 15, 0, 10, 7, 0, 17, 1, 0 ] 2 0 18 10
8cd0 522 [ 0, 5, 5, 25, 0, 0, 0, 0, 15, 0, 10, 7, 0, 17, 1, 0 ] 12 13 140 208
8ce2 524 [ 0, 5, 5, 25, 0, 0, 0, 0, 15, 0, 10, 7, 17, 17, 1, 0 ] 12 14 140 226
4c00 526 [ 0, 5, 5, 25, 0, 0, 0, 0, 15, 0, 10, 7, 1, 17, 1, 0 ] 12 0 76 0
88d0 530 [ 0, 5, 5, 25, 0, 0, 0, 0, 15, 0, 10, 7, 1, 17, 1, 0 ] 8 13 136 208
223e 532 [ 0, 5, 5, 25, 0, 0, 0, 0, 17, 0, 10, 7, 1, 17, 1, 0 ] 2 3 34 62
a294 574 [ 0, 5, 5, 25, 0, 0, 0, 0, 17, 0, 10, 7, 1, 17, 1, 0 ] 2 9 162 148
f833 576 [ 0, 5, 5, 25, 0, 0, 0, 0, 17, 0, 10, 7, 1, 17, 1, 0 ] 8 3 248 51
f265 578 [ 0, 5, 5, 25, 0, 0, 0, 0, 17, 0, 10, 7, 1, 17, 1, 0 ] 2 6 242 101
2254 580 [ 0, 1, 7, 25, 0, 0, 0, 0, 17, 0, 10, 7, 1, 17, 1, 0 ] 2 5 34 84
8310 596 [ 0, 1, 7, 25, 0, 0, 0, 0, 17, 0, 10, 7, 1, 17, 1, 0 ] 3 1 131 16
8334 598 [ 0, 1, 7, 1, 0, 0, 0, 0, 17, 0, 10, 7, 1, 17, 1, 0 ] 3 3 131 52
8334 600 [ 0, 1, 7, 2, 0, 0, 0, 0, 17, 0, 10, 7, 1, 17, 1, 0 ] 3 3 131 52
8314 602 [ 0, 1, 7, 4, 0, 0, 0, 0, 17, 0, 10, 7, 1, 17, 1, 0 ] 3 1 131 20
a262 604 [ 0, 1, 7, 5, 0, 0, 0, 0, 17, 0, 10, 7, 1, 17, 1, 0 ] 2 6 162 98
f31e 606 [ 0, 1, 7, 5, 0, 0, 0, 0, 17, 0, 10, 7, 1, 17, 1, 0 ] 3 1 243 30
ee 608 [ 0, 1, 7, 5, 0, 0, 0, 0, 17, 0, 10, 7, 1, 17, 1, 0 ] 0 14 0 238
dab5 582 [ 0, 1, 7, 5, 0, 0, 0, 0, 17, 0, 10, 7, 1, 17, 1, 0 ] 10 11 218 181
7a04 584 [ 0, 1, 7, 5, 0, 0, 0, 0, 17, 0, 10, 7, 1, 17, 1, 0 ] 10 0 122 4
8120 586 [ 0, 1, 7, 5, 0, 0, 0, 0, 17, 0, 14, 7, 1, 17, 1, 0 ] 1 2 129 32
2254 588 [ 0, 7, 7, 5, 0, 0, 0, 0, 17, 0, 14, 7, 1, 17, 1, 0 ] 2 5 34 84
8310 596 [ 0, 7, 7, 5, 0, 0, 0, 0, 17, 0, 14, 7, 1, 17, 1, 0 ] 3 1 131 16
8334 598 [ 0, 7, 7, 7, 0, 0, 0, 0, 17, 0, 14, 7, 1, 17, 1, 0 ] 3 3 131 52
8334 600 [ 0, 7, 7, 14, 0, 0, 0, 0, 17, 0, 14, 7, 1, 17, 1, 0 ] 3 3 131 52
8314 602 [ 0, 7, 7, 28, 0, 0, 0, 0, 17, 0, 14, 7, 1, 17, 1, 0 ] 3 1 131 20
a262 604 [ 0, 7, 7, 35, 0, 0, 0, 0, 17, 0, 14, 7, 1, 17, 1, 0 ] 2 6 162 98
f31e 606 [ 0, 7, 7, 35, 0, 0, 0, 0, 17, 0, 14, 7, 1, 17, 1, 0 ] 3 1 243 30
ee 608 [ 0, 7, 7, 35, 0, 0, 0, 0, 17, 0, 14, 7, 1, 17, 1, 0 ] 0 14 0 238
dab5 590 [ 0, 7, 7, 35, 0, 0, 0, 0, 17, 0, 14, 7, 1, 17, 1, 0 ] 10 11 218 181
7a05 592 [ 0, 7, 7, 35, 0, 0, 0, 0, 17, 0, 14, 7, 1, 17, 1, 0 ] 10 0 122 5
ee 594 [ 0, 7, 7, 35, 0, 0, 0, 0, 17, 0, 19, 7, 1, 17, 1, 0 ] 0 14 0 238
3a40 534 [ 0, 7, 7, 35, 0, 0, 0, 0, 17, 0, 19, 7, 1, 17, 1, 0 ] 10 4 58 64
1220 536 [ 0, 7, 7, 35, 0, 0, 0, 0, 17, 0, 19, 7, 1, 17, 1, 0 ] 2 2 18 32
7d01 544 [ 0, 7, 7, 35, 0, 0, 0, 0, 17, 0, 19, 7, 1, 17, 1, 0 ] 13 0 125 1
3d3f 546 [ 0, 7, 7, 35, 0, 0, 0, 0, 17, 0, 19, 7, 1, 18, 1, 0 ] 13 3 61 63
120a 548 [ 0, 7, 7, 35, 0, 0, 0, 0, 17, 0, 19, 7, 1, 18, 1, 0 ] 2 0 18 10
8cd0 522 [ 0, 7, 7, 35, 0, 0, 0, 0, 17, 0, 19, 7, 1, 18, 1, 0 ] 12 13 140 208
8ce2 524 [ 0, 7, 7, 35, 0, 0, 0, 0, 17, 0, 19, 7, 18, 18, 1, 0 ] 12 14 140 226
4c00 526 [ 0, 7, 7, 35, 0, 0, 0, 0, 17, 0, 19, 7, 0, 18, 1, 0 ] 12 0 76 0
1220 528 [ 0, 7, 7, 35, 0, 0, 0, 0, 17, 0, 19, 7, 0, 18, 1, 0 ] 2 2 18 32
7d01 544 [ 0, 7, 7, 35, 0, 0, 0, 0, 17, 0, 19, 7, 0, 18, 1, 0 ] 13 0 125 1
3d3f 546 [ 0, 7, 7, 35, 0, 0, 0, 0, 17, 0, 19, 7, 0, 19, 1, 0 ] 13 3 61 63
120a 548 [ 0, 7, 7, 35, 0, 0, 0, 0, 17, 0, 19, 7, 0, 19, 1, 0 ] 2 0 18 10
8cd0 522 [ 0, 7, 7, 35, 0, 0, 0, 0, 17, 0, 19, 7, 0, 19, 1, 0 ] 12 13 140 208
8ce2 524 [ 0, 7, 7, 35, 0, 0, 0, 0, 17, 0, 19, 7, 19, 19, 1, 0 ] 12 14 140 226
4c00 526 [ 0, 7, 7, 35, 0, 0, 0, 0, 17, 0, 19, 7, 1, 19, 1, 0 ] 12 0 76 0
88d0 530 [ 0, 7, 7, 35, 0, 0, 0, 0, 17, 0, 19, 7, 1, 19, 1, 0 ] 8 13 136 208
223e 532 [ 0, 7, 7, 35, 0, 0, 0, 0, 19, 0, 19, 7, 1, 19, 1, 0 ] 2 3 34 62
a294 574 [ 0, 7, 7, 35, 0, 0, 0, 0, 19, 0, 19, 7, 1, 19, 1, 0 ] 2 9 162 148
f833 576 [ 0, 7, 7, 35, 0, 0, 0, 0, 19, 0, 19, 7, 1, 19, 1, 0 ] 8 3 248 51
f265 578 [ 0, 7, 7, 35, 0, 0, 0, 0, 19, 0, 19, 7, 1, 19, 1, 0 ] 2 6 242 101
2254 580 [ 0, 1, 9, 35, 0, 0, 0, 0, 19, 0, 19, 7, 1, 19, 1, 0 ] 2 5 34 84
8310 596 [ 0, 1, 9, 35, 0, 0, 0, 0, 19, 0, 19, 7, 1, 19, 1, 0 ] 3 1 131 16
8334 598 [ 0, 1, 9, 1, 0, 0, 0, 0, 19, 0, 19, 7, 1, 19, 1, 0 ] 3 3 131 52
8334 600 [ 0, 1, 9, 2, 0, 0, 0, 0, 19, 0, 19, 7, 1, 19, 1, 0 ] 3 3 131 52
8314 602 [ 0, 1, 9, 4, 0, 0, 0, 0, 19, 0, 19, 7, 1, 19, 1, 0 ] 3 1 131 20
a262 604 [ 0, 1, 9, 5, 0, 0, 0, 0, 19, 0, 19, 7, 1, 19, 1, 0 ] 2 6 162 98
f31e 606 [ 0, 1, 9, 5, 0, 0, 0, 0, 19, 0, 19, 7, 1, 19, 1, 0 ] 3 1 243 30
ee 608 [ 0, 1, 9, 5, 0, 0, 0, 0, 19, 0, 19, 7, 1, 19, 1, 0 ] 0 14 0 238
dab5 582 [ 0, 1, 9, 5, 0, 0, 0, 0, 19, 0, 19, 7, 1, 19, 1, 0 ] 10 11 218 181
7a04 584 [ 0, 1, 9, 5, 0, 0, 0, 0, 19, 0, 19, 7, 1, 19, 1, 0 ] 10 0 122 4
8120 586 [ 0, 1, 9, 5, 0, 0, 0, 0, 19, 0, 23, 7, 1, 19, 1, 0 ] 1 2 129 32
2254 588 [ 0, 9, 9, 5, 0, 0, 0, 0, 19, 0, 23, 7, 1, 19, 1, 0 ] 2 5 34 84
8310 596 [ 0, 9, 9, 5, 0, 0, 0, 0, 19, 0, 23, 7, 1, 19, 1, 0 ] 3 1 131 16
8334 598 [ 0, 9, 9, 9, 0, 0, 0, 0, 19, 0, 23, 7, 1, 19, 1, 0 ] 3 3 131 52
8334 600 [ 0, 9, 9, 18, 0, 0, 0, 0, 19, 0, 23, 7, 1, 19, 1, 0 ] 3 3 131 52
8314 602 [ 0, 9, 9, 36, 0, 0, 0, 0, 19, 0, 23, 7, 1, 19, 1, 0 ] 3 1 131 20
a262 604 [ 0, 9, 9, 45, 0, 0, 0, 0, 19, 0, 23, 7, 1, 19, 1, 0 ] 2 6 162 98
f31e 606 [ 0, 9, 9, 45, 0, 0, 0, 0, 19, 0, 23, 7, 1, 19, 1, 0 ] 3 1 243 30
ee 608 [ 0, 9, 9, 45, 0, 0, 0, 0, 19, 0, 23, 7, 1, 19, 1, 0 ] 0 14 0 238
dab5 590 [ 0, 9, 9, 45, 0, 0, 0, 0, 19, 0, 23, 7, 1, 19, 1, 0 ] 10 11 218 181
7a05 592 [ 0, 9, 9, 45, 0, 0, 0, 0, 19, 0, 23, 7, 1, 19, 1, 0 ] 10 0 122 5
ee 594 [ 0, 9, 9, 45, 0, 0, 0, 0, 19, 0, 28, 7, 1, 19, 1, 0 ] 0 14 0 238
3a40 534 [ 0, 9, 9, 45, 0, 0, 0, 0, 19, 0, 28, 7, 1, 19, 1, 0 ] 10 4 58 64
1220 536 [ 0, 9, 9, 45, 0, 0, 0, 0, 19, 0, 28, 7, 1, 19, 1, 0 ] 2 2 18 32
7d01 544 [ 0, 9, 9, 45, 0, 0, 0, 0, 19, 0, 28, 7, 1, 19, 1, 0 ] 13 0 125 1
3d3f 546 [ 0, 9, 9, 45, 0, 0, 0, 0, 19, 0, 28, 7, 1, 20, 1, 0 ] 13 3 61 63
120a 548 [ 0, 9, 9, 45, 0, 0, 0, 0, 19, 0, 28, 7, 1, 20, 1, 0 ] 2 0 18 10
8cd0 522 [ 0, 9, 9, 45, 0, 0, 0, 0, 19, 0, 28, 7, 1, 20, 1, 0 ] 12 13 140 208
8ce2 524 [ 0, 9, 9, 45, 0, 0, 0, 0, 19, 0, 28, 7, 20, 20, 1, 0 ] 12 14 140 226
4c00 526 [ 0, 9, 9, 45, 0, 0, 0, 0, 19, 0, 28, 7, 0, 20, 1, 0 ] 12 0 76 0
1220 528 [ 0, 9, 9, 45, 0, 0, 0, 0, 19, 0, 28, 7, 0, 20, 1, 0 ] 2 2 18 32
7d01 544 [ 0, 9, 9, 45, 0, 0, 0, 0, 19, 0, 28, 7, 0, 20, 1, 0 ] 13 0 125 1
3d3f 546 [ 0, 9, 9, 45, 0, 0, 0, 0, 19, 0, 28, 7, 0, 21, 1, 0 ] 13 3 61 63
120a 548 [ 0, 9, 9, 45, 0, 0, 0, 0, 19, 0, 28, 7, 0, 21, 1, 0 ] 2 0 18 10
8cd0 522 [ 0, 9, 9, 45, 0, 0, 0, 0, 19, 0, 28, 7, 0, 21, 1, 0 ] 12 13 140 208
8ce2 524 [ 0, 9, 9, 45, 0, 0, 0, 0, 19, 0, 28, 7, 21, 21, 1, 0 ] 12 14 140 226
4c00 526 [ 0, 9, 9, 45, 0, 0, 0, 0, 19, 0, 28, 7, 1, 21, 1, 0 ] 12 0 76 0
88d0 530 [ 0, 9, 9, 45, 0, 0, 0, 0, 19, 0, 28, 7, 1, 21, 1, 0 ] 8 13 136 208
223e 532 [ 0, 9, 9, 45, 0, 0, 0, 0, 21, 0, 28, 7, 1, 21, 1, 0 ] 2 3 34 62
a294 574 [ 0, 9, 9, 45, 0, 0, 0, 0, 21, 0, 28, 7, 1, 21, 1, 0 ] 2 9 162 148
f833 576 [ 0, 9, 9, 45, 0, 0, 0, 0, 21, 0, 28, 7, 1, 21, 1, 0 ] 8 3 248 51
f265 578 [ 0, 9, 9, 45, 0, 0, 0, 0, 21, 0, 28, 7, 1, 21, 1, 0 ] 2 6 242 101
2254 580 [ 0, 2, 1, 45, 0, 0, 0, 0, 21, 0, 28, 7, 1, 21, 1, 0 ] 2 5 34 84
8310 596 [ 0, 2, 1, 45, 0, 0, 0, 0, 21, 0, 28, 7, 1, 21, 1, 0 ] 3 1 131 16
8334 598 [ 0, 2, 1, 2, 0, 0, 0, 0, 21, 0, 28, 7, 1, 21, 1, 0 ] 3 3 131 52
8334 600 [ 0, 2, 1, 4, 0, 0, 0, 0, 21, 0, 28, 7, 1, 21, 1, 0 ] 3 3 131 52
8314 602 [ 0, 2, 1, 8, 0, 0, 0, 0, 21, 0, 28, 7, 1, 21, 1, 0 ] 3 1 131 20
a262 604 [ 0, 2, 1, 10, 0, 0, 0, 0, 21, 0, 28, 7, 1, 21, 1, 0 ] 2 6 162 98
f31e 606 [ 0, 2, 1, 10, 0, 0, 0, 0, 21, 0, 28, 7, 1, 21, 1, 0 ] 3 1 243 30
ee 608 [ 0, 2, 1, 10, 0, 0, 0, 0, 21, 0, 28, 7, 1, 21, 1, 0 ] 0 14 0 238
dab5 582 [ 0, 2, 1, 10, 0, 0, 0, 0, 21, 0, 28, 7, 1, 21, 1, 0 ] 10 11 218 181
7a04 584 [ 0, 2, 1, 10, 0, 0, 0, 0, 21, 0, 28, 7, 1, 21, 1, 0 ] 10 0 122 4
8120 586 [ 0, 2, 1, 10, 0, 0, 0, 0, 21, 0, 32, 7, 1, 21, 1, 0 ] 1 2 129 32
2254 588 [ 0, 1, 1, 10, 0, 0, 0, 0, 21, 0, 32, 7, 1, 21, 1, 0 ] 2 5 34 84
8310 596 [ 0, 1, 1, 10, 0, 0, 0, 0, 21, 0, 32, 7, 1, 21, 1, 0 ] 3 1 131 16
8334 598 [ 0, 1, 1, 1, 0, 0, 0, 0, 21, 0, 32, 7, 1, 21, 1, 0 ] 3 3 131 52
8334 600 [ 0, 1, 1, 2, 0, 0, 0, 0, 21, 0, 32, 7, 1, 21, 1, 0 ] 3 3 131 52
8314 602 [ 0, 1, 1, 4, 0, 0, 0, 0, 21, 0, 32, 7, 1, 21, 1, 0 ] 3 1 131 20
a262 604 [ 0, 1, 1, 5, 0, 0, 0, 0, 21, 0, 32, 7, 1, 21, 1, 0 ] 2 6 162 98
f31e 606 [ 0, 1, 1, 5, 0, 0, 0, 0, 21, 0, 32, 7, 1, 21, 1, 0 ] 3 1 243 30
ee 608 [ 0, 1, 1, 5, 0, 0, 0, 0, 21, 0, 32, 7, 1, 21, 1, 0 ] 0 14 0 238
dab5 590 [ 0, 1, 1, 5, 0, 0, 0, 0, 21, 0, 32, 7, 1, 21, 1, 0 ] 10 11 218 181
7a05 592 [ 0, 1, 1, 5, 0, 0, 0, 0, 21, 0, 32, 7, 1, 21, 1, 0 ] 10 0 122 5
ee 594 [ 0, 1, 1, 5, 0, 0, 0, 0, 21, 0, 37, 7, 1, 21, 1, 0 ] 0 14 0 238
3a40 534 [ 0, 1, 1, 5, 0, 0, 0, 0, 21, 0, 37, 7, 1, 21, 1, 0 ] 10 4 58 64
1220 536 [ 0, 1, 1, 5, 0, 0, 0, 0, 21, 0, 37, 7, 1, 21, 1, 0 ] 2 2 18 32
7d01 544 [ 0, 1, 1, 5, 0, 0, 0, 0, 21, 0, 37, 7, 1, 21, 1, 0 ] 13 0 125 1
3d3f 546 [ 0, 1, 1, 5, 0, 0, 0, 0, 21, 0, 37, 7, 1, 22, 1, 0 ] 13 3 61 63
120a 548 [ 0, 1, 1, 5, 0, 0, 0, 0, 21, 0, 37, 7, 1, 22, 1, 0 ] 2 0 18 10
8cd0 522 [ 0, 1, 1, 5, 0, 0, 0, 0, 21, 0, 37, 7, 1, 22, 1, 0 ] 12 13 140 208
8ce2 524 [ 0, 1, 1, 5, 0, 0, 0, 0, 21, 0, 37, 7, 22, 22, 1, 0 ] 12 14 140 226
4c00 526 [ 0, 1, 1, 5, 0, 0, 0, 0, 21, 0, 37, 7, 0, 22, 1, 0 ] 12 0 76 0
1220 528 [ 0, 1, 1, 5, 0, 0, 0, 0, 21, 0, 37, 7, 0, 22, 1, 0 ] 2 2 18 32
7d01 544 [ 0, 1, 1, 5, 0, 0, 0, 0, 21, 0, 37, 7, 0, 22, 1, 0 ] 13 0 125 1
3d3f 546 [ 0, 1, 1, 5, 0, 0, 0, 0, 21, 0, 37, 7, 0, 23, 1, 0 ] 13 3 61 63
120a 548 [ 0, 1, 1, 5, 0, 0, 0, 0, 21, 0, 37, 7, 0, 23, 1, 0 ] 2 0 18 10
8cd0 522 [ 0, 1, 1, 5, 0, 0, 0, 0, 21, 0, 37, 7, 0, 23, 1, 0 ] 12 13 140 208
8ce2 524 [ 0, 1, 1, 5, 0, 0, 0, 0, 21, 0, 37, 7, 23, 23, 1, 0 ] 12 14 140 226
4c00 526 [ 0, 1, 1, 5, 0, 0, 0, 0, 21, 0, 37, 7, 1, 23, 1, 0 ] 12 0 76 0
88d0 530 [ 0, 1, 1, 5, 0, 0, 0, 0, 21, 0, 37, 7, 1, 23, 1, 0 ] 8 13 136 208
223e 532 [ 0, 1, 1, 5, 0, 0, 0, 0, 23, 0, 37, 7, 1, 23, 1, 0 ] 2 3 34 62
a294 574 [ 0, 1, 1, 5, 0, 0, 0, 0, 23, 0, 37, 7, 1, 23, 1, 0 ] 2 9 162 148
f833 576 [ 0, 1, 1, 5, 0, 0, 0, 0, 23, 0, 37, 7, 1, 23, 1, 0 ] 8 3 248 51
f265 578 [ 0, 1, 1, 5, 0, 0, 0, 0, 23, 0, 37, 7, 1, 23, 1, 0 ] 2 6 242 101
2254 580 [ 0, 2, 3, 5, 0, 0, 0, 0, 23, 0, 37, 7, 1, 23, 1, 0 ] 2 5 34 84
8310 596 [ 0, 2, 3, 5, 0, 0, 0, 0, 23, 0, 37, 7, 1, 23, 1, 0 ] 3 1 131 16
8334 598 [ 0, 2, 3, 2, 0, 0, 0, 0, 23, 0, 37, 7, 1, 23, 1, 0 ] 3 3 131 52
8334 600 [ 0, 2, 3, 4, 0, 0, 0, 0, 23, 0, 37, 7, 1, 23, 1, 0 ] 3 3 131 52
8314 602 [ 0, 2, 3, 8, 0, 0, 0, 0, 23, 0, 37, 7, 1, 23, 1, 0 ] 3 1 131 20
a262 604 [ 0, 2, 3, 10, 0, 0, 0, 0, 23, 0, 37, 7, 1, 23, 1, 0 ] 2 6 162 98
f31e 606 [ 0, 2, 3, 10, 0, 0, 0, 0, 23, 0, 37, 7, 1, 23, 1, 0 ] 3 1 243 30
ee 608 [ 0, 2, 3, 10, 0, 0, 0, 0, 23, 0, 37, 7, 1, 23, 1, 0 ] 0 14 0 238
dab5 582 [ 0, 2, 3, 10, 0, 0, 0, 0, 23, 0, 37, 7, 1, 23, 1, 0 ] 10 11 218 181
7a04 584 [ 0, 2, 3, 10, 0, 0, 0, 0, 23, 0, 37, 7, 1, 23, 1, 0 ] 10 0 122 4
8120 586 [ 0, 2, 3, 10, 0, 0, 0, 0, 23, 0, 41, 7, 1, 23, 1, 0 ] 1 2 129 32
2254 588 [ 0, 3, 3, 10, 0, 0, 0, 0, 23, 0, 41, 7, 1, 23, 1, 0 ] 2 5 34 84
8310 596 [ 0, 3, 3, 10, 0, 0, 0, 0, 23, 0, 41, 7, 1, 23, 1, 0 ] 3 1 131 16
8334 598 [ 0, 3, 3, 3, 0, 0, 0, 0, 23, 0, 41, 7, 1, 23, 1, 0 ] 3 3 131 52
8334 600 [ 0, 3, 3, 6, 0, 0, 0, 0, 23, 0, 41, 7, 1, 23, 1, 0 ] 3 3 131 52
8314 602 [ 0, 3, 3, 12, 0, 0, 0, 0, 23, 0, 41, 7, 1, 23, 1, 0 ] 3 1 131 20
a262 604 [ 0, 3, 3, 15, 0, 0, 0, 0, 23, 0, 41, 7, 1, 23, 1, 0 ] 2 6 162 98
f31e 606 [ 0, 3, 3, 15, 0, 0, 0, 0, 23, 0, 41, 7, 1, 23, 1, 0 ] 3 1 243 30
ee 608 [ 0, 3, 3, 15, 0, 0, 0, 0, 23, 0, 41, 7, 1, 23, 1, 0 ] 0 14 0 238
dab5 590 [ 0, 3, 3, 15, 0, 0, 0, 0, 23, 0, 41, 7, 1, 23, 1, 0 ] 10 11 218 181
7a05 592 [ 0, 3, 3, 15, 0, 0, 0, 0, 23, 0, 41, 7, 1, 23, 1, 0 ] 10 0 122 5
ee 594 [ 0, 3, 3, 15, 0, 0, 0, 0, 23, 0, 46, 7, 1, 23, 1, 0 ] 0 14 0 238
3a40 534 [ 0, 3, 3, 15, 0, 0, 0, 0, 23, 0, 46, 7, 1, 23, 1, 0 ] 10 4 58 64
1220 536 [ 0, 3, 3, 15, 0, 0, 0, 0, 23, 0, 46, 7, 1, 23, 1, 0 ] 2 2 18 32
7d01 544 [ 0, 3, 3, 15, 0, 0, 0, 0, 23, 0, 46, 7, 1, 23, 1, 0 ] 13 0 125 1
3d3f 546 [ 0, 3, 3, 15, 0, 0, 0, 0, 23, 0, 46, 7, 1, 24, 1, 0 ] 13 3 61 63
120a 548 [ 0, 3, 3, 15, 0, 0, 0, 0, 23, 0, 46, 7, 1, 24, 1, 0 ] 2 0 18 10
8cd0 522 [ 0, 3, 3, 15, 0, 0, 0, 0, 23, 0, 46, 7, 1, 24, 1, 0 ] 12 13 140 208
8ce2 524 [ 0, 3, 3, 15, 0, 0, 0, 0, 23, 0, 46, 7, 24, 24, 1, 0 ] 12 14 140 226
4c00 526 [ 0, 3, 3, 15, 0, 0, 0, 0, 23, 0, 46, 7, 0, 24, 1, 0 ] 12 0 76 0
1220 528 [ 0, 3, 3, 15, 0, 0, 0, 0, 23, 0, 46, 7, 0, 24, 1, 0 ] 2 2 18 32
7d01 544 [ 0, 3, 3, 15, 0, 0, 0, 0, 23, 0, 46, 7, 0, 24, 1, 0 ] 13 0 125 1
3d3f 546 [ 0, 3, 3, 15, 0, 0, 0, 0, 23, 0, 46, 7, 0, 25, 1, 0 ] 13 3 61 63
120a 548 [ 0, 3, 3, 15, 0, 0, 0, 0, 23, 0, 46, 7, 0, 25, 1, 0 ] 2 0 18 10
8cd0 522 [ 0, 3, 3, 15, 0, 0, 0, 0, 23, 0, 46, 7, 0, 25, 1, 0 ] 12 13 140 208
8ce2 524 [ 0, 3, 3, 15, 0, 0, 0, 0, 23, 0, 46, 7, 25, 25, 1, 0 ] 12 14 140 226
4c00 526 [ 0, 3, 3, 15, 0, 0, 0, 0, 23, 0, 46, 7, 1, 25, 1, 0 ] 12 0 76 0
88d0 530 [ 0, 3, 3, 15, 0, 0, 0, 0, 23, 0, 46, 7, 1, 25, 1, 0 ] 8 13 136 208
223e 532 [ 0, 3, 3, 15, 0, 0, 0, 0, 25, 0, 46, 7, 1, 25, 1, 0 ] 2 3 34 62
a294 574 [ 0, 3, 3, 15, 0, 0, 0, 0, 25, 0, 46, 7, 1, 25, 1, 0 ] 2 9 162 148
f833 576 [ 0, 3, 3, 15, 0, 0, 0, 0, 25, 0, 46, 7, 1, 25, 1, 0 ] 8 3 248 51
f265 578 [ 0, 3, 3, 15, 0, 0, 0, 0, 25, 0, 46, 7, 1, 25, 1, 0 ] 2 6 242 101
2254 580 [ 0, 2, 5, 15, 0, 0, 0, 0, 25, 0, 46, 7, 1, 25, 1, 0 ] 2 5 34 84
8310 596 [ 0, 2, 5, 15, 0, 0, 0, 0, 25, 0, 46, 7, 1, 25, 1, 0 ] 3 1 131 16
8334 598 [ 0, 2, 5, 2, 0, 0, 0, 0, 25, 0, 46, 7, 1, 25, 1, 0 ] 3 3 131 52
8334 600 [ 0, 2, 5, 4, 0, 0, 0, 0, 25, 0, 46, 7, 1, 25, 1, 0 ] 3 3 131 52
8314 602 [ 0, 2, 5, 8, 0, 0, 0, 0, 25, 0, 46, 7, 1, 25, 1, 0 ] 3 1 131 20
a262 604 [ 0, 2, 5, 10, 0, 0, 0, 0, 25, 0, 46, 7, 1, 25, 1, 0 ] 2 6 162 98
f31e 606 [ 0, 2, 5, 10, 0, 0, 0, 0, 25, 0, 46, 7, 1, 25, 1, 0 ] 3 1 243 30
ee 608 [ 0, 2, 5, 10, 0, 0, 0, 0, 25, 0, 46, 7, 1, 25, 1, 0 ] 0 14 0 238
dab5 582 [ 0, 2, 5, 10, 0, 0, 0, 0, 25, 0, 46, 7, 1, 25, 1, 0 ] 10 11 218 181
7a04 584 [ 0, 2, 5, 10, 0, 0, 0, 0, 25, 0, 46, 7, 1, 25, 1, 0 ] 10 0 122 4
8120 586 [ 0, 2, 5, 10, 0, 0, 0, 0, 25, 0, 50, 7, 1, 25, 1, 0 ] 1 2 129 32
2254 588 [ 0, 5, 5, 10, 0, 0, 0, 0, 25, 0, 50, 7, 1, 25, 1, 0 ] 2 5 34 84
8310 596 [ 0, 5, 5, 10, 0, 0, 0, 0, 25, 0, 50, 7, 1, 25, 1, 0 ] 3 1 131 16
8334 598 [ 0, 5, 5, 5, 0, 0, 0, 0, 25, 0, 50, 7, 1, 25, 1, 0 ] 3 3 131 52
8334 600 [ 0, 5, 5, 10, 0, 0, 0, 0, 25, 0, 50, 7, 1, 25, 1, 0 ] 3 3 131 52
8314 602 [ 0, 5, 5, 20, 0, 0, 0, 0, 25, 0, 50, 7, 1, 25, 1, 0 ] 3 1 131 20
a262 604 [ 0, 5, 5, 25, 0, 0, 0, 0, 25, 0, 50, 7, 1, 25, 1, 0 ] 2 6 162 98
f31e 606 [ 0, 5, 5, 25, 0, 0, 0, 0, 25, 0, 50, 7, 1, 25, 1, 0 ] 3 1 243 30
ee 608 [ 0, 5, 5, 25, 0, 0, 0, 0, 25, 0, 50, 7, 1, 25, 1, 0 ] 0 14 0 238
dab5 590 [ 0, 5, 5, 25, 0, 0, 0, 0, 25, 0, 50, 7, 1, 25, 1, 0 ] 10 11 218 181
7a05 592 [ 0, 5, 5, 25, 0, 0, 0, 0, 25, 0, 50, 7, 1, 25, 1, 0 ] 10 0 122 5
ee 594 [ 0, 5, 5, 25, 0, 0, 0, 0, 25, 0, 55, 7, 1, 25, 1, 0 ] 0 14 0 238
3a40 534 [ 0, 5, 5, 25, 0, 0, 0, 0, 25, 0, 55, 7, 1, 25, 1, 0 ] 10 4 58 64
1220 536 [ 0, 5, 5, 25, 0, 0, 0, 0, 25, 0, 55, 7, 1, 25, 1, 0 ] 2 2 18 32
7d01 544 [ 0, 5, 5, 25, 0, 0, 0, 0, 25, 0, 55, 7, 1, 25, 1, 0 ] 13 0 125 1
3d3f 546 [ 0, 5, 5, 25, 0, 0, 0, 0, 25, 0, 55, 7, 1, 26, 1, 0 ] 13 3 61 63
120a 548 [ 0, 5, 5, 25, 0, 0, 0, 0, 25, 0, 55, 7, 1, 26, 1, 0 ] 2 0 18 10
8cd0 522 [ 0, 5, 5, 25, 0, 0, 0, 0, 25, 0, 55, 7, 1, 26, 1, 0 ] 12 13 140 208
8ce2 524 [ 0, 5, 5, 25, 0, 0, 0, 0, 25, 0, 55, 7, 26, 26, 1, 0 ] 12 14 140 226
4c00 526 [ 0, 5, 5, 25, 0, 0, 0, 0, 25, 0, 55, 7, 0, 26, 1, 0 ] 12 0 76 0
1220 528 [ 0, 5, 5, 25, 0, 0, 0, 0, 25, 0, 55, 7, 0, 26, 1, 0 ] 2 2 18 32
7d01 544 [ 0, 5, 5, 25, 0, 0, 0, 0, 25, 0, 55, 7, 0, 26, 1, 0 ] 13 0 125 1
3d3f 546 [ 0, 5, 5, 25, 0, 0, 0, 0, 25, 0, 55, 7, 0, 27, 1, 0 ] 13 3 61 63
120a 548 [ 0, 5, 5, 25, 0, 0, 0, 0, 25, 0, 55, 7, 0, 27, 1, 0 ] 2 0 18 10
8cd0 522 [ 0, 5, 5, 25, 0, 0, 0, 0, 25, 0, 55, 7, 0, 27, 1, 0 ] 12 13 140 208
8ce2 524 [ 0, 5, 5, 25, 0, 0, 0, 0, 25, 0, 55, 7, 27, 27, 1, 0 ] 12 14 140 226
4c00 526 [ 0, 5, 5, 25, 0, 0, 0, 0, 25, 0, 55, 7, 1, 27, 1, 0 ] 12 0 76 0
88d0 530 [ 0, 5, 5, 25, 0, 0, 0, 0, 25, 0, 55, 7, 1, 27, 1, 0 ] 8 13 136 208
223e 532 [ 0, 5, 5, 25, 0, 0, 0, 0, 27, 0, 55, 7, 1, 27, 1, 0 ] 2 3 34 62
a294 574 [ 0, 5, 5, 25, 0, 0, 0, 0, 27, 0, 55, 7, 1, 27, 1, 0 ] 2 9 162 148
f833 576 [ 0, 5, 5, 25, 0, 0, 0, 0, 27, 0, 55, 7, 1, 27, 1, 0 ] 8 3 248 51
f265 578 [ 0, 5, 5, 25, 0, 0, 0, 0, 27, 0, 55, 7, 1, 27, 1, 0 ] 2 6 242 101
2254 580 [ 0, 2, 7, 25, 0, 0, 0, 0, 27, 0, 55, 7, 1, 27, 1, 0 ] 2 5 34 84
8310 596 [ 0, 2, 7, 25, 0, 0, 0, 0, 27, 0, 55, 7, 1, 27, 1, 0 ] 3 1 131 16
8334 598 [ 0, 2, 7, 2, 0, 0, 0, 0, 27, 0, 55, 7, 1, 27, 1, 0 ] 3 3 131 52
8334 600 [ 0, 2, 7, 4, 0, 0, 0, 0, 27, 0, 55, 7, 1, 27, 1, 0 ] 3 3 131 52
8314 602 [ 0, 2, 7, 8, 0, 0, 0, 0, 27, 0, 55, 7, 1, 27, 1, 0 ] 3 1 131 20
a262 604 [ 0, 2, 7, 10, 0, 0, 0, 0, 27, 0, 55, 7, 1, 27, 1, 0 ] 2 6 162 98
f31e 606 [ 0, 2, 7, 10, 0, 0, 0, 0, 27, 0, 55, 7, 1, 27, 1, 0 ] 3 1 243 30
ee 608 [ 0, 2, 7, 10, 0, 0, 0, 0, 27, 0, 55, 7, 1, 27, 1, 0 ] 0 14 0 238
dab5 582 [ 0, 2, 7, 10, 0, 0, 0, 0, 27, 0, 55, 7, 1, 27, 1, 0 ] 10 11 218 181
7a04 584 [ 0, 2, 7, 10, 0, 0, 0, 0, 27, 0, 55, 7, 1, 27, 1, 0 ] 10 0 122 4
8120 586 [ 0, 2, 7, 10, 0, 0, 0, 0, 27, 0, 59, 7, 1, 27, 1, 0 ] 1 2 129 32
2254 588 [ 0, 7, 7, 10, 0, 0, 0, 0, 27, 0, 59, 7, 1, 27, 1, 0 ] 2 5 34 84
8310 596 [ 0, 7, 7, 10, 0, 0, 0, 0, 27, 0, 59, 7, 1, 27, 1, 0 ] 3 1 131 16
8334 598 [ 0, 7, 7, 7, 0, 0, 0, 0, 27, 0, 59, 7, 1, 27, 1, 0 ] 3 3 131 52
8334 600 [ 0, 7, 7, 14, 0, 0, 0, 0, 27, 0, 59, 7, 1, 27, 1, 0 ] 3 3 131 52
8314 602 [ 0, 7, 7, 28, 0, 0, 0, 0, 27, 0, 59, 7, 1, 27, 1, 0 ] 3 1 131 20
a262 604 [ 0, 7, 7, 35, 0, 0, 0, 0, 27, 0, 59, 7, 1, 27, 1, 0 ] 2 6 162 98
f31e 606 [ 0, 7, 7, 35, 0, 0, 0, 0, 27, 0, 59, 7, 1, 27, 1, 0 ] 3 1 243 30
ee 608 [ 0, 7, 7, 35, 0, 0, 0, 0, 27, 0, 59, 7, 1, 27, 1, 0 ] 0 14 0 238
dab5 590 [ 0, 7, 7, 35, 0, 0, 0, 0, 27, 0, 59, 7, 1, 27, 1, 0 ] 10 11 218 181
7a05 592 [ 0, 7, 7, 35, 0, 0, 0, 0, 27, 0, 59, 7, 1, 27, 1, 0 ] 10 0 122 5
ee 594 [ 0, 7, 7, 35, 0, 0, 0, 0, 27, 0, 64, 7, 1, 27, 1, 0 ] 0 14 0 238
3a40 534 [ 0, 7, 7, 35, 0, 0, 0, 0, 27, 0, 64, 7, 1, 27, 1, 0 ] 10 4 58 64
6a01 538 [ 0, 7, 7, 35, 0, 0, 0, 0, 27, 0, 64, 7, 1, 27, 1, 0 ] 10 0 106 1
7b06 540 [ 0, 7, 7, 35, 0, 0, 0, 0, 27, 0, 1, 7, 1, 27, 1, 0 ] 11 0 123 6
3c3f 542 [ 0, 7, 7, 35, 0, 0, 0, 0, 27, 0, 1, 13, 1, 27, 1, 0 ] 12 3 60 63
7d01 544 [ 0, 7, 7, 35, 0, 0, 0, 0, 27, 0, 1, 13, 1, 27, 1, 0 ] 13 0 125 1
3d3f 546 [ 0, 7, 7, 35, 0, 0, 0, 0, 27, 0, 1, 13, 1, 28, 1, 0 ] 13 3 61 63
120a 548 [ 0, 7, 7, 35, 0, 0, 0, 0, 27, 0, 1, 13, 1, 28, 1, 0 ] 2 0 18 10
8cd0 522 [ 0, 7, 7, 35, 0, 0, 0, 0, 27, 0, 1, 13, 1, 28, 1, 0 ] 12 13 140 208
8ce2 524 [ 0, 7, 7, 35, 0, 0, 0, 0, 27, 0, 1, 13, 28, 28, 1, 0 ] 12 14 140 226
4c00 526 [ 0, 7, 7, 35, 0, 0, 0, 0, 27, 0, 1, 13, 0, 28, 1, 0 ] 12 0 76 0
1220 528 [ 0, 7, 7, 35, 0, 0, 0, 0, 27, 0, 1, 13, 0, 28, 1, 0 ] 2 2 18 32
7d01 544 [ 0, 7, 7, 35, 0, 0, 0, 0, 27, 0, 1, 13, 0, 28, 1, 0 ] 13 0 125 1
3d3f 546 [ 0, 7, 7, 35, 0, 0, 0, 0, 27, 0, 1, 13, 0, 29, 1, 0 ] 13 3 61 63
120a 548 [ 0, 7, 7, 35, 0, 0, 0, 0, 27, 0, 1, 13, 0, 29, 1, 0 ] 2 0 18 10
8cd0 522 [ 0, 7, 7, 35, 0, 0, 0, 0, 27, 0, 1, 13, 0, 29, 1, 0 ] 12 13 140 208
8ce2 524 [ 0, 7, 7, 35, 0, 0, 0, 0, 27, 0, 1, 13, 29, 29, 1, 0 ] 12 14 140 226
4c00 526 [ 0, 7, 7, 35, 0, 0, 0, 0, 27, 0, 1, 13, 1, 29, 1, 0 ] 12 0 76 0
88d0 530 [ 0, 7, 7, 35, 0, 0, 0, 0, 27, 0, 1, 13, 1, 29, 1, 0 ] 8 13 136 208
223e 532 [ 0, 7, 7, 35, 0, 0, 0, 0, 29, 0, 1, 13, 1, 29, 1, 0 ] 2 3 34 62
a294 574 [ 0, 7, 7, 35, 0, 0, 0, 0, 29, 0, 1, 13, 1, 29, 1, 0 ] 2 9 162 148
f833 576 [ 0, 7, 7, 35, 0, 0, 0, 0, 29, 0, 1, 13, 1, 29, 1, 0 ] 8 3 248 51
f265 578 [ 0, 7, 7, 35, 0, 0, 0, 0, 29, 0, 1, 13, 1, 29, 1, 0 ] 2 6 242 101
2254 580 [ 0, 2, 9, 35, 0, 0, 0, 0, 29, 0, 1, 13, 1, 29, 1, 0 ] 2 5 34 84
8310 596 [ 0, 2, 9, 35, 0, 0, 0, 0, 29, 0, 1, 13, 1, 29, 1, 0 ] 3 1 131 16
8334 598 [ 0, 2, 9, 2, 0, 0, 0, 0, 29, 0, 1, 13, 1, 29, 1, 0 ] 3 3 131 52
8334 600 [ 0, 2, 9, 4, 0, 0, 0, 0, 29, 0, 1, 13, 1, 29, 1, 0 ] 3 3 131 52
8314 602 [ 0, 2, 9, 8, 0, 0, 0, 0, 29, 0, 1, 13, 1, 29, 1, 0 ] 3 1 131 20
a262 604 [ 0, 2, 9, 10, 0, 0, 0, 0, 29, 0, 1, 13, 1, 29, 1, 0 ] 2 6 162 98
f31e 606 [ 0, 2, 9, 10, 0, 0, 0, 0, 29, 0, 1, 13, 1, 29, 1, 0 ] 3 1 243 30
ee 608 [ 0, 2, 9, 10, 0, 0, 0, 0, 29, 0, 1, 13, 1, 29, 1, 0 ] 0 14 0 238
dab5 582 [ 0, 2, 9, 10, 0, 0, 0, 0, 29, 0, 1, 13, 1, 29, 1, 0 ] 10 11 218 181
7a04 584 [ 0, 2, 9, 10, 0, 0, 0, 0, 29, 0, 1, 13, 1, 29, 1, 0 ] 10 0 122 4
8120 586 [ 0, 2, 9, 10, 0, 0, 0, 0, 29, 0, 5, 13, 1, 29, 1, 0 ] 1 2 129 32
2254 588 [ 0, 9, 9, 10, 0, 0, 0, 0, 29, 0, 5, 13, 1, 29, 1, 0 ] 2 5 34 84
8310 596 [ 0, 9, 9, 10, 0, 0, 0, 0, 29, 0, 5, 13, 1, 29, 1, 0 ] 3 1 131 16
8334 598 [ 0, 9, 9, 9, 0, 0, 0, 0, 29, 0, 5, 13, 1, 29, 1, 0 ] 3 3 131 52
8334 600 [ 0, 9, 9, 18, 0, 0, 0, 0, 29, 0, 5, 13, 1, 29, 1, 0 ] 3 3 131 52
8314 602 [ 0, 9, 9, 36, 0, 0, 0, 0, 29, 0, 5, 13, 1, 29, 1, 0 ] 3 1 131 20
a262 604 [ 0, 9, 9, 45, 0, 0, 0, 0, 29, 0, 5, 13, 1, 29, 1, 0 ] 2 6 162 98
f31e 606 [ 0, 9, 9, 45, 0, 0, 0, 0, 29, 0, 5, 13, 1, 29, 1, 0 ] 3 1 243 30
ee 608 [ 0, 9, 9, 45, 0, 0, 0, 0, 29, 0, 5, 13, 1, 29, 1, 0 ] 0 14 0 238
dab5 590 [ 0, 9, 9, 45, 0, 0, 0, 0, 29, 0, 5, 13, 1, 29, 1, 0 ] 10 11 218 181
7a05 592 [ 0, 9, 9, 45, 0, 0, 0, 0, 29, 0, 5, 13, 1, 29, 1, 0 ] 10 0 122 5
ee 594 [ 0, 9, 9, 45, 0, 0, 0, 0, 29, 0, 10, 13, 1, 29, 1, 0 ] 0 14 0 238
3a40 534 [ 0, 9, 9, 45, 0, 0, 0, 0, 29, 0, 10, 13, 1, 29, 1, 0 ] 10 4 58 64
1220 536 [ 0, 9, 9, 45, 0, 0, 0, 0, 29, 0, 10, 13, 1, 29, 1, 0 ] 2 2 18 32
7d01 544 [ 0, 9, 9, 45, 0, 0, 0, 0, 29, 0, 10, 13, 1, 29, 1, 0 ] 13 0 125 1
3d3f 546 [ 0, 9, 9, 45, 0, 0, 0, 0, 29, 0, 10, 13, 1, 30, 1, 0 ] 13 3 61 63
120a 548 [ 0, 9, 9, 45, 0, 0, 0, 0, 29, 0, 10, 13, 1, 30, 1, 0 ] 2 0 18 10
8cd0 522 [ 0, 9, 9, 45, 0, 0, 0, 0, 29, 0, 10, 13, 1, 30, 1, 0 ] 12 13 140 208
8ce2 524 [ 0, 9, 9, 45, 0, 0, 0, 0, 29, 0, 10, 13, 30, 30, 1, 0 ] 12 14 140 226
4c00 526 [ 0, 9, 9, 45, 0, 0, 0, 0, 29, 0, 10, 13, 0, 30, 1, 0 ] 12 0 76 0
1220 528 [ 0, 9, 9, 45, 0, 0, 0, 0, 29, 0, 10, 13, 0, 30, 1, 0 ] 2 2 18 32
7d01 544 [ 0, 9, 9, 45, 0, 0, 0, 0, 29, 0, 10, 13, 0, 30, 1, 0 ] 13 0 125 1
3d3f 546 [ 0, 9, 9, 45, 0, 0, 0, 0, 29, 0, 10, 13, 0, 31, 1, 0 ] 13 3 61 63
120a 548 [ 0, 9, 9, 45, 0, 0, 0, 0, 29, 0, 10, 13, 0, 31, 1, 0 ] 2 0 18 10
8cd0 522 [ 0, 9, 9, 45, 0, 0, 0, 0, 29, 0, 10, 13, 0, 31, 1, 0 ] 12 13 140 208
8ce2 524 [ 0, 9, 9, 45, 0, 0, 0, 0, 29, 0, 10, 13, 31, 31, 1, 0 ] 12 14 140 226
4c00 526 [ 0, 9, 9, 45, 0, 0, 0, 0, 29, 0, 10, 13, 1, 31, 1, 0 ] 12 0 76 0
88d0 530 [ 0, 9, 9, 45, 0, 0, 0, 0, 29, 0, 10, 13, 1, 31, 1, 0 ] 8 13 136 208
223e 532 [ 0, 9, 9, 45, 0, 0, 0, 0, 31, 0, 10, 13, 1, 31, 1, 0 ] 2 3 34 62
a294 574 [ 0, 9, 9, 45, 0, 0, 0, 0, 31, 0, 10, 13, 1, 31, 1, 0 ] 2 9 162 148
f833 576 [ 0, 9, 9, 45, 0, 0, 0, 0, 31, 0, 10, 13, 1, 31, 1, 0 ] 8 3 248 51
f265 578 [ 0, 9, 9, 45, 0, 0, 0, 0, 31, 0, 10, 13, 1, 31, 1, 0 ] 2 6 242 101
2254 580 [ 0, 3, 1, 45, 0, 0, 0, 0, 31, 0, 10, 13, 1, 31, 1, 0 ] 2 5 34 84
8310 596 [ 0, 3, 1, 45, 0, 0, 0, 0, 31, 0, 10, 13, 1, 31, 1, 0 ] 3 1 131 16
8334 598 [ 0, 3, 1, 3, 0, 0, 0, 0, 31, 0, 10, 13, 1, 31, 1, 0 ] 3 3 131 52
8334 600 [ 0, 3, 1, 6, 0, 0, 0, 0, 31, 0, 10, 13, 1, 31, 1, 0 ] 3 3 131 52
8314 602 [ 0, 3, 1, 12, 0, 0, 0, 0, 31, 0, 10, 13, 1, 31, 1, 0 ] 3 1 131 20
a262 604 [ 0, 3, 1, 15, 0, 0, 0, 0, 31, 0, 10, 13, 1, 31, 1, 0 ] 2 6 162 98
f31e 606 [ 0, 3, 1, 15, 0, 0, 0, 0, 31, 0, 10, 13, 1, 31, 1, 0 ] 3 1 243 30
ee 608 [ 0, 3, 1, 15, 0, 0, 0, 0, 31, 0, 10, 13, 1, 31, 1, 0 ] 0 14 0 238
dab5 582 [ 0, 3, 1, 15, 0, 0, 0, 0, 31, 0, 10, 13, 1, 31, 1, 0 ] 10 11 218 181
7a04 584 [ 0, 3, 1, 15, 0, 0, 0, 0, 31, 0, 10, 13, 1, 31, 1, 0 ] 10 0 122 4
8120 586 [ 0, 3, 1, 15, 0, 0, 0, 0, 31, 0, 14, 13, 1, 31, 1, 0 ] 1 2 129 32
2254 588 [ 0, 1, 1, 15, 0, 0, 0, 0, 31, 0, 14, 13, 1, 31, 1, 0 ] 2 5 34 84
8310 596 [ 0, 1, 1, 15, 0, 0, 0, 0, 31, 0, 14, 13, 1, 31, 1, 0 ] 3 1 131 16
8334 598 [ 0, 1, 1, 1, 0, 0, 0, 0, 31, 0, 14, 13, 1, 31, 1, 0 ] 3 3 131 52
8334 600 [ 0, 1, 1, 2, 0, 0, 0, 0, 31, 0, 14, 13, 1, 31, 1, 0 ] 3 3 131 52
8314 602 [ 0, 1, 1, 4, 0, 0, 0, 0, 31, 0, 14, 13, 1, 31, 1, 0 ] 3 1 131 20
a262 604 [ 0, 1, 1, 5, 0, 0, 0, 0, 31, 0, 14, 13, 1, 31, 1, 0 ] 2 6 162 98
f31e 606 [ 0, 1, 1, 5, 0, 0, 0, 0, 31, 0, 14, 13, 1, 31, 1, 0 ] 3 1 243 30
ee 608 [ 0, 1, 1, 5, 0, 0, 0, 0, 31, 0, 14, 13, 1, 31, 1, 0 ] 0 14 0 238
dab5 590 [ 0, 1, 1, 5, 0, 0, 0, 0, 31, 0, 14, 13, 1, 31, 1, 0 ] 10 11 218 181
7a05 592 [ 0, 1, 1, 5, 0, 0, 0, 0, 31, 0, 14, 13, 1, 31, 1, 0 ] 10 0 122 5
ee 594 [ 0, 1, 1, 5, 0, 0, 0, 0, 31, 0, 19, 13, 1, 31, 1, 0 ] 0 14 0 238
3a40 534 [ 0, 1, 1, 5, 0, 0, 0, 0, 31, 0, 19, 13, 1, 31, 1, 0 ] 10 4 58 64
1220 536 [ 0, 1, 1, 5, 0, 0, 0, 0, 31, 0, 19, 13, 1, 31, 1, 0 ] 2 2 18 32
7d01 544 [ 0, 1, 1, 5, 0, 0, 0, 0, 31, 0, 19, 13, 1, 31, 1, 0 ] 13 0 125 1
3d3f 546 [ 0, 1, 1, 5, 0, 0, 0, 0, 31, 0, 19, 13, 1, 32, 1, 0 ] 13 3 61 63
120a 548 [ 0, 1, 1, 5, 0, 0, 0, 0, 31, 0, 19, 13, 1, 32, 1, 0 ] 2 0 18 10
8cd0 522 [ 0, 1, 1, 5, 0, 0, 0, 0, 31, 0, 19, 13, 1, 32, 1, 0 ] 12 13 140 208
8ce2 524 [ 0, 1, 1, 5, 0, 0, 0, 0, 31, 0, 19, 13, 32, 32, 1, 0 ] 12 14 140 226
4c00 526 [ 0, 1, 1, 5, 0, 0, 0, 0, 31, 0, 19, 13, 0, 32, 1, 0 ] 12 0 76 0
1220 528 [ 0, 1, 1, 5, 0, 0, 0, 0, 31, 0, 19, 13, 0, 32, 1, 0 ] 2 2 18 32
7d01 544 [ 0, 1, 1, 5, 0, 0, 0, 0, 31, 0, 19, 13, 0, 32, 1, 0 ] 13 0 125 1
3d3f 546 [ 0, 1, 1, 5, 0, 0, 0, 0, 31, 0, 19, 13, 0, 33, 1, 0 ] 13 3 61 63
120a 548 [ 0, 1, 1, 5, 0, 0, 0, 0, 31, 0, 19, 13, 0, 33, 1, 0 ] 2 0 18 10
8cd0 522 [ 0, 1, 1, 5, 0, 0, 0, 0, 31, 0, 19, 13, 0, 33, 1, 0 ] 12 13 140 208
8ce2 524 [ 0, 1, 1, 5, 0, 0, 0, 0, 31, 0, 19, 13, 33, 33, 1, 0 ] 12 14 140 226
4c00 526 [ 0, 1, 1, 5, 0, 0, 0, 0, 31, 0, 19, 13, 1, 33, 1, 0 ] 12 0 76 0
88d0 530 [ 0, 1, 1, 5, 0, 0, 0, 0, 31, 0, 19, 13, 1, 33, 1, 0 ] 8 13 136 208
223e 532 [ 0, 1, 1, 5, 0, 0, 0, 0, 33, 0, 19, 13, 1, 33, 1, 0 ] 2 3 34 62
a294 574 [ 0, 1, 1, 5, 0, 0, 0, 0, 33, 0, 19, 13, 1, 33, 1, 0 ] 2 9 162 148
f833 576 [ 0, 1, 1, 5, 0, 0, 0, 0, 33, 0, 19, 13, 1, 33, 1, 0 ] 8 3 248 51
f265 578 [ 0, 1, 1, 5, 0, 0, 0, 0, 33, 0, 19, 13, 1, 33, 1, 0 ] 2 6 242 101
2254 580 [ 0, 3, 3, 5, 0, 0, 0, 0, 33, 0, 19, 13, 1, 33, 1, 0 ] 2 5 34 84
8310 596 [ 0, 3, 3, 5, 0, 0, 0, 0, 33, 0, 19, 13, 1, 33, 1, 0 ] 3 1 131 16
8334 598 [ 0, 3, 3, 3, 0, 0, 0, 0, 33, 0, 19, 13, 1, 33, 1, 0 ] 3 3 131 52
8334 600 [ 0, 3, 3, 6, 0, 0, 0, 0, 33, 0, 19, 13, 1, 33, 1, 0 ] 3 3 131 52
8314 602 [ 0, 3, 3, 12, 0, 0, 0, 0, 33, 0, 19, 13, 1, 33, 1, 0 ] 3 1 131 20
a262 604 [ 0, 3, 3, 15, 0, 0, 0, 0, 33, 0, 19, 13, 1, 33, 1, 0 ] 2 6 162 98
f31e 606 [ 0, 3, 3, 15, 0, 0, 0, 0, 33, 0, 19, 13, 1, 33, 1, 0 ] 3 1 243 30
ee 608 [ 0, 3, 3, 15, 0, 0, 0, 0, 33, 0, 19, 13, 1, 33, 1, 0 ] 0 14 0 238
dab5 582 [ 0, 3, 3, 15, 0, 0, 0, 0, 33, 0, 19, 13, 1, 33, 1, 0 ] 10 11 218 181
7a04 584 [ 0, 3, 3, 15, 0, 0, 0, 0, 33, 0, 19, 13, 1, 33, 1, 0 ] 10 0 122 4
8120 586 [ 0, 3, 3, 15, 0, 0, 0, 0, 33, 0, 23, 13, 1, 33, 1, 0 ] 1 2 129 32
2254 588 [ 0, 3, 3, 15, 0, 0, 0, 0, 33, 0, 23, 13, 1, 33, 1, 0 ] 2 5 34 84
8310 596 [ 0, 3, 3, 15, 0, 0, 0, 0, 33, 0, 23, 13, 1, 33, 1, 0 ] 3 1 131 16
8334 598 [ 0, 3, 3, 3, 0, 0, 0, 0, 33, 0, 23, 13, 1, 33, 1, 0 ] 3 3 131 52
8334 600 [ 0, 3, 3, 6, 0, 0, 0, 0, 33, 0, 23, 13, 1, 33, 1, 0 ] 3 3 131 52
8314 602 [ 0, 3, 3, 12, 0, 0, 0, 0, 33, 0, 23, 13, 1, 33, 1, 0 ] 3 1 131 20
a262 604 [ 0, 3, 3, 15, 0, 0, 0, 0, 33, 0, 23, 13, 1, 33, 1, 0 ] 2 6 162 98
f31e 606 [ 0, 3, 3, 15, 0, 0, 0, 0, 33, 0, 23, 13, 1, 33, 1, 0 ] 3 1 243 30
ee 608 [ 0, 3, 3, 15, 0, 0, 0, 0, 33, 0, 23, 13, 1, 33, 1, 0 ] 0 14 0 238
dab5 590 [ 0, 3, 3, 15, 0, 0, 0, 0, 33, 0, 23, 13, 1, 33, 1, 0 ] 10 11 218 181
7a05 592 [ 0, 3, 3, 15, 0, 0, 0, 0, 33, 0, 23, 13, 1, 33, 1, 0 ] 10 0 122 5
ee 594 [ 0, 3, 3, 15, 0, 0, 0, 0, 33, 0, 28, 13, 1, 33, 1, 0 ] 0 14 0 238
3a40 534 [ 0, 3, 3, 15, 0, 0, 0, 0, 33, 0, 28, 13, 1, 33, 1, 0 ] 10 4 58 64
1220 536 [ 0, 3, 3, 15, 0, 0, 0, 0, 33, 0, 28, 13, 1, 33, 1, 0 ] 2 2 18 32
7d01 544 [ 0, 3, 3, 15, 0, 0, 0, 0, 33, 0, 28, 13, 1, 33, 1, 0 ] 13 0 125 1
3d3f 546 [ 0, 3, 3, 15, 0, 0, 0, 0, 33, 0, 28, 13, 1, 34, 1, 0 ] 13 3 61 63
120a 548 [ 0, 3, 3, 15, 0, 0, 0, 0, 33, 0, 28, 13, 1, 34, 1, 0 ] 2 0 18 10
8cd0 522 [ 0, 3, 3, 15, 0, 0, 0, 0, 33, 0, 28, 13, 1, 34, 1, 0 ] 12 13 140 208
8ce2 524 [ 0, 3, 3, 15, 0, 0, 0, 0, 33, 0, 28, 13, 34, 34, 1, 0 ] 12 14 140 226
4c00 526 [ 0, 3, 3, 15, 0, 0, 0, 0, 33, 0, 28, 13, 0, 34, 1, 0 ] 12 0 76 0
1220 528 [ 0, 3, 3, 15, 0, 0, 0, 0, 33, 0, 28, 13, 0, 34, 1, 0 ] 2 2 18 32
7d01 544 [ 0, 3, 3, 15, 0, 0, 0, 0, 33, 0, 28, 13, 0, 34, 1, 0 ] 13 0 125 1
3d3f 546 [ 0, 3, 3, 15, 0, 0, 0, 0, 33, 0, 28, 13, 0, 35, 1, 0 ] 13 3 61 63
120a 548 [ 0, 3, 3, 15, 0, 0, 0, 0, 33, 0, 28, 13, 0, 35, 1, 0 ] 2 0 18 10
8cd0 522 [ 0, 3, 3, 15, 0, 0, 0, 0, 33, 0, 28, 13, 0, 35, 1, 0 ] 12 13 140 208
8ce2 524 [ 0, 3, 3, 15, 0, 0, 0, 0, 33, 0, 28, 13, 35, 35, 1, 0 ] 12 14 140 226
4c00 526 [ 0, 3, 3, 15, 0, 0, 0, 0, 33, 0, 28, 13, 1, 35, 1, 0 ] 12 0 76 0
88d0 530 [ 0, 3, 3, 15, 0, 0, 0, 0, 33, 0, 28, 13, 1, 35, 1, 0 ] 8 13 136 208
223e 532 [ 0, 3, 3, 15, 0, 0, 0, 0, 35, 0, 28, 13, 1, 35, 1, 0 ] 2 3 34 62
a294 574 [ 0, 3, 3, 15, 0, 0, 0, 0, 35, 0, 28, 13, 1, 35, 1, 0 ] 2 9 162 148
f833 576 [ 0, 3, 3, 15, 0, 0, 0, 0, 35, 0, 28, 13, 1, 35, 1, 0 ] 8 3 248 51
f265 578 [ 0, 3, 3, 15, 0, 0, 0, 0, 35, 0, 28, 13, 1, 35, 1, 0 ] 2 6 242 101
2254 580 [ 0, 3, 5, 15, 0, 0, 0, 0, 35, 0, 28, 13, 1, 35, 1, 0 ] 2 5 34 84
8310 596 [ 0, 3, 5, 15, 0, 0, 0, 0, 35, 0, 28, 13, 1, 35, 1, 0 ] 3 1 131 16
8334 598 [ 0, 3, 5, 3, 0, 0, 0, 0, 35, 0, 28, 13, 1, 35, 1, 0 ] 3 3 131 52
8334 600 [ 0, 3, 5, 6, 0, 0, 0, 0, 35, 0, 28, 13, 1, 35, 1, 0 ] 3 3 131 52
8314 602 [ 0, 3, 5, 12, 0, 0, 0, 0, 35, 0, 28, 13, 1, 35, 1, 0 ] 3 1 131 20
a262 604 [ 0, 3, 5, 15, 0, 0, 0, 0, 35, 0, 28, 13, 1, 35, 1, 0 ] 2 6 162 98
f31e 606 [ 0, 3, 5, 15, 0, 0, 0, 0, 35, 0, 28, 13, 1, 35, 1, 0 ] 3 1 243 30
ee 608 [ 0, 3, 5, 15, 0, 0, 0, 0, 35, 0, 28, 13, 1, 35, 1, 0 ] 0 14 0 238
dab5 582 [ 0, 3, 5, 15, 0, 0, 0, 0, 35, 0, 28, 13, 1, 35, 1, 0 ] 10 11 218 181
7a04 584 [ 0, 3, 5, 15, 0, 0, 0, 0, 35, 0, 28, 13, 1, 35, 1, 0 ] 10 0 122 4
8120 586 [ 0, 3, 5, 15, 0, 0, 0, 0, 35, 0, 32, 13, 1, 35, 1, 0 ] 1 2 129 32
2254 588 [ 0, 5, 5, 15, 0, 0, 0, 0, 35, 0, 32, 13, 1, 35, 1, 0 ] 2 5 34 84
8310 596 [ 0, 5, 5, 15, 0, 0, 0, 0, 35, 0, 32, 13, 1, 35, 1, 0 ] 3 1 131 16
8334 598 [ 0, 5, 5, 5, 0, 0, 0, 0, 35, 0, 32, 13, 1, 35, 1, 0 ] 3 3 131 52
8334 600 [ 0, 5, 5, 10, 0, 0, 0, 0, 35, 0, 32, 13, 1, 35, 1, 0 ] 3 3 131 52
8314 602 [ 0, 5, 5, 20, 0, 0, 0, 0, 35, 0, 32, 13, 1, 35, 1, 0 ] 3 1 131 20
a262 604 [ 0, 5, 5, 25, 0, 0, 0, 0, 35, 0, 32, 13, 1, 35, 1, 0 ] 2 6 162 98
f31e 606 [ 0, 5, 5, 25, 0, 0, 0, 0, 35, 0, 32, 13, 1, 35, 1, 0 ] 3 1 243 30
ee 608 [ 0, 5, 5, 25, 0, 0, 0, 0, 35, 0, 32, 13, 1, 35, 1, 0 ] 0 14 0 238
dab5 590 [ 0, 5, 5, 25, 0, 0, 0, 0, 35, 0, 32, 13, 1, 35, 1, 0 ] 10 11 218 181
7a05 592 [ 0, 5, 5, 25, 0, 0, 0, 0, 35, 0, 32, 13, 1, 35, 1, 0 ] 10 0 122 5
ee 594 [ 0, 5, 5, 25, 0, 0, 0, 0, 35, 0, 37, 13, 1, 35, 1, 0 ] 0 14 0 238
3a40 534 [ 0, 5, 5, 25, 0, 0, 0, 0, 35, 0, 37, 13, 1, 35, 1, 0 ] 10 4 58 64
1220 536 [ 0, 5, 5, 25, 0, 0, 0, 0, 35, 0, 37, 13, 1, 35, 1, 0 ] 2 2 18 32
7d01 544 [ 0, 5, 5, 25, 0, 0, 0, 0, 35, 0, 37, 13, 1, 35, 1, 0 ] 13 0 125 1
3d3f 546 [ 0, 5, 5, 25, 0, 0, 0, 0, 35, 0, 37, 13, 1, 36, 1, 0 ] 13 3 61 63
120a 548 [ 0, 5, 5, 25, 0, 0, 0, 0, 35, 0, 37, 13, 1, 36, 1, 0 ] 2 0 18 10
8cd0 522 [ 0, 5, 5, 25, 0, 0, 0, 0, 35, 0, 37, 13, 1, 36, 1, 0 ] 12 13 140 208
8ce2 524 [ 0, 5, 5, 25, 0, 0, 0, 0, 35, 0, 37, 13, 36, 36, 1, 0 ] 12 14 140 226
4c00 526 [ 0, 5, 5, 25, 0, 0, 0, 0, 35, 0, 37, 13, 0, 36, 1, 0 ] 12 0 76 0
1220 528 [ 0, 5, 5, 25, 0, 0, 0, 0, 35, 0, 37, 13, 0, 36, 1, 0 ] 2 2 18 32
7d01 544 [ 0, 5, 5, 25, 0, 0, 0, 0, 35, 0, 37, 13, 0, 36, 1, 0 ] 13 0 125 1
3d3f 546 [ 0, 5, 5, 25, 0, 0, 0, 0, 35, 0, 37, 13, 0, 37, 1, 0 ] 13 3 61 63
120a 548 [ 0, 5, 5, 25, 0, 0, 0, 0, 35, 0, 37, 13, 0, 37, 1, 0 ] 2 0 18 10
8cd0 522 [ 0, 5, 5, 25, 0, 0, 0, 0, 35, 0, 37, 13, 0, 37, 1, 0 ] 12 13 140 208
8ce2 524 [ 0, 5, 5, 25, 0, 0, 0, 0, 35, 0, 37, 13, 37, 37, 1, 0 ] 12 14 140 226
4c00 526 [ 0, 5, 5, 25, 0, 0, 0, 0, 35, 0, 37, 13, 1, 37, 1, 0 ] 12 0 76 0
88d0 530 [ 0, 5, 5, 25, 0, 0, 0, 0, 35, 0, 37, 13, 1, 37, 1, 0 ] 8 13 136 208
223e 532 [ 0, 5, 5, 25, 0, 0, 0, 0, 37, 0, 37, 13, 1, 37, 1, 0 ] 2 3 34 62
a294 574 [ 0, 5, 5, 25, 0, 0, 0, 0, 37, 0, 37, 13, 1, 37, 1, 0 ] 2 9 162 148
f833 576 [ 0, 5, 5, 25, 0, 0, 0, 0, 37, 0, 37, 13, 1, 37, 1, 0 ] 8 3 248 51
f265 578 [ 0, 5, 5, 25, 0, 0, 0, 0, 37, 0, 37, 13, 1, 37, 1, 0 ] 2 6 242 101
2254 580 [ 0, 3, 7, 25, 0, 0, 0, 0, 37, 0, 37, 13, 1, 37, 1, 0 ] 2 5 34 84
8310 596 [ 0, 3, 7, 25, 0, 0, 0, 0, 37, 0, 37, 13, 1, 37, 1, 0 ] 3 1 131 16
8334 598 [ 0, 3, 7, 3, 0, 0, 0, 0, 37, 0, 37, 13, 1, 37, 1, 0 ] 3 3 131 52
8334 600 [ 0, 3, 7, 6, 0, 0, 0, 0, 37, 0, 37, 13, 1, 37, 1, 0 ] 3 3 131 52
8314 602 [ 0, 3, 7, 12, 0, 0, 0, 0, 37, 0, 37, 13, 1, 37, 1, 0 ] 3 1 131 20
a262 604 [ 0, 3, 7, 15, 0, 0, 0, 0, 37, 0, 37, 13, 1, 37, 1, 0 ] 2 6 162 98
f31e 606 [ 0, 3, 7, 15, 0, 0, 0, 0, 37, 0, 37, 13, 1, 37, 1, 0 ] 3 1 243 30
ee 608 [ 0, 3, 7, 15, 0, 0, 0, 0, 37, 0, 37, 13, 1, 37, 1, 0 ] 0 14 0 238
dab5 582 [ 0, 3, 7, 15, 0, 0, 0, 0, 37, 0, 37, 13, 1, 37, 1, 0 ] 10 11 218 181
7a04 584 [ 0, 3, 7, 15, 0, 0, 0, 0, 37, 0, 37, 13, 1, 37, 1, 0 ] 10 0 122 4
8120 586 [ 0, 3, 7, 15, 0, 0, 0, 0, 37, 0, 41, 13, 1, 37, 1, 0 ] 1 2 129 32
2254 588 [ 0, 7, 7, 15, 0, 0, 0, 0, 37, 0, 41, 13, 1, 37, 1, 0 ] 2 5 34 84
8310 596 [ 0, 7, 7, 15, 0, 0, 0, 0, 37, 0, 41, 13, 1, 37, 1, 0 ] 3 1 131 16
8334 598 [ 0, 7, 7, 7, 0, 0, 0, 0, 37, 0, 41, 13, 1, 37, 1, 0 ] 3 3 131 52
8334 600 [ 0, 7, 7, 14, 0, 0, 0, 0, 37, 0, 41, 13, 1, 37, 1, 0 ] 3 3 131 52
8314 602 [ 0, 7, 7, 28, 0, 0, 0, 0, 37, 0, 41, 13, 1, 37, 1, 0 ] 3 1 131 20
a262 604 [ 0, 7, 7, 35, 0, 0, 0, 0, 37, 0, 41, 13, 1, 37, 1, 0 ] 2 6 162 98
f31e 606 [ 0, 7, 7, 35, 0, 0, 0, 0, 37, 0, 41, 13, 1, 37, 1, 0 ] 3 1 243 30
ee 608 [ 0, 7, 7, 35, 0, 0, 0, 0, 37, 0, 41, 13, 1, 37, 1, 0 ] 0 14 0 238
dab5 590 [ 0, 7, 7, 35, 0, 0, 0, 0, 37, 0, 41, 13, 1, 37, 1, 0 ] 10 11 218 181
7a05 592 [ 0, 7, 7, 35, 0, 0, 0, 0, 37, 0, 41, 13, 1, 37, 1, 0 ] 10 0 122 5
ee 594 [ 0, 7, 7, 35, 0, 0, 0, 0, 37, 0, 46, 13, 1, 37, 1, 0 ] 0 14 0 238
3a40 534 [ 0, 7, 7, 35, 0, 0, 0, 0, 37, 0, 46, 13, 1, 37, 1, 0 ] 10 4 58 64
1220 536 [ 0, 7, 7, 35, 0, 0, 0, 0, 37, 0, 46, 13, 1, 37, 1, 0 ] 2 2 18 32
7d01 544 [ 0, 7, 7, 35, 0, 0, 0, 0, 37, 0, 46, 13, 1, 37, 1, 0 ] 13 0 125 1
3d3f 546 [ 0, 7, 7, 35, 0, 0, 0, 0, 37, 0, 46, 13, 1, 38, 1, 0 ] 13 3 61 63
120a 548 [ 0, 7, 7, 35, 0, 0, 0, 0, 37, 0, 46, 13, 1, 38, 1, 0 ] 2 0 18 10
8cd0 522 [ 0, 7, 7, 35, 0, 0, 0, 0, 37, 0, 46, 13, 1, 38, 1, 0 ] 12 13 140 208
8ce2 524 [ 0, 7, 7, 35, 0, 0, 0, 0, 37, 0, 46, 13, 38, 38, 1, 0 ] 12 14 140 226
4c00 526 [ 0, 7, 7, 35, 0, 0, 0, 0, 37, 0, 46, 13, 0, 38, 1, 0 ] 12 0 76 0
1220 528 [ 0, 7, 7, 35, 0, 0, 0, 0, 37, 0, 46, 13, 0, 38, 1, 0 ] 2 2 18 32
7d01 544 [ 0, 7, 7, 35, 0, 0, 0, 0, 37, 0, 46, 13, 0, 38, 1, 0 ] 13 0 125 1
3d3f 546 [ 0, 7, 7, 35, 0, 0, 0, 0, 37, 0, 46, 13, 0, 39, 1, 0 ] 13 3 61 63
120a 548 [ 0, 7, 7, 35, 0, 0, 0, 0, 37, 0, 46, 13, 0, 39, 1, 0 ] 2 0 18 10
8cd0 522 [ 0, 7, 7, 35, 0, 0, 0, 0, 37, 0, 46, 13, 0, 39, 1, 0 ] 12 13 140 208
8ce2 524 [ 0, 7, 7, 35, 0, 0, 0, 0, 37, 0, 46, 13, 39, 39, 1, 0 ] 12 14 140 226
4c00 526 [ 0, 7, 7, 35, 0, 0, 0, 0, 37, 0, 46, 13, 1, 39, 1, 0 ] 12 0 76 0
88d0 530 [ 0, 7, 7, 35, 0, 0, 0, 0, 37, 0, 46, 13, 1, 39, 1, 0 ] 8 13 136 208
223e 532 [ 0, 7, 7, 35, 0, 0, 0, 0, 39, 0, 46, 13, 1, 39, 1, 0 ] 2 3 34 62
a294 574 [ 0, 7, 7, 35, 0, 0, 0, 0, 39, 0, 46, 13, 1, 39, 1, 0 ] 2 9 162 148
f833 576 [ 0, 7, 7, 35, 0, 0, 0, 0, 39, 0, 46, 13, 1, 39, 1, 0 ] 8 3 248 51
f265 578 [ 0, 7, 7, 35, 0, 0, 0, 0, 39, 0, 46, 13, 1, 39, 1, 0 ] 2 6 242 101
2254 580 [ 0, 3, 9, 35, 0, 0, 0, 0, 39, 0, 46, 13, 1, 39, 1, 0 ] 2 5 34 84
8310 596 [ 0, 3, 9, 35, 0, 0, 0, 0, 39, 0, 46, 13, 1, 39, 1, 0 ] 3 1 131 16
8334 598 [ 0, 3, 9, 3, 0, 0, 0, 0, 39, 0, 46, 13, 1, 39, 1, 0 ] 3 3 131 52
8334 600 [ 0, 3, 9, 6, 0, 0, 0, 0, 39, 0, 46, 13, 1, 39, 1, 0 ] 3 3 131 52
8314 602 [ 0, 3, 9, 12, 0, 0, 0, 0, 39, 0, 46, 13, 1, 39, 1, 0 ] 3 1 131 20
a262 604 [ 0, 3, 9, 15, 0, 0, 0, 0, 39, 0, 46, 13, 1, 39, 1, 0 ] 2 6 162 98
f31e 606 [ 0, 3, 9, 15, 0, 0, 0, 0, 39, 0, 46, 13, 1, 39, 1, 0 ] 3 1 243 30
ee 608 [ 0, 3, 9, 15, 0, 0, 0, 0, 39, 0, 46, 13, 1, 39, 1, 0 ] 0 14 0 238
dab5 582 [ 0, 3, 9, 15, 0, 0, 0, 0, 39, 0, 46, 13, 1, 39, 1, 0 ] 10 11 218 181
7a04 584 [ 0, 3, 9, 15, 0, 0, 0, 0, 39, 0, 46, 13, 1, 39, 1, 0 ] 10 0 122 4
8120 586 [ 0, 3, 9, 15, 0, 0, 0, 0, 39, 0, 50, 13, 1, 39, 1, 0 ] 1 2 129 32
2254 588 [ 0, 9, 9, 15, 0, 0, 0, 0, 39, 0, 50, 13, 1, 39, 1, 0 ] 2 5 34 84
8310 596 [ 0, 9, 9, 15, 0, 0, 0, 0, 39, 0, 50, 13, 1, 39, 1, 0 ] 3 1 131 16
8334 598 [ 0, 9, 9, 9, 0, 0, 0, 0, 39, 0, 50, 13, 1, 39, 1, 0 ] 3 3 131 52
8334 600 [ 0, 9, 9, 18, 0, 0, 0, 0, 39, 0, 50, 13, 1, 39, 1, 0 ] 3 3 131 52
8314 602 [ 0, 9, 9, 36, 0, 0, 0, 0, 39, 0, 50, 13, 1, 39, 1, 0 ] 3 1 131 20
a262 604 [ 0, 9, 9, 45, 0, 0, 0, 0, 39, 0, 50, 13, 1, 39, 1, 0 ] 2 6 162 98
f31e 606 [ 0, 9, 9, 45, 0, 0, 0, 0, 39, 0, 50, 13, 1, 39, 1, 0 ] 3 1 243 30
ee 608 [ 0, 9, 9, 45, 0, 0, 0, 0, 39, 0, 50, 13, 1, 39, 1, 0 ] 0 14 0 238
dab5 590 [ 0, 9, 9, 45, 0, 0, 0, 0, 39, 0, 50, 13, 1, 39, 1, 0 ] 10 11 218 181
7a05 592 [ 0, 9, 9, 45, 0, 0, 0, 0, 39, 0, 50, 13, 1, 39, 1, 0 ] 10 0 122 5
ee 594 [ 0, 9, 9, 45, 0, 0, 0, 0, 39, 0, 55, 13, 1, 39, 1, 0 ] 0 14 0 238
3a40 534 [ 0, 9, 9, 45, 0, 0, 0, 0, 39, 0, 55, 13, 1, 39, 1, 0 ] 10 4 58 64
1220 536 [ 0, 9, 9, 45, 0, 0, 0, 0, 39, 0, 55, 13, 1, 39, 1, 0 ] 2 2 18 32
7d01 544 [ 0, 9, 9, 45, 0, 0, 0, 0, 39, 0, 55, 13, 1, 39, 1, 0 ] 13 0 125 1
3d3f 546 [ 0, 9, 9, 45, 0, 0, 0, 0, 39, 0, 55, 13, 1, 40, 1, 0 ] 13 3 61 63
120a 548 [ 0, 9, 9, 45, 0, 0, 0, 0, 39, 0, 55, 13, 1, 40, 1, 0 ] 2 0 18 10
8cd0 522 [ 0, 9, 9, 45, 0, 0, 0, 0, 39, 0, 55, 13, 1, 40, 1, 0 ] 12 13 140 208
8ce2 524 [ 0, 9, 9, 45, 0, 0, 0, 0, 39, 0, 55, 13, 40, 40, 1, 0 ] 12 14 140 226
4c00 526 [ 0, 9, 9, 45, 0, 0, 0, 0, 39, 0, 55, 13, 0, 40, 1, 0 ] 12 0 76 0
1220 528 [ 0, 9, 9, 45, 0, 0, 0, 0, 39, 0, 55, 13, 0, 40, 1, 0 ] 2 2 18 32
7d01 544 [ 0, 9, 9, 45, 0, 0, 0, 0, 39, 0, 55, 13, 0, 40, 1, 0 ] 13 0 125 1
3d3f 546 [ 0, 9, 9, 45, 0, 0, 0, 0, 39, 0, 55, 13, 0, 41, 1, 0 ] 13 3 61 63
120a 548 [ 0, 9, 9, 45, 0, 0, 0, 0, 39, 0, 55, 13, 0, 41, 1, 0 ] 2 0 18 10
8cd0 522 [ 0, 9, 9, 45, 0, 0, 0, 0, 39, 0, 55, 13, 0, 41, 1, 0 ] 12 13 140 208
8ce2 524 [ 0, 9, 9, 45, 0, 0, 0, 0, 39, 0, 55, 13, 41, 41, 1, 0 ] 12 14 140 226
4c00 526 [ 0, 9, 9, 45, 0, 0, 0, 0, 39, 0, 55, 13, 1, 41, 1, 0 ] 12 0 76 0
88d0 530 [ 0, 9, 9, 45, 0, 0, 0, 0, 39, 0, 55, 13, 1, 41, 1, 0 ] 8 13 136 208
223e 532 [ 0, 9, 9, 45, 0, 0, 0, 0, 41, 0, 55, 13, 1, 41, 1, 0 ] 2 3 34 62
a294 574 [ 0, 9, 9, 45, 0, 0, 0, 0, 41, 0, 55, 13, 1, 41, 1, 0 ] 2 9 162 148
f833 576 [ 0, 9, 9, 45, 0, 0, 0, 0, 41, 0, 55, 13, 1, 41, 1, 0 ] 8 3 248 51
f265 578 [ 0, 9, 9, 45, 0, 0, 0, 0, 41, 0, 55, 13, 1, 41, 1, 0 ] 2 6 242 101
2254 580 [ 0, 4, 1, 45, 0, 0, 0, 0, 41, 0, 55, 13, 1, 41, 1, 0 ] 2 5 34 84
8310 596 [ 0, 4, 1, 45, 0, 0, 0, 0, 41, 0, 55, 13, 1, 41, 1, 0 ] 3 1 131 16
8334 598 [ 0, 4, 1, 4, 0, 0, 0, 0, 41, 0, 55, 13, 1, 41, 1, 0 ] 3 3 131 52
8334 600 [ 0, 4, 1, 8, 0, 0, 0, 0, 41, 0, 55, 13, 1, 41, 1, 0 ] 3 3 131 52
8314 602 [ 0, 4, 1, 16, 0, 0, 0, 0, 41, 0, 55, 13, 1, 41, 1, 0 ] 3 1 131 20
a262 604 [ 0, 4, 1, 20, 0, 0, 0, 0, 41, 0, 55, 13, 1, 41, 1, 0 ] 2 6 162 98
f31e 606 [ 0, 4, 1, 20, 0, 0, 0, 0, 41, 0, 55, 13, 1, 41, 1, 0 ] 3 1 243 30
ee 608 [ 0, 4, 1, 20, 0, 0, 0, 0, 41, 0, 55, 13, 1, 41, 1, 0 ] 0 14 0 238
dab5 582 [ 0, 4, 1, 20, 0, 0, 0, 0, 41, 0, 55, 13, 1, 41, 1, 0 ] 10 11 218 181
7a04 584 [ 0, 4, 1, 20, 0, 0, 0, 0, 41, 0, 55, 13, 1, 41, 1, 0 ] 10 0 122 4
8120 586 [ 0, 4, 1, 20, 0, 0, 0, 0, 41, 0, 59, 13, 1, 41, 1, 0 ] 1 2 129 32
2254 588 [ 0, 1, 1, 20, 0, 0, 0, 0, 41, 0, 59, 13, 1, 41, 1, 0 ] 2 5 34 84
8310 596 [ 0, 1, 1, 20, 0, 0, 0, 0, 41, 0, 59, 13, 1, 41, 1, 0 ] 3 1 131 16
8334 598 [ 0, 1, 1, 1, 0, 0, 0, 0, 41, 0, 59, 13, 1, 41, 1, 0 ] 3 3 131 52
8334 600 [ 0, 1, 1, 2, 0, 0, 0, 0, 41, 0, 59, 13, 1, 41, 1, 0 ] 3 3 131 52
8314 602 [ 0, 1, 1, 4, 0, 0, 0, 0, 41, 0, 59, 13, 1, 41, 1, 0 ] 3 1 131 20
a262 604 [ 0, 1, 1, 5, 0, 0, 0, 0, 41, 0, 59, 13, 1, 41, 1, 0 ] 2 6 162 98
f31e 606 [ 0, 1, 1, 5, 0, 0, 0, 0, 41, 0, 59, 13, 1, 41, 1, 0 ] 3 1 243 30
ee 608 [ 0, 1, 1, 5, 0, 0, 0, 0, 41, 0, 59, 13, 1, 41, 1, 0 ] 0 14 0 238
dab5 590 [ 0, 1, 1, 5, 0, 0, 0, 0, 41, 0, 59, 13, 1, 41, 1, 0 ] 10 11 218 181
7a05 592 [ 0, 1, 1, 5, 0, 0, 0, 0, 41, 0, 59, 13, 1, 41, 1, 0 ] 10 0 122 5
ee 594 [ 0, 1, 1, 5, 0, 0, 0, 0, 41, 0, 64, 13, 1, 41, 1, 0 ] 0 14 0 238
3a40 534 [ 0, 1, 1, 5, 0, 0, 0, 0, 41, 0, 64, 13, 1, 41, 1, 0 ] 10 4 58 64
6a01 538 [ 0, 1, 1, 5, 0, 0, 0, 0, 41, 0, 64, 13, 1, 41, 1, 0 ] 10 0 106 1
7b06 540 [ 0, 1, 1, 5, 0, 0, 0, 0, 41, 0, 1, 13, 1, 41, 1, 0 ] 11 0 123 6
3c3f 542 [ 0, 1, 1, 5, 0, 0, 0, 0, 41, 0, 1, 19, 1, 41, 1, 0 ] 12 3 60 63
7d01 544 [ 0, 1, 1, 5, 0, 0, 0, 0, 41, 0, 1, 19, 1, 41, 1, 0 ] 13 0 125 1
3d3f 546 [ 0, 1, 1, 5, 0, 0, 0, 0, 41, 0, 1, 19, 1, 42, 1, 0 ] 13 3 61 63
120a 548 [ 0, 1, 1, 5, 0, 0, 0, 0, 41, 0, 1, 19, 1, 42, 1, 0 ] 2 0 18 10
8cd0 522 [ 0, 1, 1, 5, 0, 0, 0, 0, 41, 0, 1, 19, 1, 42, 1, 0 ] 12 13 140 208
8ce2 524 [ 0, 1, 1, 5, 0, 0, 0, 0, 41, 0, 1, 19, 42, 42, 1, 0 ] 12 14 140 226
4c00 526 [ 0, 1, 1, 5, 0, 0, 0, 0, 41, 0, 1, 19, 0, 42, 1, 0 ] 12 0 76 0
1220 528 [ 0, 1, 1, 5, 0, 0, 0, 0, 41, 0, 1, 19, 0, 42, 1, 0 ] 2 2 18 32
7d01 544 [ 0, 1, 1, 5, 0, 0, 0, 0, 41, 0, 1, 19, 0, 42, 1, 0 ] 13 0 125 1
3d3f 546 [ 0, 1, 1, 5, 0, 0, 0, 0, 41, 0, 1, 19, 0, 43, 1, 0 ] 13 3 61 63
120a 548 [ 0, 1, 1, 5, 0, 0, 0, 0, 41, 0, 1, 19, 0, 43, 1, 0 ] 2 0 18 10
8cd0 522 [ 0, 1, 1, 5, 0, 0, 0, 0, 41, 0, 1, 19, 0, 43, 1, 0 ] 12 13 140 208
8ce2 524 [ 0, 1, 1, 5, 0, 0, 0, 0, 41, 0, 1, 19, 43, 43, 1, 0 ] 12 14 140 226
4c00 526 [ 0, 1, 1, 5, 0, 0, 0, 0, 41, 0, 1, 19, 1, 43, 1, 0 ] 12 0 76 0
88d0 530 [ 0, 1, 1, 5, 0, 0, 0, 0, 41, 0, 1, 19, 1, 43, 1, 0 ] 8 13 136 208
223e 532 [ 0, 1, 1, 5, 0, 0, 0, 0, 43, 0, 1, 19, 1, 43, 1, 0 ] 2 3 34 62
a294 574 [ 0, 1, 1, 5, 0, 0, 0, 0, 43, 0, 1, 19, 1, 43, 1, 0 ] 2 9 162 148
f833 576 [ 0, 1, 1, 5, 0, 0, 0, 0, 43, 0, 1, 19, 1, 43, 1, 0 ] 8 3 248 51
f265 578 [ 0, 1, 1, 5, 0, 0, 0, 0, 43, 0, 1, 19, 1, 43, 1, 0 ] 2 6 242 101
2254 580 [ 0, 4, 3, 5, 0, 0, 0, 0, 43, 0, 1, 19, 1, 43, 1, 0 ] 2 5 34 84
8310 596 [ 0, 4, 3, 5, 0, 0, 0, 0, 43, 0, 1, 19, 1, 43, 1, 0 ] 3 1 131 16
8334 598 [ 0, 4, 3, 4, 0, 0, 0, 0, 43, 0, 1, 19, 1, 43, 1, 0 ] 3 3 131 52
8334 600 [ 0, 4, 3, 8, 0, 0, 0, 0, 43, 0, 1, 19, 1, 43, 1, 0 ] 3 3 131 52
8314 602 [ 0, 4, 3, 16, 0, 0, 0, 0, 43, 0, 1, 19, 1, 43, 1, 0 ] 3 1 131 20
a262 604 [ 0, 4, 3, 20, 0, 0, 0, 0, 43, 0, 1, 19, 1, 43, 1, 0 ] 2 6 162 98
f31e 606 [ 0, 4, 3, 20, 0, 0, 0, 0, 43, 0, 1, 19, 1, 43, 1, 0 ] 3 1 243 30
ee 608 [ 0, 4, 3, 20, 0, 0, 0, 0, 43, 0, 1, 19, 1, 43, 1, 0 ] 0 14 0 238
dab5 582 [ 0, 4, 3, 20, 0, 0, 0, 0, 43, 0, 1, 19, 1, 43, 1, 0 ] 10 11 218 181
7a04 584 [ 0, 4, 3, 20, 0, 0, 0, 0, 43, 0, 1, 19, 1, 43, 1, 0 ] 10 0 122 4
8120 586 [ 0, 4, 3, 20, 0, 0, 0, 0, 43, 0, 5, 19, 1, 43, 1, 0 ] 1 2 129 32
2254 588 [ 0, 3, 3, 20, 0, 0, 0, 0, 43, 0, 5, 19, 1, 43, 1, 0 ] 2 5 34 84
8310 596 [ 0, 3, 3, 20, 0, 0, 0, 0, 43, 0, 5, 19, 1, 43, 1, 0 ] 3 1 131 16
8334 598 [ 0, 3, 3, 3, 0, 0, 0, 0, 43, 0, 5, 19, 1, 43, 1, 0 ] 3 3 131 52
8334 600 [ 0, 3, 3, 6, 0, 0, 0, 0, 43, 0, 5, 19, 1, 43, 1, 0 ] 3 3 131 52
8314 602 [ 0, 3, 3, 12, 0, 0, 0, 0, 43, 0, 5, 19, 1, 43, 1, 0 ] 3 1 131 20
a262 604 [ 0, 3, 3, 15, 0, 0, 0, 0, 43, 0, 5, 19, 1, 43, 1, 0 ] 2 6 162 98
f31e 606 [ 0, 3, 3, 15, 0, 0, 0, 0, 43, 0, 5, 19, 1, 43, 1, 0 ] 3 1 243 30
ee 608 [ 0, 3, 3, 15, 0, 0, 0, 0, 43, 0, 5, 19, 1, 43, 1, 0 ] 0 14 0 238
dab5 590 [ 0, 3, 3, 15, 0, 0, 0, 0, 43, 0, 5, 19, 1, 43, 1, 0 ] 10 11 218 181
7a05 592 [ 0, 3, 3, 15, 0, 0, 0, 0, 43, 0, 5, 19, 1, 43, 1, 0 ] 10 0 122 5
ee 594 [ 0, 3, 3, 15, 0, 0, 0, 0, 43, 0, 10, 19, 1, 43, 1, 0 ] 0 14 0 238
3a40 534 [ 0, 3, 3, 15, 0, 0, 0, 0, 43, 0, 10, 19, 1, 43, 1, 0 ] 10 4 58 64
1220 536 [ 0, 3, 3, 15, 0, 0, 0, 0, 43, 0, 10, 19, 1, 43, 1, 0 ] 2 2 18 32
7d01 544 [ 0, 3, 3, 15, 0, 0, 0, 0, 43, 0, 10, 19, 1, 43, 1, 0 ] 13 0 125 1
3d3f 546 [ 0, 3, 3, 15, 0, 0, 0, 0, 43, 0, 10, 19, 1, 44, 1, 0 ] 13 3 61 63
120a 548 [ 0, 3, 3, 15, 0, 0, 0, 0, 43, 0, 10, 19, 1, 44, 1, 0 ] 2 0 18 10
8cd0 522 [ 0, 3, 3, 15, 0, 0, 0, 0, 43, 0, 10, 19, 1, 44, 1, 0 ] 12 13 140 208
8ce2 524 [ 0, 3, 3, 15, 0, 0, 0, 0, 43, 0, 10, 19, 44, 44, 1, 0 ] 12 14 140 226
4c00 526 [ 0, 3, 3, 15, 0, 0, 0, 0, 43, 0, 10, 19, 0, 44, 1, 0 ] 12 0 76 0
1220 528 [ 0, 3, 3, 15, 0, 0, 0, 0, 43, 0, 10, 19, 0, 44, 1, 0 ] 2 2 18 32
7d01 544 [ 0, 3, 3, 15, 0, 0, 0, 0, 43, 0, 10, 19, 0, 44, 1, 0 ] 13 0 125 1
3d3f 546 [ 0, 3, 3, 15, 0, 0, 0, 0, 43, 0, 10, 19, 0, 45, 1, 0 ] 13 3 61 63
120a 548 [ 0, 3, 3, 15, 0, 0, 0, 0, 43, 0, 10, 19, 0, 45, 1, 0 ] 2 0 18 10
8cd0 522 [ 0, 3, 3, 15, 0, 0, 0, 0, 43, 0, 10, 19, 0, 45, 1, 0 ] 12 13 140 208
8ce2 524 [ 0, 3, 3, 15, 0, 0, 0, 0, 43, 0, 10, 19, 45, 45, 1, 0 ] 12 14 140 226
4c00 526 [ 0, 3, 3, 15, 0, 0, 0, 0, 43, 0, 10, 19, 1, 45, 1, 0 ] 12 0 76 0
88d0 530 [ 0, 3, 3, 15, 0, 0, 0, 0, 43, 0, 10, 19, 1, 45, 1, 0 ] 8 13 136 208
223e 532 [ 0, 3, 3, 15, 0, 0, 0, 0, 45, 0, 10, 19, 1, 45, 1, 0 ] 2 3 34 62
a294 574 [ 0, 3, 3, 15, 0, 0, 0, 0, 45, 0, 10, 19, 1, 45, 1, 0 ] 2 9 162 148
f833 576 [ 0, 3, 3, 15, 0, 0, 0, 0, 45, 0, 10, 19, 1, 45, 1, 0 ] 8 3 248 51
f265 578 [ 0, 3, 3, 15, 0, 0, 0, 0, 45, 0, 10, 19, 1, 45, 1, 0 ] 2 6 242 101
2254 580 [ 0, 4, 5, 15, 0, 0, 0, 0, 45, 0, 10, 19, 1, 45, 1, 0 ] 2 5 34 84
8310 596 [ 0, 4, 5, 15, 0, 0, 0, 0, 45, 0, 10, 19, 1, 45, 1, 0 ] 3 1 131 16
8334 598 [ 0, 4, 5, 4, 0, 0, 0, 0, 45, 0, 10, 19, 1, 45, 1, 0 ] 3 3 131 52
8334 600 [ 0, 4, 5, 8, 0, 0, 0, 0, 45, 0, 10, 19, 1, 45, 1, 0 ] 3 3 131 52
8314 602 [ 0, 4, 5, 16, 0, 0, 0, 0, 45, 0, 10, 19, 1, 45, 1, 0 ] 3 1 131 20
a262 604 [ 0, 4, 5, 20, 0, 0, 0, 0, 45, 0, 10, 19, 1, 45, 1, 0 ] 2 6 162 98
f31e 606 [ 0, 4, 5, 20, 0, 0, 0, 0, 45, 0, 10, 19, 1, 45, 1, 0 ] 3 1 243 30
ee 608 [ 0, 4, 5, 20, 0, 0, 0, 0, 45, 0, 10, 19, 1, 45, 1, 0 ] 0 14 0 238
dab5 582 [ 0, 4, 5, 20, 0, 0, 0, 0, 45, 0, 10, 19, 1, 45, 1, 0 ] 10 11 218 181
7a04 584 [ 0, 4, 5, 20, 0, 0, 0, 0, 45, 0, 10, 19, 1, 45, 1, 0 ] 10 0 122 4
8120 586 [ 0, 4, 5, 20, 0, 0, 0, 0, 45, 0, 14, 19, 1, 45, 1, 0 ] 1 2 129 32
2254 588 [ 0, 5, 5, 20, 0, 0, 0, 0, 45, 0, 14, 19, 1, 45, 1, 0 ] 2 5 34 84
8310 596 [ 0, 5, 5, 20, 0, 0, 0, 0, 45, 0, 14, 19, 1, 45, 1, 0 ] 3 1 131 16
8334 598 [ 0, 5, 5, 5, 0, 0, 0, 0, 45, 0, 14, 19, 1, 45, 1, 0 ] 3 3 131 52
8334 600 [ 0, 5, 5, 10, 0, 0, 0, 0, 45, 0, 14, 19, 1, 45, 1, 0 ] 3 3 131 52
8314 602 [ 0, 5, 5, 20, 0, 0, 0, 0, 45, 0, 14, 19, 1, 45, 1, 0 ] 3 1 131 20
a262 604 [ 0, 5, 5, 25, 0, 0, 0, 0, 45, 0, 14, 19, 1, 45, 1, 0 ] 2 6 162 98
f31e 606 [ 0, 5, 5, 25, 0, 0, 0, 0, 45, 0, 14, 19, 1, 45, 1, 0 ] 3 1 243 30
ee 608 [ 0, 5, 5, 25, 0, 0, 0, 0, 45, 0, 14, 19, 1, 45, 1, 0 ] 0 14 0 238
dab5 590 [ 0, 5, 5, 25, 0, 0, 0, 0, 45, 0, 14, 19, 1, 45, 1, 0 ] 10 11 218 181
7a05 592 [ 0, 5, 5, 25, 0, 0, 0, 0, 45, 0, 14, 19, 1, 45, 1, 0 ] 10 0 122 5
ee 594 [ 0, 5, 5, 25, 0, 0, 0, 0, 45, 0, 19, 19, 1, 45, 1, 0 ] 0 14 0 238
3a40 534 [ 0, 5, 5, 25, 0, 0, 0, 0, 45, 0, 19, 19, 1, 45, 1, 0 ] 10 4 58 64
1220 536 [ 0, 5, 5, 25, 0, 0, 0, 0, 45, 0, 19, 19, 1, 45, 1, 0 ] 2 2 18 32
7d01 544 [ 0, 5, 5, 25, 0, 0, 0, 0, 45, 0, 19, 19, 1, 45, 1, 0 ] 13 0 125 1
3d3f 546 [ 0, 5, 5, 25, 0, 0, 0, 0, 45, 0, 19, 19, 1, 46, 1, 0 ] 13 3 61 63
120a 548 [ 0, 5, 5, 25, 0, 0, 0, 0, 45, 0, 19, 19, 1, 46, 1, 0 ] 2 0 18 10
8cd0 522 [ 0, 5, 5, 25, 0, 0, 0, 0, 45, 0, 19, 19, 1, 46, 1, 0 ] 12 13 140 208
8ce2 524 [ 0, 5, 5, 25, 0, 0, 0, 0, 45, 0, 19, 19, 46, 46, 1, 0 ] 12 14 140 226
4c00 526 [ 0, 5, 5, 25, 0, 0, 0, 0, 45, 0, 19, 19, 0, 46, 1, 0 ] 12 0 76 0
1220 528 [ 0, 5, 5, 25, 0, 0, 0, 0, 45, 0, 19, 19, 0, 46, 1, 0 ] 2 2 18 32
7d01 544 [ 0, 5, 5, 25, 0, 0, 0, 0, 45, 0, 19, 19, 0, 46, 1, 0 ] 13 0 125 1
3d3f 546 [ 0, 5, 5, 25, 0, 0, 0, 0, 45, 0, 19, 19, 0, 47, 1, 0 ] 13 3 61 63
120a 548 [ 0, 5, 5, 25, 0, 0, 0, 0, 45, 0, 19, 19, 0, 47, 1, 0 ] 2 0 18 10
8cd0 522 [ 0, 5, 5, 25, 0, 0, 0, 0, 45, 0, 19, 19, 0, 47, 1, 0 ] 12 13 140 208
8ce2 524 [ 0, 5, 5, 25, 0, 0, 0, 0, 45, 0, 19, 19, 47, 47, 1, 0 ] 12 14 140 226
4c00 526 [ 0, 5, 5, 25, 0, 0, 0, 0, 45, 0, 19, 19, 1, 47, 1, 0 ] 12 0 76 0
88d0 530 [ 0, 5, 5, 25, 0, 0, 0, 0, 45, 0, 19, 19, 1, 47, 1, 0 ] 8 13 136 208
223e 532 [ 0, 5, 5, 25, 0, 0, 0, 0, 47, 0, 19, 19, 1, 47, 1, 0 ] 2 3 34 62
a294 574 [ 0, 5, 5, 25, 0, 0, 0, 0, 47, 0, 19, 19, 1, 47, 1, 0 ] 2 9 162 148
f833 576 [ 0, 5, 5, 25, 0, 0, 0, 0, 47, 0, 19, 19, 1, 47, 1, 0 ] 8 3 248 51
f265 578 [ 0, 5, 5, 25, 0, 0, 0, 0, 47, 0, 19, 19, 1, 47, 1, 0 ] 2 6 242 101
2254 580 [ 0, 4, 7, 25, 0, 0, 0, 0, 47, 0, 19, 19, 1, 47, 1, 0 ] 2 5 34 84
8310 596 [ 0, 4, 7, 25, 0, 0, 0, 0, 47, 0, 19, 19, 1, 47, 1, 0 ] 3 1 131 16
8334 598 [ 0, 4, 7, 4, 0, 0, 0, 0, 47, 0, 19, 19, 1, 47, 1, 0 ] 3 3 131 52
8334 600 [ 0, 4, 7, 8, 0, 0, 0, 0, 47, 0, 19, 19, 1, 47, 1, 0 ] 3 3 131 52
8314 602 [ 0, 4, 7, 16, 0, 0, 0, 0, 47, 0, 19, 19, 1, 47, 1, 0 ] 3 1 131 20
a262 604 [ 0, 4, 7, 20, 0, 0, 0, 0, 47, 0, 19, 19, 1, 47, 1, 0 ] 2 6 162 98
f31e 606 [ 0, 4, 7, 20, 0, 0, 0, 0, 47, 0, 19, 19, 1, 47, 1, 0 ] 3 1 243 30
ee 608 [ 0, 4, 7, 20, 0, 0, 0, 0, 47, 0, 19, 19, 1, 47, 1, 0 ] 0 14 0 238
dab5 582 [ 0, 4, 7, 20, 0, 0, 0, 0, 47, 0, 19, 19, 1, 47, 1, 0 ] 10 11 218 181
7a04 584 [ 0, 4, 7, 20, 0, 0, 0, 0, 47, 0, 19, 19, 1, 47, 1, 0 ] 10 0 122 4
8120 586 [ 0, 4, 7, 20, 0, 0, 0, 0, 47, 0, 23, 19, 1, 47, 1, 0 ] 1 2 129 32
2254 588 [ 0, 7, 7, 20, 0, 0, 0, 0, 47, 0, 23, 19, 1, 47, 1, 0 ] 2 5 34 84
8310 596 [ 0, 7, 7, 20, 0, 0, 0, 0, 47, 0, 23, 19, 1, 47, 1, 0 ] 3 1 131 16
8334 598 [ 0, 7, 7, 7, 0, 0, 0, 0, 47, 0, 23, 19, 1, 47, 1, 0 ] 3 3 131 52
8334 600 [ 0, 7, 7, 14, 0, 0, 0, 0, 47, 0, 23, 19, 1, 47, 1, 0 ] 3 3 131 52
8314 602 [ 0, 7, 7, 28, 0, 0, 0, 0, 47, 0, 23, 19, 1, 47, 1, 0 ] 3 1 131 20
a262 604 [ 0, 7, 7, 35, 0, 0, 0, 0, 47, 0, 23, 19, 1, 47, 1, 0 ] 2 6 162 98
f31e 606 [ 0, 7, 7, 35, 0, 0, 0, 0, 47, 0, 23, 19, 1, 47, 1, 0 ] 3 1 243 30
ee 608 [ 0, 7, 7, 35, 0, 0, 0, 0, 47, 0, 23, 19, 1, 47, 1, 0 ] 0 14 0 238
dab5 590 [ 0, 7, 7, 35, 0, 0, 0, 0, 47, 0, 23, 19, 1, 47, 1, 0 ] 10 11 218 181
7a05 592 [ 0, 7, 7, 35, 0, 0, 0, 0, 47, 0, 23, 19, 1, 47, 1, 0 ] 10 0 122 5
ee 594 [ 0, 7, 7, 35, 0, 0, 0, 0, 47, 0, 28, 19, 1, 47, 1, 0 ] 0 14 0 238
3a40 534 [ 0, 7, 7, 35, 0, 0, 0, 0, 47, 0, 28, 19, 1, 47, 1, 0 ] 10 4 58 64
1220 536 [ 0, 7, 7, 35, 0, 0, 0, 0, 47, 0, 28, 19, 1, 47, 1, 0 ] 2 2 18 32
7d01 544 [ 0, 7, 7, 35, 0, 0, 0, 0, 47, 0, 28, 19, 1, 47, 1, 0 ] 13 0 125 1
3d3f 546 [ 0, 7, 7, 35, 0, 0, 0, 0, 47, 0, 28, 19, 1, 48, 1, 0 ] 13 3 61 63
120a 548 [ 0, 7, 7, 35, 0, 0, 0, 0, 47, 0, 28, 19, 1, 48, 1, 0 ] 2 0 18 10
8cd0 522 [ 0, 7, 7, 35, 0, 0, 0, 0, 47, 0, 28, 19, 1, 48, 1, 0 ] 12 13 140 208
8ce2 524 [ 0, 7, 7, 35, 0, 0, 0, 0, 47, 0, 28, 19, 48, 48, 1, 0 ] 12 14 140 226
4c00 526 [ 0, 7, 7, 35, 0, 0, 0, 0, 47, 0, 28, 19, 0, 48, 1, 0 ] 12 0 76 0
1220 528 [ 0, 7, 7, 35, 0, 0, 0, 0, 47, 0, 28, 19, 0, 48, 1, 0 ] 2 2 18 32
7d01 544 [ 0, 7, 7, 35, 0, 0, 0, 0, 47, 0, 28, 19, 0, 48, 1, 0 ] 13 0 125 1
3d3f 546 [ 0, 7, 7, 35, 0, 0, 0, 0, 47, 0, 28, 19, 0, 49, 1, 0 ] 13 3 61 63
120a 548 [ 0, 7, 7, 35, 0, 0, 0, 0, 47, 0, 28, 19, 0, 49, 1, 0 ] 2 0 18 10
8cd0 522 [ 0, 7, 7, 35, 0, 0, 0, 0, 47, 0, 28, 19, 0, 49, 1, 0 ] 12 13 140 208
8ce2 524 [ 0, 7, 7, 35, 0, 0, 0, 0, 47, 0, 28, 19, 49, 49, 1, 0 ] 12 14 140 226
4c00 526 [ 0, 7, 7, 35, 0, 0, 0, 0, 47, 0, 28, 19, 1, 49, 1, 0 ] 12 0 76 0
88d0 530 [ 0, 7, 7, 35, 0, 0, 0, 0, 47, 0, 28, 19, 1, 49, 1, 0 ] 8 13 136 208
223e 532 [ 0, 7, 7, 35, 0, 0, 0, 0, 49, 0, 28, 19, 1, 49, 1, 0 ] 2 3 34 62
a294 574 [ 0, 7, 7, 35, 0, 0, 0, 0, 49, 0, 28, 19, 1, 49, 1, 0 ] 2 9 162 148
f833 576 [ 0, 7, 7, 35, 0, 0, 0, 0, 49, 0, 28, 19, 1, 49, 1, 0 ] 8 3 248 51
f265 578 [ 0, 7, 7, 35, 0, 0, 0, 0, 49, 0, 28, 19, 1, 49, 1, 0 ] 2 6 242 101
2254 580 [ 0, 4, 9, 35, 0, 0, 0, 0, 49, 0, 28, 19, 1, 49, 1, 0 ] 2 5 34 84
8310 596 [ 0, 4, 9, 35, 0, 0, 0, 0, 49, 0, 28, 19, 1, 49, 1, 0 ] 3 1 131 16
8334 598 [ 0, 4, 9, 4, 0, 0, 0, 0, 49, 0, 28, 19, 1, 49, 1, 0 ] 3 3 131 52
8334 600 [ 0, 4, 9, 8, 0, 0, 0, 0, 49, 0, 28, 19, 1, 49, 1, 0 ] 3 3 131 52
8314 602 [ 0, 4, 9, 16, 0, 0, 0, 0, 49, 0, 28, 19, 1, 49, 1, 0 ] 3 1 131 20
a262 604 [ 0, 4, 9, 20, 0, 0, 0, 0, 49, 0, 28, 19, 1, 49, 1, 0 ] 2 6 162 98
f31e 606 [ 0, 4, 9, 20, 0, 0, 0, 0, 49, 0, 28, 19, 1, 49, 1, 0 ] 3 1 243 30
ee 608 [ 0, 4, 9, 20, 0, 0, 0, 0, 49, 0, 28, 19, 1, 49, 1, 0 ] 0 14 0 238
dab5 582 [ 0, 4, 9, 20, 0, 0, 0, 0, 49, 0, 28, 19, 1, 49, 1, 0 ] 10 11 218 181
7a04 584 [ 0, 4, 9, 20, 0, 0, 0, 0, 49, 0, 28, 19, 1, 49, 1, 0 ] 10 0 122 4
8120 586 [ 0, 4, 9, 20, 0, 0, 0, 0, 49, 0, 32, 19, 1, 49, 1, 0 ] 1 2 129 32
2254 588 [ 0, 9, 9, 20, 0, 0, 0, 0, 49, 0, 32, 19, 1, 49, 1, 0 ] 2 5 34 84
8310 596 [ 0, 9, 9, 20, 0, 0, 0, 0, 49, 0, 32, 19, 1, 49, 1, 0 ] 3 1 131 16
8334 598 [ 0, 9, 9, 9, 0, 0, 0, 0, 49, 0, 32, 19, 1, 49, 1, 0 ] 3 3 131 52
8334 600 [ 0, 9, 9, 18, 0, 0, 0, 0, 49, 0, 32, 19, 1, 49, 1, 0 ] 3 3 131 52
8314 602 [ 0, 9, 9, 36, 0, 0, 0, 0, 49, 0, 32, 19, 1, 49, 1, 0 ] 3 1 131 20
a262 604 [ 0, 9, 9, 45, 0, 0, 0, 0, 49, 0, 32, 19, 1, 49, 1, 0 ] 2 6 162 98
f31e 606 [ 0, 9, 9, 45, 0, 0, 0, 0, 49, 0, 32, 19, 1, 49, 1, 0 ] 3 1 243 30
ee 608 [ 0, 9, 9, 45, 0, 0, 0, 0, 49, 0, 32, 19, 1, 49, 1, 0 ] 0 14 0 238
dab5 590 [ 0, 9, 9, 45, 0, 0, 0, 0, 49, 0, 32, 19, 1, 49, 1, 0 ] 10 11 218 181
7a05 592 [ 0, 9, 9, 45, 0, 0, 0, 0, 49, 0, 32, 19, 1, 49, 1, 0 ] 10 0 122 5
ee 594 [ 0, 9, 9, 45, 0, 0, 0, 0, 49, 0, 37, 19, 1, 49, 1, 0 ] 0 14 0 238
3a40 534 [ 0, 9, 9, 45, 0, 0, 0, 0, 49, 0, 37, 19, 1, 49, 1, 0 ] 10 4 58 64
1220 536 [ 0, 9, 9, 45, 0, 0, 0, 0, 49, 0, 37, 19, 1, 49, 1, 0 ] 2 2 18 32
7d01 544 [ 0, 9, 9, 45, 0, 0, 0, 0, 49, 0, 37, 19, 1, 49, 1, 0 ] 13 0 125 1
3d3f 546 [ 0, 9, 9, 45, 0, 0, 0, 0, 49, 0, 37, 19, 1, 50, 1, 0 ] 13 3 61 63
120a 548 [ 0, 9, 9, 45, 0, 0, 0, 0, 49, 0, 37, 19, 1, 50, 1, 0 ] 2 0 18 10
8cd0 522 [ 0, 9, 9, 45, 0, 0, 0, 0, 49, 0, 37, 19, 1, 50, 1, 0 ] 12 13 140 208
8ce2 524 [ 0, 9, 9, 45, 0, 0, 0, 0, 49, 0, 37, 19, 50, 50, 1, 0 ] 12 14 140 226
4c00 526 [ 0, 9, 9, 45, 0, 0, 0, 0, 49, 0, 37, 19, 0, 50, 1, 0 ] 12 0 76 0
1220 528 [ 0, 9, 9, 45, 0, 0, 0, 0, 49, 0, 37, 19, 0, 50, 1, 0 ] 2 2 18 32
7d01 544 [ 0, 9, 9, 45, 0, 0, 0, 0, 49, 0, 37, 19, 0, 50, 1, 0 ] 13 0 125 1
3d3f 546 [ 0, 9, 9, 45, 0, 0, 0, 0, 49, 0, 37, 19, 0, 51, 1, 0 ] 13 3 61 63
120a 548 [ 0, 9, 9, 45, 0, 0, 0, 0, 49, 0, 37, 19, 0, 51, 1, 0 ] 2 0 18 10
8cd0 522 [ 0, 9, 9, 45, 0, 0, 0, 0, 49, 0, 37, 19, 0, 51, 1, 0 ] 12 13 140 208
8ce2 524 [ 0, 9, 9, 45, 0, 0, 0, 0, 49, 0, 37, 19, 51, 51, 1, 0 ] 12 14 140 226
4c00 526 [ 0, 9, 9, 45, 0, 0, 0, 0, 49, 0, 37, 19, 1, 51, 1, 0 ] 12 0 76 0
88d0 530 [ 0, 9, 9, 45, 0, 0, 0, 0, 49, 0, 37, 19, 1, 51, 1, 0 ] 8 13 136 208
223e 532 [ 0, 9, 9, 45, 0, 0, 0, 0, 51, 0, 37, 19, 1, 51, 1, 0 ] 2 3 34 62
a294 574 [ 0, 9, 9, 45, 0, 0, 0, 0, 51, 0, 37, 19, 1, 51, 1, 0 ] 2 9 162 148
f833 576 [ 0, 9, 9, 45, 0, 0, 0, 0, 51, 0, 37, 19, 1, 51, 1, 0 ] 8 3 248 51
f265 578 [ 0, 9, 9, 45, 0, 0, 0, 0, 51, 0, 37, 19, 1, 51, 1, 0 ] 2 6 242 101
2254 580 [ 0, 5, 1, 45, 0, 0, 0, 0, 51, 0, 37, 19, 1, 51, 1, 0 ] 2 5 34 84
8310 596 [ 0, 5, 1, 45, 0, 0, 0, 0, 51, 0, 37, 19, 1, 51, 1, 0 ] 3 1 131 16
8334 598 [ 0, 5, 1, 5, 0, 0, 0, 0, 51, 0, 37, 19, 1, 51, 1, 0 ] 3 3 131 52
8334 600 [ 0, 5, 1, 10, 0, 0, 0, 0, 51, 0, 37, 19, 1, 51, 1, 0 ] 3 3 131 52
8314 602 [ 0, 5, 1, 20, 0, 0, 0, 0, 51, 0, 37, 19, 1, 51, 1, 0 ] 3 1 131 20
a262 604 [ 0, 5, 1, 25, 0, 0, 0, 0, 51, 0, 37, 19, 1, 51, 1, 0 ] 2 6 162 98
f31e 606 [ 0, 5, 1, 25, 0, 0, 0, 0, 51, 0, 37, 19, 1, 51, 1, 0 ] 3 1 243 30
ee 608 [ 0, 5, 1, 25, 0, 0, 0, 0, 51, 0, 37, 19, 1, 51, 1, 0 ] 0 14 0 238
dab5 582 [ 0, 5, 1, 25, 0, 0, 0, 0, 51, 0, 37, 19, 1, 51, 1, 0 ] 10 11 218 181
7a04 584 [ 0, 5, 1, 25, 0, 0, 0, 0, 51, 0, 37, 19, 1, 51, 1, 0 ] 10 0 122 4
8120 586 [ 0, 5, 1, 25, 0, 0, 0, 0, 51, 0, 41, 19, 1, 51, 1, 0 ] 1 2 129 32
2254 588 [ 0, 1, 1, 25, 0, 0, 0, 0, 51, 0, 41, 19, 1, 51, 1, 0 ] 2 5 34 84
8310 596 [ 0, 1, 1, 25, 0, 0, 0, 0, 51, 0, 41, 19, 1, 51, 1, 0 ] 3 1 131 16
8334 598 [ 0, 1, 1, 1, 0, 0, 0, 0, 51, 0, 41, 19, 1, 51, 1, 0 ] 3 3 131 52
8334 600 [ 0, 1, 1, 2, 0, 0, 0, 0, 51, 0, 41, 19, 1, 51, 1, 0 ] 3 3 131 52
8314 602 [ 0, 1, 1, 4, 0, 0, 0, 0, 51, 0, 41, 19, 1, 51, 1, 0 ] 3 1 131 20
a262 604 [ 0, 1, 1, 5, 0, 0, 0, 0, 51, 0, 41, 19, 1, 51, 1, 0 ] 2 6 162 98
f31e 606 [ 0, 1, 1, 5, 0, 0, 0, 0, 51, 0, 41, 19, 1, 51, 1, 0 ] 3 1 243 30
ee 608 [ 0, 1, 1, 5, 0, 0, 0, 0, 51, 0, 41, 19, 1, 51, 1, 0 ] 0 14 0 238
dab5 590 [ 0, 1, 1, 5, 0, 0, 0, 0, 51, 0, 41, 19, 1, 51, 1, 0 ] 10 11 218 181
7a05 592 [ 0, 1, 1, 5, 0, 0, 0, 0, 51, 0, 41, 19, 1, 51, 1, 0 ] 10 0 122 5
ee 594 [ 0, 1, 1, 5, 0, 0, 0, 0, 51, 0, 46, 19, 1, 51, 1, 0 ] 0 14 0 238
3a40 534 [ 0, 1, 1, 5, 0, 0, 0, 0, 51, 0, 46, 19, 1, 51, 1, 0 ] 10 4 58 64
1220 536 [ 0, 1, 1, 5, 0, 0, 0, 0, 51, 0, 46, 19, 1, 51, 1, 0 ] 2 2 18 32
7d01 544 [ 0, 1, 1, 5, 0, 0, 0, 0, 51, 0, 46, 19, 1, 51, 1, 0 ] 13 0 125 1
3d3f 546 [ 0, 1, 1, 5, 0, 0, 0, 0, 51, 0, 46, 19, 1, 52, 1, 0 ] 13 3 61 63
120a 548 [ 0, 1, 1, 5, 0, 0, 0, 0, 51, 0, 46, 19, 1, 52, 1, 0 ] 2 0 18 10
8cd0 522 [ 0, 1, 1, 5, 0, 0, 0, 0, 51, 0, 46, 19, 1, 52, 1, 0 ] 12 13 140 208
8ce2 524 [ 0, 1, 1, 5, 0, 0, 0, 0, 51, 0, 46, 19, 52, 52, 1, 0 ] 12 14 140 226
4c00 526 [ 0, 1, 1, 5, 0, 0, 0, 0, 51, 0, 46, 19, 0, 52, 1, 0 ] 12 0 76 0
1220 528 [ 0, 1, 1, 5, 0, 0, 0, 0, 51, 0, 46, 19, 0, 52, 1, 0 ] 2 2 18 32
7d01 544 [ 0, 1, 1, 5, 0, 0, 0, 0, 51, 0, 46, 19, 0, 52, 1, 0 ] 13 0 125 1
3d3f 546 [ 0, 1, 1, 5, 0, 0, 0, 0, 51, 0, 46, 19, 0, 53, 1, 0 ] 13 3 61 63
120a 548 [ 0, 1, 1, 5, 0, 0, 0, 0, 51, 0, 46, 19, 0, 53, 1, 0 ] 2 0 18 10
8cd0 522 [ 0, 1, 1, 5, 0, 0, 0, 0, 51, 0, 46, 19, 0, 53, 1, 0 ] 12 13 140 208
8ce2 524 [ 0, 1, 1, 5, 0, 0, 0, 0, 51, 0, 46, 19, 53, 53, 1, 0 ] 12 14 140 226
4c00 526 [ 0, 1, 1, 5, 0, 0, 0, 0, 51, 0, 46, 19, 1, 53, 1, 0 ] 12 0 76 0
88d0 530 [ 0, 1, 1, 5, 0, 0, 0, 0, 51, 0, 46, 19, 1, 53, 1, 0 ] 8 13 136 208
223e 532 [ 0, 1, 1, 5, 0, 0, 0, 0, 53, 0, 46, 19, 1, 53, 1, 0 ] 2 3 34 62
a294 574 [ 0, 1, 1, 5, 0, 0, 0, 0, 53, 0, 46, 19, 1, 53, 1, 0 ] 2 9 162 148
f833 576 [ 0, 1, 1, 5, 0, 0, 0, 0, 53, 0, 46, 19, 1, 53, 1, 0 ] 8 3 248 51
f265 578 [ 0, 1, 1, 5, 0, 0, 0, 0, 53, 0, 46, 19, 1, 53, 1, 0 ] 2 6 242 101
2254 580 [ 0, 5, 3, 5, 0, 0, 0, 0, 53, 0, 46, 19, 1, 53, 1, 0 ] 2 5 34 84
8310 596 [ 0, 5, 3, 5, 0, 0, 0, 0, 53, 0, 46, 19, 1, 53, 1, 0 ] 3 1 131 16
8334 598 [ 0, 5, 3, 5, 0, 0, 0, 0, 53, 0, 46, 19, 1, 53, 1, 0 ] 3 3 131 52
8334 600 [ 0, 5, 3, 10, 0, 0, 0, 0, 53, 0, 46, 19, 1, 53, 1, 0 ] 3 3 131 52
8314 602 [ 0, 5, 3, 20, 0, 0, 0, 0, 53, 0, 46, 19, 1, 53, 1, 0 ] 3 1 131 20
a262 604 [ 0, 5, 3, 25, 0, 0, 0, 0, 53, 0, 46, 19, 1, 53, 1, 0 ] 2 6 162 98
f31e 606 [ 0, 5, 3, 25, 0, 0, 0, 0, 53, 0, 46, 19, 1, 53, 1, 0 ] 3 1 243 30
ee 608 [ 0, 5, 3, 25, 0, 0, 0, 0, 53, 0, 46, 19, 1, 53, 1, 0 ] 0 14 0 238
dab5 582 [ 0, 5, 3, 25, 0, 0, 0, 0, 53, 0, 46, 19, 1, 53, 1, 0 ] 10 11 218 181
7a04 584 [ 0, 5, 3, 25, 0, 0, 0, 0, 53, 0, 46, 19, 1, 53, 1, 0 ] 10 0 122 4
8120 586 [ 0, 5, 3, 25, 0, 0, 0, 0, 53, 0, 50, 19, 1, 53, 1, 0 ] 1 2 129 32
2254 588 [ 0, 3, 3, 25, 0, 0, 0, 0, 53, 0, 50, 19, 1, 53, 1, 0 ] 2 5 34 84
8310 596 [ 0, 3, 3, 25, 0, 0, 0, 0, 53, 0, 50, 19, 1, 53, 1, 0 ] 3 1 131 16
8334 598 [ 0, 3, 3, 3, 0, 0, 0, 0, 53, 0, 50, 19, 1, 53, 1, 0 ] 3 3 131 52
8334 600 [ 0, 3, 3, 6, 0, 0, 0, 0, 53, 0, 50, 19, 1, 53, 1, 0 ] 3 3 131 52
8314 602 [ 0, 3, 3, 12, 0, 0, 0, 0, 53, 0, 50, 19, 1, 53, 1, 0 ] 3 1 131 20
a262 604 [ 0, 3, 3, 15, 0, 0, 0, 0, 53, 0, 50, 19, 1, 53, 1, 0 ] 2 6 162 98
f31e 606 [ 0, 3, 3, 15, 0, 0, 0, 0, 53, 0, 50, 19, 1, 53, 1, 0 ] 3 1 243 30
ee 608 [ 0, 3, 3, 15, 0, 0, 0, 0, 53, 0, 50, 19, 1, 53, 1, 0 ] 0 14 0 238
dab5 590 [ 0, 3, 3, 15, 0, 0, 0, 0, 53, 0, 50, 19, 1, 53, 1, 0 ] 10 11 218 181
7a05 592 [ 0, 3, 3, 15, 0, 0, 0, 0, 53, 0, 50, 19, 1, 53, 1, 0 ] 10 0 122 5
ee 594 [ 0, 3, 3, 15, 0, 0, 0, 0, 53, 0, 55, 19, 1, 53, 1, 0 ] 0 14 0 238
3a40 534 [ 0, 3, 3, 15, 0, 0, 0, 0, 53, 0, 55, 19, 1, 53, 1, 0 ] 10 4 58 64
1220 536 [ 0, 3, 3, 15, 0, 0, 0, 0, 53, 0, 55, 19, 1, 53, 1, 0 ] 2 2 18 32
7d01 544 [ 0, 3, 3, 15, 0, 0, 0, 0, 53, 0, 55, 19, 1, 53, 1, 0 ] 13 0 125 1
3d3f 546 [ 0, 3, 3, 15, 0, 0, 0, 0, 53, 0, 55, 19, 1, 54, 1, 0 ] 13 3 61 63
120a 548 [ 0, 3, 3, 15, 0, 0, 0, 0, 53, 0, 55, 19, 1, 54, 1, 0 ] 2 0 18 10
8cd0 522 [ 0, 3, 3, 15, 0, 0, 0, 0, 53, 0, 55, 19, 1, 54, 1, 0 ] 12 13 140 208
8ce2 524 [ 0, 3, 3, 15, 0, 0, 0, 0, 53, 0, 55, 19, 54, 54, 1, 0 ] 12 14 140 226
4c00 526 [ 0, 3, 3, 15, 0, 0, 0, 0, 53, 0, 55, 19, 0, 54, 1, 0 ] 12 0 76 0
1220 528 [ 0, 3, 3, 15, 0, 0, 0, 0, 53, 0, 55, 19, 0, 54, 1, 0 ] 2 2 18 32
7d01 544 [ 0, 3, 3, 15, 0, 0, 0, 0, 53, 0, 55, 19, 0, 54, 1, 0 ] 13 0 125 1
3d3f 546 [ 0, 3, 3, 15, 0, 0, 0, 0, 53, 0, 55, 19, 0, 55, 1, 0 ] 13 3 61 63
120a 548 [ 0, 3, 3, 15, 0, 0, 0, 0, 53, 0, 55, 19, 0, 55, 1, 0 ] 2 0 18 10
8cd0 522 [ 0, 3, 3, 15, 0, 0, 0, 0, 53, 0, 55, 19, 0, 55, 1, 0 ] 12 13 140 208
8ce2 524 [ 0, 3, 3, 15, 0, 0, 0, 0, 53, 0, 55, 19, 55, 55, 1, 0 ] 12 14 140 226
4c00 526 [ 0, 3, 3, 15, 0, 0, 0, 0, 53, 0, 55, 19, 1, 55, 1, 0 ] 12 0 76 0
88d0 530 [ 0, 3, 3, 15, 0, 0, 0, 0, 53, 0, 55, 19, 1, 55, 1, 0 ] 8 13 136 208
223e 532 [ 0, 3, 3, 15, 0, 0, 0, 0, 55, 0, 55, 19, 1, 55, 1, 0 ] 2 3 34 62
a294 574 [ 0, 3, 3, 15, 0, 0, 0, 0, 55, 0, 55, 19, 1, 55, 1, 0 ] 2 9 162 148
f833 576 [ 0, 3, 3, 15, 0, 0, 0, 0, 55, 0, 55, 19, 1, 55, 1, 0 ] 8 3 248 51
f265 578 [ 0, 3, 3, 15, 0, 0, 0, 0, 55, 0, 55, 19, 1, 55, 1, 0 ] 2 6 242 101
2254 580 [ 0, 5, 5, 15, 0, 0, 0, 0, 55, 0, 55, 19, 1, 55, 1, 0 ] 2 5 34 84
8310 596 [ 0, 5, 5, 15, 0, 0, 0, 0, 55, 0, 55, 19, 1, 55, 1, 0 ] 3 1 131 16
8334 598 [ 0, 5, 5, 5, 0, 0, 0, 0, 55, 0, 55, 19, 1, 55, 1, 0 ] 3 3 131 52
8334 600 [ 0, 5, 5, 10, 0, 0, 0, 0, 55, 0, 55, 19, 1, 55, 1, 0 ] 3 3 131 52
8314 602 [ 0, 5, 5, 20, 0, 0, 0, 0, 55, 0, 55, 19, 1, 55, 1, 0 ] 3 1 131 20
a262 604 [ 0, 5, 5, 25, 0, 0, 0, 0, 55, 0, 55, 19, 1, 55, 1, 0 ] 2 6 162 98
f31e 606 [ 0, 5, 5, 25, 0, 0, 0, 0, 55, 0, 55, 19, 1, 55, 1, 0 ] 3 1 243 30
ee 608 [ 0, 5, 5, 25, 0, 0, 0, 0, 55, 0, 55, 19, 1, 55, 1, 0 ] 0 14 0 238
dab5 582 [ 0, 5, 5, 25, 0, 0, 0, 0, 55, 0, 55, 19, 1, 55, 1, 0 ] 10 11 218 181
7a04 584 [ 0, 5, 5, 25, 0, 0, 0, 0, 55, 0, 55, 19, 1, 55, 1, 0 ] 10 0 122 4
8120 586 [ 0, 5, 5, 25, 0, 0, 0, 0, 55, 0, 59, 19, 1, 55, 1, 0 ] 1 2 129 32
2254 588 [ 0, 5, 5, 25, 0, 0, 0, 0, 55, 0, 59, 19, 1, 55, 1, 0 ] 2 5 34 84
8310 596 [ 0, 5, 5, 25, 0, 0, 0, 0, 55, 0, 59, 19, 1, 55, 1, 0 ] 3 1 131 16
8334 598 [ 0, 5, 5, 5, 0, 0, 0, 0, 55, 0, 59, 19, 1, 55, 1, 0 ] 3 3 131 52
8334 600 [ 0, 5, 5, 10, 0, 0, 0, 0, 55, 0, 59, 19, 1, 55, 1, 0 ] 3 3 131 52
8314 602 [ 0, 5, 5, 20, 0, 0, 0, 0, 55, 0, 59, 19, 1, 55, 1, 0 ] 3 1 131 20
a262 604 [ 0, 5, 5, 25, 0, 0, 0, 0, 55, 0, 59, 19, 1, 55, 1, 0 ] 2 6 162 98
f31e 606 [ 0, 5, 5, 25, 0, 0, 0, 0, 55, 0, 59, 19, 1, 55, 1, 0 ] 3 1 243 30
ee 608 [ 0, 5, 5, 25, 0, 0, 0, 0, 55, 0, 59, 19, 1, 55, 1, 0 ] 0 14 0 238
dab5 590 [ 0, 5, 5, 25, 0, 0, 0, 0, 55, 0, 59, 19, 1, 55, 1, 0 ] 10 11 218 181
7a05 592 [ 0, 5, 5, 25, 0, 0, 0, 0, 55, 0, 59, 19, 1, 55, 1, 0 ] 10 0 122 5
ee 594 [ 0, 5, 5, 25, 0, 0, 0, 0, 55, 0, 64, 19, 1, 55, 1, 0 ] 0 14 0 238
3a40 534 [ 0, 5, 5, 25, 0, 0, 0, 0, 55, 0, 64, 19, 1, 55, 1, 0 ] 10 4 58 64
6a01 538 [ 0, 5, 5, 25, 0, 0, 0, 0, 55, 0, 64, 19, 1, 55, 1, 0 ] 10 0 106 1
7b06 540 [ 0, 5, 5, 25, 0, 0, 0, 0, 55, 0, 1, 19, 1, 55, 1, 0 ] 11 0 123 6
3c3f 542 [ 0, 5, 5, 25, 0, 0, 0, 0, 55, 0, 1, 25, 1, 55, 1, 0 ] 12 3 60 63
7d01 544 [ 0, 5, 5, 25, 0, 0, 0, 0, 55, 0, 1, 25, 1, 55, 1, 0 ] 13 0 125 1
3d3f 546 [ 0, 5, 5, 25, 0, 0, 0, 0, 55, 0, 1, 25, 1, 56, 1, 0 ] 13 3 61 63
120a 548 [ 0, 5, 5, 25, 0, 0, 0, 0, 55, 0, 1, 25, 1, 56, 1, 0 ] 2 0 18 10
8cd0 522 [ 0, 5, 5, 25, 0, 0, 0, 0, 55, 0, 1, 25, 1, 56, 1, 0 ] 12 13 140 208
8ce2 524 [ 0, 5, 5, 25, 0, 0, 0, 0, 55, 0, 1, 25, 56, 56, 1, 0 ] 12 14 140 226
4c00 526 [ 0, 5, 5, 25, 0, 0, 0, 0, 55, 0, 1, 25, 0, 56, 1, 0 ] 12 0 76 0
1220 528 [ 0, 5, 5, 25, 0, 0, 0, 0, 55, 0, 1, 25, 0, 56, 1, 0 ] 2 2 18 32
7d01 544 [ 0, 5, 5, 25, 0, 0, 0, 0, 55, 0, 1, 25, 0, 56, 1, 0 ] 13 0 125 1
3d3f 546 [ 0, 5, 5, 25, 0, 0, 0, 0, 55, 0, 1, 25, 0, 57, 1, 0 ] 13 3 61 63
120a 548 [ 0, 5, 5, 25, 0, 0, 0, 0, 55, 0, 1, 25, 0, 57, 1, 0 ] 2 0 18 10
8cd0 522 [ 0, 5, 5, 25, 0, 0, 0, 0, 55, 0, 1, 25, 0, 57, 1, 0 ] 12 13 140 208
8ce2 524 [ 0, 5, 5, 25, 0, 0, 0, 0, 55, 0, 1, 25, 57, 57, 1, 0 ] 12 14 140 226
4c00 526 [ 0, 5, 5, 25, 0, 0, 0, 0, 55, 0, 1, 25, 1, 57, 1, 0 ] 12 0 76 0
88d0 530 [ 0, 5, 5, 25, 0, 0, 0, 0, 55, 0, 1, 25, 1, 57, 1, 0 ] 8 13 136 208
223e 532 [ 0, 5, 5, 25, 0, 0, 0, 0, 57, 0, 1, 25, 1, 57, 1, 0 ] 2 3 34 62
a294 574 [ 0, 5, 5, 25, 0, 0, 0, 0, 57, 0, 1, 25, 1, 57, 1, 0 ] 2 9 162 148
f833 576 [ 0, 5, 5, 25, 0, 0, 0, 0, 57, 0, 1, 25, 1, 57, 1, 0 ] 8 3 248 51
f265 578 [ 0, 5, 5, 25, 0, 0, 0, 0, 57, 0, 1, 25, 1, 57, 1, 0 ] 2 6 242 101
2254 580 [ 0, 5, 7, 25, 0, 0, 0, 0, 57, 0, 1, 25, 1, 57, 1, 0 ] 2 5 34 84
8310 596 [ 0, 5, 7, 25, 0, 0, 0, 0, 57, 0, 1, 25, 1, 57, 1, 0 ] 3 1 131 16
8334 598 [ 0, 5, 7, 5, 0, 0, 0, 0, 57, 0, 1, 25, 1, 57, 1, 0 ] 3 3 131 52
8334 600 [ 0, 5, 7, 10, 0, 0, 0, 0, 57, 0, 1, 25, 1, 57, 1, 0 ] 3 3 131 52
8314 602 [ 0, 5, 7, 20, 0, 0, 0, 0, 57, 0, 1, 25, 1, 57, 1, 0 ] 3 1 131 20
a262 604 [ 0, 5, 7, 25, 0, 0, 0, 0, 57, 0, 1, 25, 1, 57, 1, 0 ] 2 6 162 98
f31e 606 [ 0, 5, 7, 25, 0, 0, 0, 0, 57, 0, 1, 25, 1, 57, 1, 0 ] 3 1 243 30
ee 608 [ 0, 5, 7, 25, 0, 0, 0, 0, 57, 0, 1, 25, 1, 57, 1, 0 ] 0 14 0 238
dab5 582 [ 0, 5, 7, 25, 0, 0, 0, 0, 57, 0, 1, 25, 1, 57, 1, 0 ] 10 11 218 181
7a04 584 [ 0, 5, 7, 25, 0, 0, 0, 0, 57, 0, 1, 25, 1, 57, 1, 0 ] 10 0 122 4
8120 586 [ 0, 5, 7, 25, 0, 0, 0, 0, 57, 0, 5, 25, 1, 57, 1, 0 ] 1 2 129 32
2254 588 [ 0, 7, 7, 25, 0, 0, 0, 0, 57, 0, 5, 25, 1, 57, 1, 0 ] 2 5 34 84
8310 596 [ 0, 7, 7, 25, 0, 0, 0, 0, 57, 0, 5, 25, 1, 57, 1, 0 ] 3 1 131 16
8334 598 [ 0, 7, 7, 7, 0, 0, 0, 0, 57, 0, 5, 25, 1, 57, 1, 0 ] 3 3 131 52
8334 600 [ 0, 7, 7, 14, 0, 0, 0, 0, 57, 0, 5, 25, 1, 57, 1, 0 ] 3 3 131 52
8314 602 [ 0, 7, 7, 28, 0, 0, 0, 0, 57, 0, 5, 25, 1, 57, 1, 0 ] 3 1 131 20
a262 604 [ 0, 7, 7, 35, 0, 0, 0, 0, 57, 0, 5, 25, 1, 57, 1, 0 ] 2 6 162 98
f31e 606 [ 0, 7, 7, 35, 0, 0, 0, 0, 57, 0, 5, 25, 1, 57, 1, 0 ] 3 1 243 30
ee 608 [ 0, 7, 7, 35, 0, 0, 0, 0, 57, 0, 5, 25, 1, 57, 1, 0 ] 0 14 0 238
dab5 590 [ 0, 7, 7, 35, 0, 0, 0, 0, 57, 0, 5, 25, 1, 57, 1, 0 ] 10 11 218 181
7a05 592 [ 0, 7, 7, 35, 0, 0, 0, 0, 57, 0, 5, 25, 1, 57, 1, 0 ] 10 0 122 5
ee 594 [ 0, 7, 7, 35, 0, 0, 0, 0, 57, 0, 10, 25, 1, 57, 1, 0 ] 0 14 0 238
3a40 534 [ 0, 7, 7, 35, 0, 0, 0, 0, 57, 0, 10, 25, 1, 57, 1, 0 ] 10 4 58 64
1220 536 [ 0, 7, 7, 35, 0, 0, 0, 0, 57, 0, 10, 25, 1, 57, 1, 0 ] 2 2 18 32
7d01 544 [ 0, 7, 7, 35, 0, 0, 0, 0, 57, 0, 10, 25, 1, 57, 1, 0 ] 13 0 125 1
3d3f 546 [ 0, 7, 7, 35, 0, 0, 0, 0, 57, 0, 10, 25, 1, 58, 1, 0 ] 13 3 61 63
120a 548 [ 0, 7, 7, 35, 0, 0, 0, 0, 57, 0, 10, 25, 1, 58, 1, 0 ] 2 0 18 10
8cd0 522 [ 0, 7, 7, 35, 0, 0, 0, 0, 57, 0, 10, 25, 1, 58, 1, 0 ] 12 13 140 208
8ce2 524 [ 0, 7, 7, 35, 0, 0, 0, 0, 57, 0, 10, 25, 58, 58, 1, 0 ] 12 14 140 226
4c00 526 [ 0, 7, 7, 35, 0, 0, 0, 0, 57, 0, 10, 25, 0, 58, 1, 0 ] 12 0 76 0
1220 528 [ 0, 7, 7, 35, 0, 0, 0, 0, 57, 0, 10, 25, 0, 58, 1, 0 ] 2 2 18 32
7d01 544 [ 0, 7, 7, 35, 0, 0, 0, 0, 57, 0, 10, 25, 0, 58, 1, 0 ] 13 0 125 1
3d3f 546 [ 0, 7, 7, 35, 0, 0, 0, 0, 57, 0, 10, 25, 0, 59, 1, 0 ] 13 3 61 63
120a 548 [ 0, 7, 7, 35, 0, 0, 0, 0, 57, 0, 10, 25, 0, 59, 1, 0 ] 2 0 18 10
8cd0 522 [ 0, 7, 7, 35, 0, 0, 0, 0, 57, 0, 10, 25, 0, 59, 1, 0 ] 12 13 140 208
8ce2 524 [ 0, 7, 7, 35, 0, 0, 0, 0, 57, 0, 10, 25, 59, 59, 1, 0 ] 12 14 140 226
4c00 526 [ 0, 7, 7, 35, 0, 0, 0, 0, 57, 0, 10, 25, 1, 59, 1, 0 ] 12 0 76 0
88d0 530 [ 0, 7, 7, 35, 0, 0, 0, 0, 57, 0, 10, 25, 1, 59, 1, 0 ] 8 13 136 208
223e 532 [ 0, 7, 7, 35, 0, 0, 0, 0, 59, 0, 10, 25, 1, 59, 1, 0 ] 2 3 34 62
a294 574 [ 0, 7, 7, 35, 0, 0, 0, 0, 59, 0, 10, 25, 1, 59, 1, 0 ] 2 9 162 148
f833 576 [ 0, 7, 7, 35, 0, 0, 0, 0, 59, 0, 10, 25, 1, 59, 1, 0 ] 8 3 248 51
f265 578 [ 0, 7, 7, 35, 0, 0, 0, 0, 59, 0, 10, 25, 1, 59, 1, 0 ] 2 6 242 101
2254 580 [ 0, 5, 9, 35, 0, 0, 0, 0, 59, 0, 10, 25, 1, 59, 1, 0 ] 2 5 34 84
8310 596 [ 0, 5, 9, 35, 0, 0, 0, 0, 59, 0, 10, 25, 1, 59, 1, 0 ] 3 1 131 16
8334 598 [ 0, 5, 9, 5, 0, 0, 0, 0, 59, 0, 10, 25, 1, 59, 1, 0 ] 3 3 131 52
8334 600 [ 0, 5, 9, 10, 0, 0, 0, 0, 59, 0, 10, 25, 1, 59, 1, 0 ] 3 3 131 52
8314 602 [ 0, 5, 9, 20, 0, 0, 0, 0, 59, 0, 10, 25, 1, 59, 1, 0 ] 3 1 131 20
a262 604 [ 0, 5, 9, 25, 0, 0, 0, 0, 59, 0, 10, 25, 1, 59, 1, 0 ] 2 6 162 98
f31e 606 [ 0, 5, 9, 25, 0, 0, 0, 0, 59, 0, 10, 25, 1, 59, 1, 0 ] 3 1 243 30
ee 608 [ 0, 5, 9, 25, 0, 0, 0, 0, 59, 0, 10, 25, 1, 59, 1, 0 ] 0 14 0 238
dab5 582 [ 0, 5, 9, 25, 0, 0, 0, 0, 59, 0, 10, 25, 1, 59, 1, 0 ] 10 11 218 181
7a04 584 [ 0, 5, 9, 25, 0, 0, 0, 0, 59, 0, 10, 25, 1, 59, 1, 0 ] 10 0 122 4
8120 586 [ 0, 5, 9, 25, 0, 0, 0, 0, 59, 0, 14, 25, 1, 59, 1, 0 ] 1 2 129 32
2254 588 [ 0, 9, 9, 25, 0, 0, 0, 0, 59, 0, 14, 25, 1, 59, 1, 0 ] 2 5 34 84
8310 596 [ 0, 9, 9, 25, 0, 0, 0, 0, 59, 0, 14, 25, 1, 59, 1, 0 ] 3 1 131 16
8334 598 [ 0, 9, 9, 9, 0, 0, 0, 0, 59, 0, 14, 25, 1, 59, 1, 0 ] 3 3 131 52
8334 600 [ 0, 9, 9, 18, 0, 0, 0, 0, 59, 0, 14, 25, 1, 59, 1, 0 ] 3 3 131 52
8314 602 [ 0, 9, 9, 36, 0, 0, 0, 0, 59, 0, 14, 25, 1, 59, 1, 0 ] 3 1 131 20
a262 604 [ 0, 9, 9, 45, 0, 0, 0, 0, 59, 0, 14, 25, 1, 59, 1, 0 ] 2 6 162 98
f31e 606 [ 0, 9, 9, 45, 0, 0, 0, 0, 59, 0, 14, 25, 1, 59, 1, 0 ] 3 1 243 30
ee 608 [ 0, 9, 9, 45, 0, 0, 0, 0, 59, 0, 14, 25, 1, 59, 1, 0 ] 0 14 0 238
dab5 590 [ 0, 9, 9, 45, 0, 0, 0, 0, 59, 0, 14, 25, 1, 59, 1, 0 ] 10 11 218 181
7a05 592 [ 0, 9, 9, 45, 0, 0, 0, 0, 59, 0, 14, 25, 1, 59, 1, 0 ] 10 0 122 5
ee 594 [ 0, 9, 9, 45, 0, 0, 0, 0, 59, 0, 19, 25, 1, 59, 1, 0 ] 0 14 0 238
3a40 534 [ 0, 9, 9, 45, 0, 0, 0, 0, 59, 0, 19, 25, 1, 59, 1, 0 ] 10 4 58 64
1220 536 [ 0, 9, 9, 45, 0, 0, 0, 0, 59, 0, 19, 25, 1, 59, 1, 0 ] 2 2 18 32
7d01 544 [ 0, 9, 9, 45, 0, 0, 0, 0, 59, 0, 19, 25, 1, 59, 1, 0 ] 13 0 125 1
3d3f 546 [ 0, 9, 9, 45, 0, 0, 0, 0, 59, 0, 19, 25, 1, 60, 1, 0 ] 13 3 61 63
120a 548 [ 0, 9, 9, 45, 0, 0, 0, 0, 59, 0, 19, 25, 1, 60, 1, 0 ] 2 0 18 10
8cd0 522 [ 0, 9, 9, 45, 0, 0, 0, 0, 59, 0, 19, 25, 1, 60, 1, 0 ] 12 13 140 208
8ce2 524 [ 0, 9, 9, 45, 0, 0, 0, 0, 59, 0, 19, 25, 60, 60, 1, 0 ] 12 14 140 226
4c00 526 [ 0, 9, 9, 45, 0, 0, 0, 0, 59, 0, 19, 25, 0, 60, 1, 0 ] 12 0 76 0
1220 528 [ 0, 9, 9, 45, 0, 0, 0, 0, 59, 0, 19, 25, 0, 60, 1, 0 ] 2 2 18 32
7d01 544 [ 0, 9, 9, 45, 0, 0, 0, 0, 59, 0, 19, 25, 0, 60, 1, 0 ] 13 0 125 1
3d3f 546 [ 0, 9, 9, 45, 0, 0, 0, 0, 59, 0, 19, 25, 0, 61, 1, 0 ] 13 3 61 63
120a 548 [ 0, 9, 9, 45, 0, 0, 0, 0, 59, 0, 19, 25, 0, 61, 1, 0 ] 2 0 18 10
8cd0 522 [ 0, 9, 9, 45, 0, 0, 0, 0, 59, 0, 19, 25, 0, 61, 1, 0 ] 12 13 140 208
8ce2 524 [ 0, 9, 9, 45, 0, 0, 0, 0, 59, 0, 19, 25, 61, 61, 1, 0 ] 12 14 140 226
4c00 526 [ 0, 9, 9, 45, 0, 0, 0, 0, 59, 0, 19, 25, 1, 61, 1, 0 ] 12 0 76 0
88d0 530 [ 0, 9, 9, 45, 0, 0, 0, 0, 59, 0, 19, 25, 1, 61, 1, 0 ] 8 13 136 208
223e 532 [ 0, 9, 9, 45, 0, 0, 0, 0, 61, 0, 19, 25, 1, 61, 1, 0 ] 2 3 34 62
a294 574 [ 0, 9, 9, 45, 0, 0, 0, 0, 61, 0, 19, 25, 1, 61, 1, 0 ] 2 9 162 148
f833 576 [ 0, 9, 9, 45, 0, 0, 0, 0, 61, 0, 19, 25, 1, 61, 1, 0 ] 8 3 248 51
f265 578 [ 0, 9, 9, 45, 0, 0, 0, 0, 61, 0, 19, 25, 1, 61, 1, 0 ] 2 6 242 101
2254 580 [ 0, 6, 1, 45, 0, 0, 0, 0, 61, 0, 19, 25, 1, 61, 1, 0 ] 2 5 34 84
8310 596 [ 0, 6, 1, 45, 0, 0, 0, 0, 61, 0, 19, 25, 1, 61, 1, 0 ] 3 1 131 16
8334 598 [ 0, 6, 1, 6, 0, 0, 0, 0, 61, 0, 19, 25, 1, 61, 1, 0 ] 3 3 131 52
8334 600 [ 0, 6, 1, 12, 0, 0, 0, 0, 61, 0, 19, 25, 1, 61, 1, 0 ] 3 3 131 52
8314 602 [ 0, 6, 1, 24, 0, 0, 0, 0, 61, 0, 19, 25, 1, 61, 1, 0 ] 3 1 131 20
a262 604 [ 0, 6, 1, 30, 0, 0, 0, 0, 61, 0, 19, 25, 1, 61, 1, 0 ] 2 6 162 98
f31e 606 [ 0, 6, 1, 30, 0, 0, 0, 0, 61, 0, 19, 25, 1, 61, 1, 0 ] 3 1 243 30
ee 608 [ 0, 6, 1, 30, 0, 0, 0, 0, 61, 0, 19, 25, 1, 61, 1, 0 ] 0 14 0 238
dab5 582 [ 0, 6, 1, 30, 0, 0, 0, 0, 61, 0, 19, 25, 1, 61, 1, 0 ] 10 11 218 181
7a04 584 [ 0, 6, 1, 30, 0, 0, 0, 0, 61, 0, 19, 25, 1, 61, 1, 0 ] 10 0 122 4
8120 586 [ 0, 6, 1, 30, 0, 0, 0, 0, 61, 0, 23, 25, 1, 61, 1, 0 ] 1 2 129 32
2254 588 [ 0, 1, 1, 30, 0, 0, 0, 0, 61, 0, 23, 25, 1, 61, 1, 0 ] 2 5 34 84
8310 596 [ 0, 1, 1, 30, 0, 0, 0, 0, 61, 0, 23, 25, 1, 61, 1, 0 ] 3 1 131 16
8334 598 [ 0, 1, 1, 1, 0, 0, 0, 0, 61, 0, 23, 25, 1, 61, 1, 0 ] 3 3 131 52
8334 600 [ 0, 1, 1, 2, 0, 0, 0, 0, 61, 0, 23, 25, 1, 61, 1, 0 ] 3 3 131 52
8314 602 [ 0, 1, 1, 4, 0, 0, 0, 0, 61, 0, 23, 25, 1, 61, 1, 0 ] 3 1 131 20
a262 604 [ 0, 1, 1, 5, 0, 0, 0, 0, 61, 0, 23, 25, 1, 61, 1, 0 ] 2 6 162 98
f31e 606 [ 0, 1, 1, 5, 0, 0, 0, 0, 61, 0, 23, 25, 1, 61, 1, 0 ] 3 1 243 30
ee 608 [ 0, 1, 1, 5, 0, 0, 0, 0, 61, 0, 23, 25, 1, 61, 1, 0 ] 0 14 0 238
dab5 590 [ 0, 1, 1, 5, 0, 0, 0, 0, 61, 0, 23, 25, 1, 61, 1, 0 ] 10 11 218 181
7a05 592 [ 0, 1, 1, 5, 0, 0, 0, 0, 61, 0, 23, 25, 1, 61, 1, 0 ] 10 0 122 5
ee 594 [ 0, 1, 1, 5, 0, 0, 0, 0, 61, 0, 28, 25, 1, 61, 1, 0 ] 0 14 0 238
3a40 534 [ 0, 1, 1, 5, 0, 0, 0, 0, 61, 0, 28, 25, 1, 61, 1, 0 ] 10 4 58 64
1220 536 [ 0, 1, 1, 5, 0, 0, 0, 0, 61, 0, 28, 25, 1, 61, 1, 0 ] 2 2 18 32
7d01 544 [ 0, 1, 1, 5, 0, 0, 0, 0, 61, 0, 28, 25, 1, 61, 1, 0 ] 13 0 125 1
3d3f 546 [ 0, 1, 1, 5, 0, 0, 0, 0, 61, 0, 28, 25, 1, 62, 1, 0 ] 13 3 61 63
120a 548 [ 0, 1, 1, 5, 0, 0, 0, 0, 61, 0, 28, 25, 1, 62, 1, 0 ] 2 0 18 10
8cd0 522 [ 0, 1, 1, 5, 0, 0, 0, 0, 61, 0, 28, 25, 1, 62, 1, 0 ] 12 13 140 208
8ce2 524 [ 0, 1, 1, 5, 0, 0, 0, 0, 61, 0, 28, 25, 62, 62, 1, 0 ] 12 14 140 226
4c00 526 [ 0, 1, 1, 5, 0, 0, 0, 0, 61, 0, 28, 25, 0, 62, 1, 0 ] 12 0 76 0
1220 528 [ 0, 1, 1, 5, 0, 0, 0, 0, 61, 0, 28, 25, 0, 62, 1, 0 ] 2 2 18 32
7d01 544 [ 0, 1, 1, 5, 0, 0, 0, 0, 61, 0, 28, 25, 0, 62, 1, 0 ] 13 0 125 1
3d3f 546 [ 0, 1, 1, 5, 0, 0, 0, 0, 61, 0, 28, 25, 0, 63, 1, 0 ] 13 3 61 63
f00a 550 [ 0, 1, 1, 5, 0, 0, 0, 0, 61, 0, 28, 25, 0, 63, 1, 0 ] 0 0 240 10
