0 info it worked if it ends with ok
1 verbose cli [ 'node', '/usr/local/bin/npm', 'install', 'coffeescript' ]
2 info using npm@1.2.18
3 info using node@v0.10.6
4 verbose read json /Users/raadad/workspace/chip8/package.json
5 verbose read json /Users/raadad/workspace/chip8/package.json
6 verbose cache add [ 'coffeescript', null ]
7 verbose cache add name=undefined spec="coffeescript" args=["coffeescript",null]
8 verbose parsed url { protocol: null,
8 verbose parsed url   slashes: null,
8 verbose parsed url   auth: null,
8 verbose parsed url   host: null,
8 verbose parsed url   port: null,
8 verbose parsed url   hostname: null,
8 verbose parsed url   hash: null,
8 verbose parsed url   search: null,
8 verbose parsed url   query: null,
8 verbose parsed url   pathname: 'coffeescript',
8 verbose parsed url   path: 'coffeescript',
8 verbose parsed url   href: 'coffeescript' }
9 silly lockFile f5fbc02e-coffeescript coffeescript
10 verbose lock coffeescript /Users/raadad/.npm/f5fbc02e-coffeescript.lock
11 silly lockFile f5fbc02e-coffeescript coffeescript
12 silly lockFile f5fbc02e-coffeescript coffeescript
13 verbose addNamed [ 'coffeescript', '' ]
14 verbose addNamed [ null, '' ]
15 silly lockFile 62a8d146-coffeescript coffeescript@
16 verbose lock coffeescript@ /Users/raadad/.npm/62a8d146-coffeescript.lock
17 silly addNameRange { name: 'coffeescript', range: '', hasData: false }
18 verbose url raw coffeescript
19 verbose url resolving [ 'https://registry.npmjs.org/', './coffeescript' ]
20 verbose url resolved https://registry.npmjs.org/coffeescript
21 info trying registry request attempt 1 at 17:39:06
22 http GET https://registry.npmjs.org/coffeescript
23 http 404 https://registry.npmjs.org/coffeescript
24 silly registry.get cb [ 404,
24 silly registry.get   { server: 'CouchDB/1.3.0 (Erlang OTP/R15B03)',
24 silly registry.get     date: 'Mon, 24 Jun 2013 07:39:15 GMT',
24 silly registry.get     'content-type': 'application/json',
24 silly registry.get     'content-length': '52',
24 silly registry.get     'cache-control': 'must-revalidate' } ]
25 silly lockFile 62a8d146-coffeescript coffeescript@
26 silly lockFile 62a8d146-coffeescript coffeescript@
27 error 404 'coffeescript' is not in the npm registry.
27 error 404 You should bug the author to publish it
27 error 404
27 error 404 Note that you can also install from a
27 error 404 tarball, folder, or http url, or git url.
28 error System Darwin 12.2.0
29 error command "node" "/usr/local/bin/npm" "install" "coffeescript"
30 error cwd /Users/raadad/workspace/chip8
31 error node -v v0.10.6
32 error npm -v 1.2.18
33 error code E404
34 verbose exit [ 1, true ]
