6e05 512 [ 0, 0, 0, 0, 0, 0, 0, 0, 0, 0, 0, 0, 0, 0, 0, 0 ] 14 0 110 5 0
6500 514 [ 0, 0, 0, 0, 0, 0, 0, 0, 0, 0, 0, 0, 0, 0, 5, 0 ] 5 0 101 0 0
6b06 516 [ 0, 0, 0, 0, 0, 0, 0, 0, 0, 0, 0, 0, 0, 0, 5, 0 ] 11 0 107 6 0
6a00 518 [ 0, 0, 0, 0, 0, 0, 0, 0, 0, 0, 0, 6, 0, 0, 5, 0 ] 10 0 106 0 0
a30c 520 [ 0, 0, 0, 0, 0, 0, 0, 0, 0, 0, 0, 6, 0, 0, 5, 0 ] 3 0 163 12 0
dab1 522 [ 0, 0, 0, 0, 0, 0, 0, 0, 0, 0, 0, 6, 0, 0, 5, 0 ] 10 11 218 177 780
7a04 524 [ 0, 0, 0, 0, 0, 0, 0, 0, 0, 0, 0, 6, 0, 0, 5, 0 ] 10 0 122 4 780
3a40 526 [ 0, 0, 0, 0, 0, 0, 0, 0, 0, 0, 4, 6, 0, 0, 5, 0 ] 10 4 58 64 780
1208 528 [ 0, 0, 0, 0, 0, 0, 0, 0, 0, 0, 4, 6, 0, 0, 5, 0 ] 2 0 18 8 780
a30c 520 [ 0, 0, 0, 0, 0, 0, 0, 0, 0, 0, 4, 6, 0, 0, 5, 0 ] 3 0 163 12 780
dab1 522 [ 0, 0, 0, 0, 0, 0, 0, 0, 0, 0, 4, 6, 0, 0, 5, 0 ] 10 11 218 177 780
7a04 524 [ 0, 0, 0, 0, 0, 0, 0, 0, 0, 0, 4, 6, 0, 0, 5, 0 ] 10 0 122 4 780
3a40 526 [ 0, 0, 0, 0, 0, 0, 0, 0, 0, 0, 8, 6, 0, 0, 5, 0 ] 10 4 58 64 780
1208 528 [ 0, 0, 0, 0, 0, 0, 0, 0, 0, 0, 8, 6, 0, 0, 5, 0 ] 2 0 18 8 780
a30c 520 [ 0, 0, 0, 0, 0, 0, 0, 0, 0, 0, 8, 6, 0, 0, 5, 0 ] 3 0 163 12 780
dab1 522 [ 0, 0, 0, 0, 0, 0, 0, 0, 0, 0, 8, 6, 0, 0, 5, 0 ] 10 11 218 177 780
7a04 524 [ 0, 0, 0, 0, 0, 0, 0, 0, 0, 0, 8, 6, 0, 0, 5, 0 ] 10 0 122 4 780
3a40 526 [ 0, 0, 0, 0, 0, 0, 0, 0, 0, 0, 12, 6, 0, 0, 5, 0 ] 10 4 58 64 780
1208 528 [ 0, 0, 0, 0, 0, 0, 0, 0, 0, 0, 12, 6, 0, 0, 5, 0 ] 2 0 18 8 780
a30c 520 [ 0, 0, 0, 0, 0, 0, 0, 0, 0, 0, 12, 6, 0, 0, 5, 0 ] 3 0 163 12 780
dab1 522 [ 0, 0, 0, 0, 0, 0, 0, 0, 0, 0, 12, 6, 0, 0, 5, 0 ] 10 11 218 177 780
7a04 524 [ 0, 0, 0, 0, 0, 0, 0, 0, 0, 0, 12, 6, 0, 0, 5, 0 ] 10 0 122 4 780
3a40 526 [ 0, 0, 0, 0, 0, 0, 0, 0, 0, 0, 16, 6, 0, 0, 5, 0 ] 10 4 58 64 780
1208 528 [ 0, 0, 0, 0, 0, 0, 0, 0, 0, 0, 16, 6, 0, 0, 5, 0 ] 2 0 18 8 780
a30c 520 [ 0, 0, 0, 0, 0, 0, 0, 0, 0, 0, 16, 6, 0, 0, 5, 0 ] 3 0 163 12 780
dab1 522 [ 0, 0, 0, 0, 0, 0, 0, 0, 0, 0, 16, 6, 0, 0, 5, 0 ] 10 11 218 177 780
7a04 524 [ 0, 0, 0, 0, 0, 0, 0, 0, 0, 0, 16, 6, 0, 0, 5, 0 ] 10 0 122 4 780
3a40 526 [ 0, 0, 0, 0, 0, 0, 0, 0, 0, 0, 20, 6, 0, 0, 5, 0 ] 10 4 58 64 780
1208 528 [ 0, 0, 0, 0, 0, 0, 0, 0, 0, 0, 20, 6, 0, 0, 5, 0 ] 2 0 18 8 780
a30c 520 [ 0, 0, 0, 0, 0, 0, 0, 0, 0, 0, 20, 6, 0, 0, 5, 0 ] 3 0 163 12 780
dab1 522 [ 0, 0, 0, 0, 0, 0, 0, 0, 0, 0, 20, 6, 0, 0, 5, 0 ] 10 11 218 177 780
7a04 524 [ 0, 0, 0, 0, 0, 0, 0, 0, 0, 0, 20, 6, 0, 0, 5, 0 ] 10 0 122 4 780
3a40 526 [ 0, 0, 0, 0, 0, 0, 0, 0, 0, 0, 24, 6, 0, 0, 5, 0 ] 10 4 58 64 780
1208 528 [ 0, 0, 0, 0, 0, 0, 0, 0, 0, 0, 24, 6, 0, 0, 5, 0 ] 2 0 18 8 780
a30c 520 [ 0, 0, 0, 0, 0, 0, 0, 0, 0, 0, 24, 6, 0, 0, 5, 0 ] 3 0 163 12 780
dab1 522 [ 0, 0, 0, 0, 0, 0, 0, 0, 0, 0, 24, 6, 0, 0, 5, 0 ] 10 11 218 177 780
7a04 524 [ 0, 0, 0, 0, 0, 0, 0, 0, 0, 0, 24, 6, 0, 0, 5, 0 ] 10 0 122 4 780
3a40 526 [ 0, 0, 0, 0, 0, 0, 0, 0, 0, 0, 28, 6, 0, 0, 5, 0 ] 10 4 58 64 780
1208 528 [ 0, 0, 0, 0, 0, 0, 0, 0, 0, 0, 28, 6, 0, 0, 5, 0 ] 2 0 18 8 780
a30c 520 [ 0, 0, 0, 0, 0, 0, 0, 0, 0, 0, 28, 6, 0, 0, 5, 0 ] 3 0 163 12 780
dab1 522 [ 0, 0, 0, 0, 0, 0, 0, 0, 0, 0, 28, 6, 0, 0, 5, 0 ] 10 11 218 177 780
7a04 524 [ 0, 0, 0, 0, 0, 0, 0, 0, 0, 0, 28, 6, 0, 0, 5, 0 ] 10 0 122 4 780
3a40 526 [ 0, 0, 0, 0, 0, 0, 0, 0, 0, 0, 32, 6, 0, 0, 5, 0 ] 10 4 58 64 780
1208 528 [ 0, 0, 0, 0, 0, 0, 0, 0, 0, 0, 32, 6, 0, 0, 5, 0 ] 2 0 18 8 780
a30c 520 [ 0, 0, 0, 0, 0, 0, 0, 0, 0, 0, 32, 6, 0, 0, 5, 0 ] 3 0 163 12 780
dab1 522 [ 0, 0, 0, 0, 0, 0, 0, 0, 0, 0, 32, 6, 0, 0, 5, 0 ] 10 11 218 177 780
7a04 524 [ 0, 0, 0, 0, 0, 0, 0, 0, 0, 0, 32, 6, 0, 0, 5, 0 ] 10 0 122 4 780
3a40 526 [ 0, 0, 0, 0, 0, 0, 0, 0, 0, 0, 36, 6, 0, 0, 5, 0 ] 10 4 58 64 780
1208 528 [ 0, 0, 0, 0, 0, 0, 0, 0, 0, 0, 36, 6, 0, 0, 5, 0 ] 2 0 18 8 780
a30c 520 [ 0, 0, 0, 0, 0, 0, 0, 0, 0, 0, 36, 6, 0, 0, 5, 0 ] 3 0 163 12 780
dab1 522 [ 0, 0, 0, 0, 0, 0, 0, 0, 0, 0, 36, 6, 0, 0, 5, 0 ] 10 11 218 177 780
7a04 524 [ 0, 0, 0, 0, 0, 0, 0, 0, 0, 0, 36, 6, 0, 0, 5, 0 ] 10 0 122 4 780
3a40 526 [ 0, 0, 0, 0, 0, 0, 0, 0, 0, 0, 40, 6, 0, 0, 5, 0 ] 10 4 58 64 780
1208 528 [ 0, 0, 0, 0, 0, 0, 0, 0, 0, 0, 40, 6, 0, 0, 5, 0 ] 2 0 18 8 780
a30c 520 [ 0, 0, 0, 0, 0, 0, 0, 0, 0, 0, 40, 6, 0, 0, 5, 0 ] 3 0 163 12 780
dab1 522 [ 0, 0, 0, 0, 0, 0, 0, 0, 0, 0, 40, 6, 0, 0, 5, 0 ] 10 11 218 177 780
7a04 524 [ 0, 0, 0, 0, 0, 0, 0, 0, 0, 0, 40, 6, 0, 0, 5, 0 ] 10 0 122 4 780
3a40 526 [ 0, 0, 0, 0, 0, 0, 0, 0, 0, 0, 44, 6, 0, 0, 5, 0 ] 10 4 58 64 780
1208 528 [ 0, 0, 0, 0, 0, 0, 0, 0, 0, 0, 44, 6, 0, 0, 5, 0 ] 2 0 18 8 780
a30c 520 [ 0, 0, 0, 0, 0, 0, 0, 0, 0, 0, 44, 6, 0, 0, 5, 0 ] 3 0 163 12 780
dab1 522 [ 0, 0, 0, 0, 0, 0, 0, 0, 0, 0, 44, 6, 0, 0, 5, 0 ] 10 11 218 177 780
7a04 524 [ 0, 0, 0, 0, 0, 0, 0, 0, 0, 0, 44, 6, 0, 0, 5, 0 ] 10 0 122 4 780
3a40 526 [ 0, 0, 0, 0, 0, 0, 0, 0, 0, 0, 48, 6, 0, 0, 5, 0 ] 10 4 58 64 780
1208 528 [ 0, 0, 0, 0, 0, 0, 0, 0, 0, 0, 48, 6, 0, 0, 5, 0 ] 2 0 18 8 780
a30c 520 [ 0, 0, 0, 0, 0, 0, 0, 0, 0, 0, 48, 6, 0, 0, 5, 0 ] 3 0 163 12 780
dab1 522 [ 0, 0, 0, 0, 0, 0, 0, 0, 0, 0, 48, 6, 0, 0, 5, 0 ] 10 11 218 177 780
7a04 524 [ 0, 0, 0, 0, 0, 0, 0, 0, 0, 0, 48, 6, 0, 0, 5, 0 ] 10 0 122 4 780
3a40 526 [ 0, 0, 0, 0, 0, 0, 0, 0, 0, 0, 52, 6, 0, 0, 5, 0 ] 10 4 58 64 780
1208 528 [ 0, 0, 0, 0, 0, 0, 0, 0, 0, 0, 52, 6, 0, 0, 5, 0 ] 2 0 18 8 780
a30c 520 [ 0, 0, 0, 0, 0, 0, 0, 0, 0, 0, 52, 6, 0, 0, 5, 0 ] 3 0 163 12 780
dab1 522 [ 0, 0, 0, 0, 0, 0, 0, 0, 0, 0, 52, 6, 0, 0, 5, 0 ] 10 11 218 177 780
7a04 524 [ 0, 0, 0, 0, 0, 0, 0, 0, 0, 0, 52, 6, 0, 0, 5, 0 ] 10 0 122 4 780
3a40 526 [ 0, 0, 0, 0, 0, 0, 0, 0, 0, 0, 56, 6, 0, 0, 5, 0 ] 10 4 58 64 780
1208 528 [ 0, 0, 0, 0, 0, 0, 0, 0, 0, 0, 56, 6, 0, 0, 5, 0 ] 2 0 18 8 780
a30c 520 [ 0, 0, 0, 0, 0, 0, 0, 0, 0, 0, 56, 6, 0, 0, 5, 0 ] 3 0 163 12 780
dab1 522 [ 0, 0, 0, 0, 0, 0, 0, 0, 0, 0, 56, 6, 0, 0, 5, 0 ] 10 11 218 177 780
7a04 524 [ 0, 0, 0, 0, 0, 0, 0, 0, 0, 0, 56, 6, 0, 0, 5, 0 ] 10 0 122 4 780
3a40 526 [ 0, 0, 0, 0, 0, 0, 0, 0, 0, 0, 60, 6, 0, 0, 5, 0 ] 10 4 58 64 780
1208 528 [ 0, 0, 0, 0, 0, 0, 0, 0, 0, 0, 60, 6, 0, 0, 5, 0 ] 2 0 18 8 780
a30c 520 [ 0, 0, 0, 0, 0, 0, 0, 0, 0, 0, 60, 6, 0, 0, 5, 0 ] 3 0 163 12 780
dab1 522 [ 0, 0, 0, 0, 0, 0, 0, 0, 0, 0, 60, 6, 0, 0, 5, 0 ] 10 11 218 177 780
7a04 524 [ 0, 0, 0, 0, 0, 0, 0, 0, 0, 0, 60, 6, 0, 0, 5, 0 ] 10 0 122 4 780
3a40 526 [ 0, 0, 0, 0, 0, 0, 0, 0, 0, 0, 64, 6, 0, 0, 5, 0 ] 10 4 58 64 780
7b02 530 [ 0, 0, 0, 0, 0, 0, 0, 0, 0, 0, 64, 6, 0, 0, 5, 0 ] 11 0 123 2 780
3b12 532 [ 0, 0, 0, 0, 0, 0, 0, 0, 0, 0, 64, 8, 0, 0, 5, 0 ] 11 1 59 18 780
1206 534 [ 0, 0, 0, 0, 0, 0, 0, 0, 0, 0, 64, 8, 0, 0, 5, 0 ] 2 0 18 6 780
6a00 518 [ 0, 0, 0, 0, 0, 0, 0, 0, 0, 0, 64, 8, 0, 0, 5, 0 ] 10 0 106 0 780
a30c 520 [ 0, 0, 0, 0, 0, 0, 0, 0, 0, 0, 0, 8, 0, 0, 5, 0 ] 3 0 163 12 780
dab1 522 [ 0, 0, 0, 0, 0, 0, 0, 0, 0, 0, 0, 8, 0, 0, 5, 0 ] 10 11 218 177 780
7a04 524 [ 0, 0, 0, 0, 0, 0, 0, 0, 0, 0, 0, 8, 0, 0, 5, 0 ] 10 0 122 4 780
3a40 526 [ 0, 0, 0, 0, 0, 0, 0, 0, 0, 0, 4, 8, 0, 0, 5, 0 ] 10 4 58 64 780
1208 528 [ 0, 0, 0, 0, 0, 0, 0, 0, 0, 0, 4, 8, 0, 0, 5, 0 ] 2 0 18 8 780
a30c 520 [ 0, 0, 0, 0, 0, 0, 0, 0, 0, 0, 4, 8, 0, 0, 5, 0 ] 3 0 163 12 780
dab1 522 [ 0, 0, 0, 0, 0, 0, 0, 0, 0, 0, 4, 8, 0, 0, 5, 0 ] 10 11 218 177 780
7a04 524 [ 0, 0, 0, 0, 0, 0, 0, 0, 0, 0, 4, 8, 0, 0, 5, 0 ] 10 0 122 4 780
3a40 526 [ 0, 0, 0, 0, 0, 0, 0, 0, 0, 0, 8, 8, 0, 0, 5, 0 ] 10 4 58 64 780
1208 528 [ 0, 0, 0, 0, 0, 0, 0, 0, 0, 0, 8, 8, 0, 0, 5, 0 ] 2 0 18 8 780
a30c 520 [ 0, 0, 0, 0, 0, 0, 0, 0, 0, 0, 8, 8, 0, 0, 5, 0 ] 3 0 163 12 780
dab1 522 [ 0, 0, 0, 0, 0, 0, 0, 0, 0, 0, 8, 8, 0, 0, 5, 0 ] 10 11 218 177 780
7a04 524 [ 0, 0, 0, 0, 0, 0, 0, 0, 0, 0, 8, 8, 0, 0, 5, 0 ] 10 0 122 4 780
3a40 526 [ 0, 0, 0, 0, 0, 0, 0, 0, 0, 0, 12, 8, 0, 0, 5, 0 ] 10 4 58 64 780
1208 528 [ 0, 0, 0, 0, 0, 0, 0, 0, 0, 0, 12, 8, 0, 0, 5, 0 ] 2 0 18 8 780
a30c 520 [ 0, 0, 0, 0, 0, 0, 0, 0, 0, 0, 12, 8, 0, 0, 5, 0 ] 3 0 163 12 780
dab1 522 [ 0, 0, 0, 0, 0, 0, 0, 0, 0, 0, 12, 8, 0, 0, 5, 0 ] 10 11 218 177 780
7a04 524 [ 0, 0, 0, 0, 0, 0, 0, 0, 0, 0, 12, 8, 0, 0, 5, 0 ] 10 0 122 4 780
3a40 526 [ 0, 0, 0, 0, 0, 0, 0, 0, 0, 0, 16, 8, 0, 0, 5, 0 ] 10 4 58 64 780
1208 528 [ 0, 0, 0, 0, 0, 0, 0, 0, 0, 0, 16, 8, 0, 0, 5, 0 ] 2 0 18 8 780
a30c 520 [ 0, 0, 0, 0, 0, 0, 0, 0, 0, 0, 16, 8, 0, 0, 5, 0 ] 3 0 163 12 780
dab1 522 [ 0, 0, 0, 0, 0, 0, 0, 0, 0, 0, 16, 8, 0, 0, 5, 0 ] 10 11 218 177 780
7a04 524 [ 0, 0, 0, 0, 0, 0, 0, 0, 0, 0, 16, 8, 0, 0, 5, 0 ] 10 0 122 4 780
3a40 526 [ 0, 0, 0, 0, 0, 0, 0, 0, 0, 0, 20, 8, 0, 0, 5, 0 ] 10 4 58 64 780
1208 528 [ 0, 0, 0, 0, 0, 0, 0, 0, 0, 0, 20, 8, 0, 0, 5, 0 ] 2 0 18 8 780
a30c 520 [ 0, 0, 0, 0, 0, 0, 0, 0, 0, 0, 20, 8, 0, 0, 5, 0 ] 3 0 163 12 780
dab1 522 [ 0, 0, 0, 0, 0, 0, 0, 0, 0, 0, 20, 8, 0, 0, 5, 0 ] 10 11 218 177 780
7a04 524 [ 0, 0, 0, 0, 0, 0, 0, 0, 0, 0, 20, 8, 0, 0, 5, 0 ] 10 0 122 4 780
3a40 526 [ 0, 0, 0, 0, 0, 0, 0, 0, 0, 0, 24, 8, 0, 0, 5, 0 ] 10 4 58 64 780
1208 528 [ 0, 0, 0, 0, 0, 0, 0, 0, 0, 0, 24, 8, 0, 0, 5, 0 ] 2 0 18 8 780
a30c 520 [ 0, 0, 0, 0, 0, 0, 0, 0, 0, 0, 24, 8, 0, 0, 5, 0 ] 3 0 163 12 780
dab1 522 [ 0, 0, 0, 0, 0, 0, 0, 0, 0, 0, 24, 8, 0, 0, 5, 0 ] 10 11 218 177 780
7a04 524 [ 0, 0, 0, 0, 0, 0, 0, 0, 0, 0, 24, 8, 0, 0, 5, 0 ] 10 0 122 4 780
3a40 526 [ 0, 0, 0, 0, 0, 0, 0, 0, 0, 0, 28, 8, 0, 0, 5, 0 ] 10 4 58 64 780
1208 528 [ 0, 0, 0, 0, 0, 0, 0, 0, 0, 0, 28, 8, 0, 0, 5, 0 ] 2 0 18 8 780
a30c 520 [ 0, 0, 0, 0, 0, 0, 0, 0, 0, 0, 28, 8, 0, 0, 5, 0 ] 3 0 163 12 780
dab1 522 [ 0, 0, 0, 0, 0, 0, 0, 0, 0, 0, 28, 8, 0, 0, 5, 0 ] 10 11 218 177 780
7a04 524 [ 0, 0, 0, 0, 0, 0, 0, 0, 0, 0, 28, 8, 0, 0, 5, 0 ] 10 0 122 4 780
3a40 526 [ 0, 0, 0, 0, 0, 0, 0, 0, 0, 0, 32, 8, 0, 0, 5, 0 ] 10 4 58 64 780
1208 528 [ 0, 0, 0, 0, 0, 0, 0, 0, 0, 0, 32, 8, 0, 0, 5, 0 ] 2 0 18 8 780
a30c 520 [ 0, 0, 0, 0, 0, 0, 0, 0, 0, 0, 32, 8, 0, 0, 5, 0 ] 3 0 163 12 780
dab1 522 [ 0, 0, 0, 0, 0, 0, 0, 0, 0, 0, 32, 8, 0, 0, 5, 0 ] 10 11 218 177 780
7a04 524 [ 0, 0, 0, 0, 0, 0, 0, 0, 0, 0, 32, 8, 0, 0, 5, 0 ] 10 0 122 4 780
3a40 526 [ 0, 0, 0, 0, 0, 0, 0, 0, 0, 0, 36, 8, 0, 0, 5, 0 ] 10 4 58 64 780
1208 528 [ 0, 0, 0, 0, 0, 0, 0, 0, 0, 0, 36, 8, 0, 0, 5, 0 ] 2 0 18 8 780
a30c 520 [ 0, 0, 0, 0, 0, 0, 0, 0, 0, 0, 36, 8, 0, 0, 5, 0 ] 3 0 163 12 780
dab1 522 [ 0, 0, 0, 0, 0, 0, 0, 0, 0, 0, 36, 8, 0, 0, 5, 0 ] 10 11 218 177 780
7a04 524 [ 0, 0, 0, 0, 0, 0, 0, 0, 0, 0, 36, 8, 0, 0, 5, 0 ] 10 0 122 4 780
3a40 526 [ 0, 0, 0, 0, 0, 0, 0, 0, 0, 0, 40, 8, 0, 0, 5, 0 ] 10 4 58 64 780
1208 528 [ 0, 0, 0, 0, 0, 0, 0, 0, 0, 0, 40, 8, 0, 0, 5, 0 ] 2 0 18 8 780
a30c 520 [ 0, 0, 0, 0, 0, 0, 0, 0, 0, 0, 40, 8, 0, 0, 5, 0 ] 3 0 163 12 780
dab1 522 [ 0, 0, 0, 0, 0, 0, 0, 0, 0, 0, 40, 8, 0, 0, 5, 0 ] 10 11 218 177 780
7a04 524 [ 0, 0, 0, 0, 0, 0, 0, 0, 0, 0, 40, 8, 0, 0, 5, 0 ] 10 0 122 4 780
3a40 526 [ 0, 0, 0, 0, 0, 0, 0, 0, 0, 0, 44, 8, 0, 0, 5, 0 ] 10 4 58 64 780
1208 528 [ 0, 0, 0, 0, 0, 0, 0, 0, 0, 0, 44, 8, 0, 0, 5, 0 ] 2 0 18 8 780
a30c 520 [ 0, 0, 0, 0, 0, 0, 0, 0, 0, 0, 44, 8, 0, 0, 5, 0 ] 3 0 163 12 780
dab1 522 [ 0, 0, 0, 0, 0, 0, 0, 0, 0, 0, 44, 8, 0, 0, 5, 0 ] 10 11 218 177 780
7a04 524 [ 0, 0, 0, 0, 0, 0, 0, 0, 0, 0, 44, 8, 0, 0, 5, 0 ] 10 0 122 4 780
3a40 526 [ 0, 0, 0, 0, 0, 0, 0, 0, 0, 0, 48, 8, 0, 0, 5, 0 ] 10 4 58 64 780
1208 528 [ 0, 0, 0, 0, 0, 0, 0, 0, 0, 0, 48, 8, 0, 0, 5, 0 ] 2 0 18 8 780
a30c 520 [ 0, 0, 0, 0, 0, 0, 0, 0, 0, 0, 48, 8, 0, 0, 5, 0 ] 3 0 163 12 780
dab1 522 [ 0, 0, 0, 0, 0, 0, 0, 0, 0, 0, 48, 8, 0, 0, 5, 0 ] 10 11 218 177 780
7a04 524 [ 0, 0, 0, 0, 0, 0, 0, 0, 0, 0, 48, 8, 0, 0, 5, 0 ] 10 0 122 4 780
3a40 526 [ 0, 0, 0, 0, 0, 0, 0, 0, 0, 0, 52, 8, 0, 0, 5, 0 ] 10 4 58 64 780
1208 528 [ 0, 0, 0, 0, 0, 0, 0, 0, 0, 0, 52, 8, 0, 0, 5, 0 ] 2 0 18 8 780
a30c 520 [ 0, 0, 0, 0, 0, 0, 0, 0, 0, 0, 52, 8, 0, 0, 5, 0 ] 3 0 163 12 780
dab1 522 [ 0, 0, 0, 0, 0, 0, 0, 0, 0, 0, 52, 8, 0, 0, 5, 0 ] 10 11 218 177 780
7a04 524 [ 0, 0, 0, 0, 0, 0, 0, 0, 0, 0, 52, 8, 0, 0, 5, 0 ] 10 0 122 4 780
3a40 526 [ 0, 0, 0, 0, 0, 0, 0, 0, 0, 0, 56, 8, 0, 0, 5, 0 ] 10 4 58 64 780
1208 528 [ 0, 0, 0, 0, 0, 0, 0, 0, 0, 0, 56, 8, 0, 0, 5, 0 ] 2 0 18 8 780
a30c 520 [ 0, 0, 0, 0, 0, 0, 0, 0, 0, 0, 56, 8, 0, 0, 5, 0 ] 3 0 163 12 780
dab1 522 [ 0, 0, 0, 0, 0, 0, 0, 0, 0, 0, 56, 8, 0, 0, 5, 0 ] 10 11 218 177 780
7a04 524 [ 0, 0, 0, 0, 0, 0, 0, 0, 0, 0, 56, 8, 0, 0, 5, 0 ] 10 0 122 4 780
3a40 526 [ 0, 0, 0, 0, 0, 0, 0, 0, 0, 0, 60, 8, 0, 0, 5, 0 ] 10 4 58 64 780
1208 528 [ 0, 0, 0, 0, 0, 0, 0, 0, 0, 0, 60, 8, 0, 0, 5, 0 ] 2 0 18 8 780
a30c 520 [ 0, 0, 0, 0, 0, 0, 0, 0, 0, 0, 60, 8, 0, 0, 5, 0 ] 3 0 163 12 780
dab1 522 [ 0, 0, 0, 0, 0, 0, 0, 0, 0, 0, 60, 8, 0, 0, 5, 0 ] 10 11 218 177 780
7a04 524 [ 0, 0, 0, 0, 0, 0, 0, 0, 0, 0, 60, 8, 0, 0, 5, 0 ] 10 0 122 4 780
3a40 526 [ 0, 0, 0, 0, 0, 0, 0, 0, 0, 0, 64, 8, 0, 0, 5, 0 ] 10 4 58 64 780
7b02 530 [ 0, 0, 0, 0, 0, 0, 0, 0, 0, 0, 64, 8, 0, 0, 5, 0 ] 11 0 123 2 780
3b12 532 [ 0, 0, 0, 0, 0, 0, 0, 0, 0, 0, 64, 10, 0, 0, 5, 0 ] 11 1 59 18 780
1206 534 [ 0, 0, 0, 0, 0, 0, 0, 0, 0, 0, 64, 10, 0, 0, 5, 0 ] 2 0 18 6 780
6a00 518 [ 0, 0, 0, 0, 0, 0, 0, 0, 0, 0, 64, 10, 0, 0, 5, 0 ] 10 0 106 0 780
a30c 520 [ 0, 0, 0, 0, 0, 0, 0, 0, 0, 0, 0, 10, 0, 0, 5, 0 ] 3 0 163 12 780
dab1 522 [ 0, 0, 0, 0, 0, 0, 0, 0, 0, 0, 0, 10, 0, 0, 5, 0 ] 10 11 218 177 780
7a04 524 [ 0, 0, 0, 0, 0, 0, 0, 0, 0, 0, 0, 10, 0, 0, 5, 0 ] 10 0 122 4 780
3a40 526 [ 0, 0, 0, 0, 0, 0, 0, 0, 0, 0, 4, 10, 0, 0, 5, 0 ] 10 4 58 64 780
1208 528 [ 0, 0, 0, 0, 0, 0, 0, 0, 0, 0, 4, 10, 0, 0, 5, 0 ] 2 0 18 8 780
a30c 520 [ 0, 0, 0, 0, 0, 0, 0, 0, 0, 0, 4, 10, 0, 0, 5, 0 ] 3 0 163 12 780
dab1 522 [ 0, 0, 0, 0, 0, 0, 0, 0, 0, 0, 4, 10, 0, 0, 5, 0 ] 10 11 218 177 780
7a04 524 [ 0, 0, 0, 0, 0, 0, 0, 0, 0, 0, 4, 10, 0, 0, 5, 0 ] 10 0 122 4 780
3a40 526 [ 0, 0, 0, 0, 0, 0, 0, 0, 0, 0, 8, 10, 0, 0, 5, 0 ] 10 4 58 64 780
1208 528 [ 0, 0, 0, 0, 0, 0, 0, 0, 0, 0, 8, 10, 0, 0, 5, 0 ] 2 0 18 8 780
a30c 520 [ 0, 0, 0, 0, 0, 0, 0, 0, 0, 0, 8, 10, 0, 0, 5, 0 ] 3 0 163 12 780
dab1 522 [ 0, 0, 0, 0, 0, 0, 0, 0, 0, 0, 8, 10, 0, 0, 5, 0 ] 10 11 218 177 780
7a04 524 [ 0, 0, 0, 0, 0, 0, 0, 0, 0, 0, 8, 10, 0, 0, 5, 0 ] 10 0 122 4 780
3a40 526 [ 0, 0, 0, 0, 0, 0, 0, 0, 0, 0, 12, 10, 0, 0, 5, 0 ] 10 4 58 64 780
1208 528 [ 0, 0, 0, 0, 0, 0, 0, 0, 0, 0, 12, 10, 0, 0, 5, 0 ] 2 0 18 8 780
a30c 520 [ 0, 0, 0, 0, 0, 0, 0, 0, 0, 0, 12, 10, 0, 0, 5, 0 ] 3 0 163 12 780
dab1 522 [ 0, 0, 0, 0, 0, 0, 0, 0, 0, 0, 12, 10, 0, 0, 5, 0 ] 10 11 218 177 780
7a04 524 [ 0, 0, 0, 0, 0, 0, 0, 0, 0, 0, 12, 10, 0, 0, 5, 0 ] 10 0 122 4 780
3a40 526 [ 0, 0, 0, 0, 0, 0, 0, 0, 0, 0, 16, 10, 0, 0, 5, 0 ] 10 4 58 64 780
1208 528 [ 0, 0, 0, 0, 0, 0, 0, 0, 0, 0, 16, 10, 0, 0, 5, 0 ] 2 0 18 8 780
a30c 520 [ 0, 0, 0, 0, 0, 0, 0, 0, 0, 0, 16, 10, 0, 0, 5, 0 ] 3 0 163 12 780
dab1 522 [ 0, 0, 0, 0, 0, 0, 0, 0, 0, 0, 16, 10, 0, 0, 5, 0 ] 10 11 218 177 780
7a04 524 [ 0, 0, 0, 0, 0, 0, 0, 0, 0, 0, 16, 10, 0, 0, 5, 0 ] 10 0 122 4 780
3a40 526 [ 0, 0, 0, 0, 0, 0, 0, 0, 0, 0, 20, 10, 0, 0, 5, 0 ] 10 4 58 64 780
1208 528 [ 0, 0, 0, 0, 0, 0, 0, 0, 0, 0, 20, 10, 0, 0, 5, 0 ] 2 0 18 8 780
a30c 520 [ 0, 0, 0, 0, 0, 0, 0, 0, 0, 0, 20, 10, 0, 0, 5, 0 ] 3 0 163 12 780
dab1 522 [ 0, 0, 0, 0, 0, 0, 0, 0, 0, 0, 20, 10, 0, 0, 5, 0 ] 10 11 218 177 780
7a04 524 [ 0, 0, 0, 0, 0, 0, 0, 0, 0, 0, 20, 10, 0, 0, 5, 0 ] 10 0 122 4 780
3a40 526 [ 0, 0, 0, 0, 0, 0, 0, 0, 0, 0, 24, 10, 0, 0, 5, 0 ] 10 4 58 64 780
1208 528 [ 0, 0, 0, 0, 0, 0, 0, 0, 0, 0, 24, 10, 0, 0, 5, 0 ] 2 0 18 8 780
a30c 520 [ 0, 0, 0, 0, 0, 0, 0, 0, 0, 0, 24, 10, 0, 0, 5, 0 ] 3 0 163 12 780
dab1 522 [ 0, 0, 0, 0, 0, 0, 0, 0, 0, 0, 24, 10, 0, 0, 5, 0 ] 10 11 218 177 780
7a04 524 [ 0, 0, 0, 0, 0, 0, 0, 0, 0, 0, 24, 10, 0, 0, 5, 0 ] 10 0 122 4 780
3a40 526 [ 0, 0, 0, 0, 0, 0, 0, 0, 0, 0, 28, 10, 0, 0, 5, 0 ] 10 4 58 64 780
1208 528 [ 0, 0, 0, 0, 0, 0, 0, 0, 0, 0, 28, 10, 0, 0, 5, 0 ] 2 0 18 8 780
a30c 520 [ 0, 0, 0, 0, 0, 0, 0, 0, 0, 0, 28, 10, 0, 0, 5, 0 ] 3 0 163 12 780
dab1 522 [ 0, 0, 0, 0, 0, 0, 0, 0, 0, 0, 28, 10, 0, 0, 5, 0 ] 10 11 218 177 780
7a04 524 [ 0, 0, 0, 0, 0, 0, 0, 0, 0, 0, 28, 10, 0, 0, 5, 0 ] 10 0 122 4 780
3a40 526 [ 0, 0, 0, 0, 0, 0, 0, 0, 0, 0, 32, 10, 0, 0, 5, 0 ] 10 4 58 64 780
1208 528 [ 0, 0, 0, 0, 0, 0, 0, 0, 0, 0, 32, 10, 0, 0, 5, 0 ] 2 0 18 8 780
a30c 520 [ 0, 0, 0, 0, 0, 0, 0, 0, 0, 0, 32, 10, 0, 0, 5, 0 ] 3 0 163 12 780
dab1 522 [ 0, 0, 0, 0, 0, 0, 0, 0, 0, 0, 32, 10, 0, 0, 5, 0 ] 10 11 218 177 780
7a04 524 [ 0, 0, 0, 0, 0, 0, 0, 0, 0, 0, 32, 10, 0, 0, 5, 0 ] 10 0 122 4 780
3a40 526 [ 0, 0, 0, 0, 0, 0, 0, 0, 0, 0, 36, 10, 0, 0, 5, 0 ] 10 4 58 64 780
1208 528 [ 0, 0, 0, 0, 0, 0, 0, 0, 0, 0, 36, 10, 0, 0, 5, 0 ] 2 0 18 8 780
a30c 520 [ 0, 0, 0, 0, 0, 0, 0, 0, 0, 0, 36, 10, 0, 0, 5, 0 ] 3 0 163 12 780
dab1 522 [ 0, 0, 0, 0, 0, 0, 0, 0, 0, 0, 36, 10, 0, 0, 5, 0 ] 10 11 218 177 780
7a04 524 [ 0, 0, 0, 0, 0, 0, 0, 0, 0, 0, 36, 10, 0, 0, 5, 0 ] 10 0 122 4 780
3a40 526 [ 0, 0, 0, 0, 0, 0, 0, 0, 0, 0, 40, 10, 0, 0, 5, 0 ] 10 4 58 64 780
1208 528 [ 0, 0, 0, 0, 0, 0, 0, 0, 0, 0, 40, 10, 0, 0, 5, 0 ] 2 0 18 8 780
a30c 520 [ 0, 0, 0, 0, 0, 0, 0, 0, 0, 0, 40, 10, 0, 0, 5, 0 ] 3 0 163 12 780
dab1 522 [ 0, 0, 0, 0, 0, 0, 0, 0, 0, 0, 40, 10, 0, 0, 5, 0 ] 10 11 218 177 780
7a04 524 [ 0, 0, 0, 0, 0, 0, 0, 0, 0, 0, 40, 10, 0, 0, 5, 0 ] 10 0 122 4 780
3a40 526 [ 0, 0, 0, 0, 0, 0, 0, 0, 0, 0, 44, 10, 0, 0, 5, 0 ] 10 4 58 64 780
1208 528 [ 0, 0, 0, 0, 0, 0, 0, 0, 0, 0, 44, 10, 0, 0, 5, 0 ] 2 0 18 8 780
a30c 520 [ 0, 0, 0, 0, 0, 0, 0, 0, 0, 0, 44, 10, 0, 0, 5, 0 ] 3 0 163 12 780
dab1 522 [ 0, 0, 0, 0, 0, 0, 0, 0, 0, 0, 44, 10, 0, 0, 5, 0 ] 10 11 218 177 780
7a04 524 [ 0, 0, 0, 0, 0, 0, 0, 0, 0, 0, 44, 10, 0, 0, 5, 0 ] 10 0 122 4 780
3a40 526 [ 0, 0, 0, 0, 0, 0, 0, 0, 0, 0, 48, 10, 0, 0, 5, 0 ] 10 4 58 64 780
1208 528 [ 0, 0, 0, 0, 0, 0, 0, 0, 0, 0, 48, 10, 0, 0, 5, 0 ] 2 0 18 8 780
a30c 520 [ 0, 0, 0, 0, 0, 0, 0, 0, 0, 0, 48, 10, 0, 0, 5, 0 ] 3 0 163 12 780
dab1 522 [ 0, 0, 0, 0, 0, 0, 0, 0, 0, 0, 48, 10, 0, 0, 5, 0 ] 10 11 218 177 780
7a04 524 [ 0, 0, 0, 0, 0, 0, 0, 0, 0, 0, 48, 10, 0, 0, 5, 0 ] 10 0 122 4 780
3a40 526 [ 0, 0, 0, 0, 0, 0, 0, 0, 0, 0, 52, 10, 0, 0, 5, 0 ] 10 4 58 64 780
1208 528 [ 0, 0, 0, 0, 0, 0, 0, 0, 0, 0, 52, 10, 0, 0, 5, 0 ] 2 0 18 8 780
a30c 520 [ 0, 0, 0, 0, 0, 0, 0, 0, 0, 0, 52, 10, 0, 0, 5, 0 ] 3 0 163 12 780
dab1 522 [ 0, 0, 0, 0, 0, 0, 0, 0, 0, 0, 52, 10, 0, 0, 5, 0 ] 10 11 218 177 780
7a04 524 [ 0, 0, 0, 0, 0, 0, 0, 0, 0, 0, 52, 10, 0, 0, 5, 0 ] 10 0 122 4 780
3a40 526 [ 0, 0, 0, 0, 0, 0, 0, 0, 0, 0, 56, 10, 0, 0, 5, 0 ] 10 4 58 64 780
1208 528 [ 0, 0, 0, 0, 0, 0, 0, 0, 0, 0, 56, 10, 0, 0, 5, 0 ] 2 0 18 8 780
a30c 520 [ 0, 0, 0, 0, 0, 0, 0, 0, 0, 0, 56, 10, 0, 0, 5, 0 ] 3 0 163 12 780
dab1 522 [ 0, 0, 0, 0, 0, 0, 0, 0, 0, 0, 56, 10, 0, 0, 5, 0 ] 10 11 218 177 780
7a04 524 [ 0, 0, 0, 0, 0, 0, 0, 0, 0, 0, 56, 10, 0, 0, 5, 0 ] 10 0 122 4 780
3a40 526 [ 0, 0, 0, 0, 0, 0, 0, 0, 0, 0, 60, 10, 0, 0, 5, 0 ] 10 4 58 64 780
1208 528 [ 0, 0, 0, 0, 0, 0, 0, 0, 0, 0, 60, 10, 0, 0, 5, 0 ] 2 0 18 8 780
a30c 520 [ 0, 0, 0, 0, 0, 0, 0, 0, 0, 0, 60, 10, 0, 0, 5, 0 ] 3 0 163 12 780
dab1 522 [ 0, 0, 0, 0, 0, 0, 0, 0, 0, 0, 60, 10, 0, 0, 5, 0 ] 10 11 218 177 780
7a04 524 [ 0, 0, 0, 0, 0, 0, 0, 0, 0, 0, 60, 10, 0, 0, 5, 0 ] 10 0 122 4 780
3a40 526 [ 0, 0, 0, 0, 0, 0, 0, 0, 0, 0, 64, 10, 0, 0, 5, 0 ] 10 4 58 64 780
7b02 530 [ 0, 0, 0, 0, 0, 0, 0, 0, 0, 0, 64, 10, 0, 0, 5, 0 ] 11 0 123 2 780
3b12 532 [ 0, 0, 0, 0, 0, 0, 0, 0, 0, 0, 64, 12, 0, 0, 5, 0 ] 11 1 59 18 780
1206 534 [ 0, 0, 0, 0, 0, 0, 0, 0, 0, 0, 64, 12, 0, 0, 5, 0 ] 2 0 18 6 780
6a00 518 [ 0, 0, 0, 0, 0, 0, 0, 0, 0, 0, 64, 12, 0, 0, 5, 0 ] 10 0 106 0 780
a30c 520 [ 0, 0, 0, 0, 0, 0, 0, 0, 0, 0, 0, 12, 0, 0, 5, 0 ] 3 0 163 12 780
dab1 522 [ 0, 0, 0, 0, 0, 0, 0, 0, 0, 0, 0, 12, 0, 0, 5, 0 ] 10 11 218 177 780
7a04 524 [ 0, 0, 0, 0, 0, 0, 0, 0, 0, 0, 0, 12, 0, 0, 5, 0 ] 10 0 122 4 780
3a40 526 [ 0, 0, 0, 0, 0, 0, 0, 0, 0, 0, 4, 12, 0, 0, 5, 0 ] 10 4 58 64 780
1208 528 [ 0, 0, 0, 0, 0, 0, 0, 0, 0, 0, 4, 12, 0, 0, 5, 0 ] 2 0 18 8 780
a30c 520 [ 0, 0, 0, 0, 0, 0, 0, 0, 0, 0, 4, 12, 0, 0, 5, 0 ] 3 0 163 12 780
dab1 522 [ 0, 0, 0, 0, 0, 0, 0, 0, 0, 0, 4, 12, 0, 0, 5, 0 ] 10 11 218 177 780
7a04 524 [ 0, 0, 0, 0, 0, 0, 0, 0, 0, 0, 4, 12, 0, 0, 5, 0 ] 10 0 122 4 780
3a40 526 [ 0, 0, 0, 0, 0, 0, 0, 0, 0, 0, 8, 12, 0, 0, 5, 0 ] 10 4 58 64 780
1208 528 [ 0, 0, 0, 0, 0, 0, 0, 0, 0, 0, 8, 12, 0, 0, 5, 0 ] 2 0 18 8 780
a30c 520 [ 0, 0, 0, 0, 0, 0, 0, 0, 0, 0, 8, 12, 0, 0, 5, 0 ] 3 0 163 12 780
dab1 522 [ 0, 0, 0, 0, 0, 0, 0, 0, 0, 0, 8, 12, 0, 0, 5, 0 ] 10 11 218 177 780
7a04 524 [ 0, 0, 0, 0, 0, 0, 0, 0, 0, 0, 8, 12, 0, 0, 5, 0 ] 10 0 122 4 780
3a40 526 [ 0, 0, 0, 0, 0, 0, 0, 0, 0, 0, 12, 12, 0, 0, 5, 0 ] 10 4 58 64 780
1208 528 [ 0, 0, 0, 0, 0, 0, 0, 0, 0, 0, 12, 12, 0, 0, 5, 0 ] 2 0 18 8 780
a30c 520 [ 0, 0, 0, 0, 0, 0, 0, 0, 0, 0, 12, 12, 0, 0, 5, 0 ] 3 0 163 12 780
dab1 522 [ 0, 0, 0, 0, 0, 0, 0, 0, 0, 0, 12, 12, 0, 0, 5, 0 ] 10 11 218 177 780
7a04 524 [ 0, 0, 0, 0, 0, 0, 0, 0, 0, 0, 12, 12, 0, 0, 5, 0 ] 10 0 122 4 780
3a40 526 [ 0, 0, 0, 0, 0, 0, 0, 0, 0, 0, 16, 12, 0, 0, 5, 0 ] 10 4 58 64 780
1208 528 [ 0, 0, 0, 0, 0, 0, 0, 0, 0, 0, 16, 12, 0, 0, 5, 0 ] 2 0 18 8 780
a30c 520 [ 0, 0, 0, 0, 0, 0, 0, 0, 0, 0, 16, 12, 0, 0, 5, 0 ] 3 0 163 12 780
dab1 522 [ 0, 0, 0, 0, 0, 0, 0, 0, 0, 0, 16, 12, 0, 0, 5, 0 ] 10 11 218 177 780
7a04 524 [ 0, 0, 0, 0, 0, 0, 0, 0, 0, 0, 16, 12, 0, 0, 5, 0 ] 10 0 122 4 780
3a40 526 [ 0, 0, 0, 0, 0, 0, 0, 0, 0, 0, 20, 12, 0, 0, 5, 0 ] 10 4 58 64 780
1208 528 [ 0, 0, 0, 0, 0, 0, 0, 0, 0, 0, 20, 12, 0, 0, 5, 0 ] 2 0 18 8 780
a30c 520 [ 0, 0, 0, 0, 0, 0, 0, 0, 0, 0, 20, 12, 0, 0, 5, 0 ] 3 0 163 12 780
dab1 522 [ 0, 0, 0, 0, 0, 0, 0, 0, 0, 0, 20, 12, 0, 0, 5, 0 ] 10 11 218 177 780
7a04 524 [ 0, 0, 0, 0, 0, 0, 0, 0, 0, 0, 20, 12, 0, 0, 5, 0 ] 10 0 122 4 780
3a40 526 [ 0, 0, 0, 0, 0, 0, 0, 0, 0, 0, 24, 12, 0, 0, 5, 0 ] 10 4 58 64 780
1208 528 [ 0, 0, 0, 0, 0, 0, 0, 0, 0, 0, 24, 12, 0, 0, 5, 0 ] 2 0 18 8 780
a30c 520 [ 0, 0, 0, 0, 0, 0, 0, 0, 0, 0, 24, 12, 0, 0, 5, 0 ] 3 0 163 12 780
dab1 522 [ 0, 0, 0, 0, 0, 0, 0, 0, 0, 0, 24, 12, 0, 0, 5, 0 ] 10 11 218 177 780
7a04 524 [ 0, 0, 0, 0, 0, 0, 0, 0, 0, 0, 24, 12, 0, 0, 5, 0 ] 10 0 122 4 780
3a40 526 [ 0, 0, 0, 0, 0, 0, 0, 0, 0, 0, 28, 12, 0, 0, 5, 0 ] 10 4 58 64 780
1208 528 [ 0, 0, 0, 0, 0, 0, 0, 0, 0, 0, 28, 12, 0, 0, 5, 0 ] 2 0 18 8 780
a30c 520 [ 0, 0, 0, 0, 0, 0, 0, 0, 0, 0, 28, 12, 0, 0, 5, 0 ] 3 0 163 12 780
dab1 522 [ 0, 0, 0, 0, 0, 0, 0, 0, 0, 0, 28, 12, 0, 0, 5, 0 ] 10 11 218 177 780
7a04 524 [ 0, 0, 0, 0, 0, 0, 0, 0, 0, 0, 28, 12, 0, 0, 5, 0 ] 10 0 122 4 780
3a40 526 [ 0, 0, 0, 0, 0, 0, 0, 0, 0, 0, 32, 12, 0, 0, 5, 0 ] 10 4 58 64 780
1208 528 [ 0, 0, 0, 0, 0, 0, 0, 0, 0, 0, 32, 12, 0, 0, 5, 0 ] 2 0 18 8 780
a30c 520 [ 0, 0, 0, 0, 0, 0, 0, 0, 0, 0, 32, 12, 0, 0, 5, 0 ] 3 0 163 12 780
dab1 522 [ 0, 0, 0, 0, 0, 0, 0, 0, 0, 0, 32, 12, 0, 0, 5, 0 ] 10 11 218 177 780
7a04 524 [ 0, 0, 0, 0, 0, 0, 0, 0, 0, 0, 32, 12, 0, 0, 5, 0 ] 10 0 122 4 780
3a40 526 [ 0, 0, 0, 0, 0, 0, 0, 0, 0, 0, 36, 12, 0, 0, 5, 0 ] 10 4 58 64 780
1208 528 [ 0, 0, 0, 0, 0, 0, 0, 0, 0, 0, 36, 12, 0, 0, 5, 0 ] 2 0 18 8 780
a30c 520 [ 0, 0, 0, 0, 0, 0, 0, 0, 0, 0, 36, 12, 0, 0, 5, 0 ] 3 0 163 12 780
dab1 522 [ 0, 0, 0, 0, 0, 0, 0, 0, 0, 0, 36, 12, 0, 0, 5, 0 ] 10 11 218 177 780
7a04 524 [ 0, 0, 0, 0, 0, 0, 0, 0, 0, 0, 36, 12, 0, 0, 5, 0 ] 10 0 122 4 780
3a40 526 [ 0, 0, 0, 0, 0, 0, 0, 0, 0, 0, 40, 12, 0, 0, 5, 0 ] 10 4 58 64 780
1208 528 [ 0, 0, 0, 0, 0, 0, 0, 0, 0, 0, 40, 12, 0, 0, 5, 0 ] 2 0 18 8 780
a30c 520 [ 0, 0, 0, 0, 0, 0, 0, 0, 0, 0, 40, 12, 0, 0, 5, 0 ] 3 0 163 12 780
dab1 522 [ 0, 0, 0, 0, 0, 0, 0, 0, 0, 0, 40, 12, 0, 0, 5, 0 ] 10 11 218 177 780
7a04 524 [ 0, 0, 0, 0, 0, 0, 0, 0, 0, 0, 40, 12, 0, 0, 5, 0 ] 10 0 122 4 780
3a40 526 [ 0, 0, 0, 0, 0, 0, 0, 0, 0, 0, 44, 12, 0, 0, 5, 0 ] 10 4 58 64 780
1208 528 [ 0, 0, 0, 0, 0, 0, 0, 0, 0, 0, 44, 12, 0, 0, 5, 0 ] 2 0 18 8 780
a30c 520 [ 0, 0, 0, 0, 0, 0, 0, 0, 0, 0, 44, 12, 0, 0, 5, 0 ] 3 0 163 12 780
dab1 522 [ 0, 0, 0, 0, 0, 0, 0, 0, 0, 0, 44, 12, 0, 0, 5, 0 ] 10 11 218 177 780
7a04 524 [ 0, 0, 0, 0, 0, 0, 0, 0, 0, 0, 44, 12, 0, 0, 5, 0 ] 10 0 122 4 780
3a40 526 [ 0, 0, 0, 0, 0, 0, 0, 0, 0, 0, 48, 12, 0, 0, 5, 0 ] 10 4 58 64 780
1208 528 [ 0, 0, 0, 0, 0, 0, 0, 0, 0, 0, 48, 12, 0, 0, 5, 0 ] 2 0 18 8 780
a30c 520 [ 0, 0, 0, 0, 0, 0, 0, 0, 0, 0, 48, 12, 0, 0, 5, 0 ] 3 0 163 12 780
dab1 522 [ 0, 0, 0, 0, 0, 0, 0, 0, 0, 0, 48, 12, 0, 0, 5, 0 ] 10 11 218 177 780
7a04 524 [ 0, 0, 0, 0, 0, 0, 0, 0, 0, 0, 48, 12, 0, 0, 5, 0 ] 10 0 122 4 780
3a40 526 [ 0, 0, 0, 0, 0, 0, 0, 0, 0, 0, 52, 12, 0, 0, 5, 0 ] 10 4 58 64 780
1208 528 [ 0, 0, 0, 0, 0, 0, 0, 0, 0, 0, 52, 12, 0, 0, 5, 0 ] 2 0 18 8 780
a30c 520 [ 0, 0, 0, 0, 0, 0, 0, 0, 0, 0, 52, 12, 0, 0, 5, 0 ] 3 0 163 12 780
dab1 522 [ 0, 0, 0, 0, 0, 0, 0, 0, 0, 0, 52, 12, 0, 0, 5, 0 ] 10 11 218 177 780
7a04 524 [ 0, 0, 0, 0, 0, 0, 0, 0, 0, 0, 52, 12, 0, 0, 5, 0 ] 10 0 122 4 780
3a40 526 [ 0, 0, 0, 0, 0, 0, 0, 0, 0, 0, 56, 12, 0, 0, 5, 0 ] 10 4 58 64 780
1208 528 [ 0, 0, 0, 0, 0, 0, 0, 0, 0, 0, 56, 12, 0, 0, 5, 0 ] 2 0 18 8 780
a30c 520 [ 0, 0, 0, 0, 0, 0, 0, 0, 0, 0, 56, 12, 0, 0, 5, 0 ] 3 0 163 12 780
dab1 522 [ 0, 0, 0, 0, 0, 0, 0, 0, 0, 0, 56, 12, 0, 0, 5, 0 ] 10 11 218 177 780
7a04 524 [ 0, 0, 0, 0, 0, 0, 0, 0, 0, 0, 56, 12, 0, 0, 5, 0 ] 10 0 122 4 780
3a40 526 [ 0, 0, 0, 0, 0, 0, 0, 0, 0, 0, 60, 12, 0, 0, 5, 0 ] 10 4 58 64 780
1208 528 [ 0, 0, 0, 0, 0, 0, 0, 0, 0, 0, 60, 12, 0, 0, 5, 0 ] 2 0 18 8 780
a30c 520 [ 0, 0, 0, 0, 0, 0, 0, 0, 0, 0, 60, 12, 0, 0, 5, 0 ] 3 0 163 12 780
dab1 522 [ 0, 0, 0, 0, 0, 0, 0, 0, 0, 0, 60, 12, 0, 0, 5, 0 ] 10 11 218 177 780
7a04 524 [ 0, 0, 0, 0, 0, 0, 0, 0, 0, 0, 60, 12, 0, 0, 5, 0 ] 10 0 122 4 780
3a40 526 [ 0, 0, 0, 0, 0, 0, 0, 0, 0, 0, 64, 12, 0, 0, 5, 0 ] 10 4 58 64 780
7b02 530 [ 0, 0, 0, 0, 0, 0, 0, 0, 0, 0, 64, 12, 0, 0, 5, 0 ] 11 0 123 2 780
3b12 532 [ 0, 0, 0, 0, 0, 0, 0, 0, 0, 0, 64, 14, 0, 0, 5, 0 ] 11 1 59 18 780
1206 534 [ 0, 0, 0, 0, 0, 0, 0, 0, 0, 0, 64, 14, 0, 0, 5, 0 ] 2 0 18 6 780
6a00 518 [ 0, 0, 0, 0, 0, 0, 0, 0, 0, 0, 64, 14, 0, 0, 5, 0 ] 10 0 106 0 780
a30c 520 [ 0, 0, 0, 0, 0, 0, 0, 0, 0, 0, 0, 14, 0, 0, 5, 0 ] 3 0 163 12 780
dab1 522 [ 0, 0, 0, 0, 0, 0, 0, 0, 0, 0, 0, 14, 0, 0, 5, 0 ] 10 11 218 177 780
7a04 524 [ 0, 0, 0, 0, 0, 0, 0, 0, 0, 0, 0, 14, 0, 0, 5, 0 ] 10 0 122 4 780
3a40 526 [ 0, 0, 0, 0, 0, 0, 0, 0, 0, 0, 4, 14, 0, 0, 5, 0 ] 10 4 58 64 780
1208 528 [ 0, 0, 0, 0, 0, 0, 0, 0, 0, 0, 4, 14, 0, 0, 5, 0 ] 2 0 18 8 780
a30c 520 [ 0, 0, 0, 0, 0, 0, 0, 0, 0, 0, 4, 14, 0, 0, 5, 0 ] 3 0 163 12 780
dab1 522 [ 0, 0, 0, 0, 0, 0, 0, 0, 0, 0, 4, 14, 0, 0, 5, 0 ] 10 11 218 177 780
7a04 524 [ 0, 0, 0, 0, 0, 0, 0, 0, 0, 0, 4, 14, 0, 0, 5, 0 ] 10 0 122 4 780
3a40 526 [ 0, 0, 0, 0, 0, 0, 0, 0, 0, 0, 8, 14, 0, 0, 5, 0 ] 10 4 58 64 780
1208 528 [ 0, 0, 0, 0, 0, 0, 0, 0, 0, 0, 8, 14, 0, 0, 5, 0 ] 2 0 18 8 780
a30c 520 [ 0, 0, 0, 0, 0, 0, 0, 0, 0, 0, 8, 14, 0, 0, 5, 0 ] 3 0 163 12 780
dab1 522 [ 0, 0, 0, 0, 0, 0, 0, 0, 0, 0, 8, 14, 0, 0, 5, 0 ] 10 11 218 177 780
7a04 524 [ 0, 0, 0, 0, 0, 0, 0, 0, 0, 0, 8, 14, 0, 0, 5, 0 ] 10 0 122 4 780
3a40 526 [ 0, 0, 0, 0, 0, 0, 0, 0, 0, 0, 12, 14, 0, 0, 5, 0 ] 10 4 58 64 780
1208 528 [ 0, 0, 0, 0, 0, 0, 0, 0, 0, 0, 12, 14, 0, 0, 5, 0 ] 2 0 18 8 780
a30c 520 [ 0, 0, 0, 0, 0, 0, 0, 0, 0, 0, 12, 14, 0, 0, 5, 0 ] 3 0 163 12 780
dab1 522 [ 0, 0, 0, 0, 0, 0, 0, 0, 0, 0, 12, 14, 0, 0, 5, 0 ] 10 11 218 177 780
7a04 524 [ 0, 0, 0, 0, 0, 0, 0, 0, 0, 0, 12, 14, 0, 0, 5, 0 ] 10 0 122 4 780
3a40 526 [ 0, 0, 0, 0, 0, 0, 0, 0, 0, 0, 16, 14, 0, 0, 5, 0 ] 10 4 58 64 780
1208 528 [ 0, 0, 0, 0, 0, 0, 0, 0, 0, 0, 16, 14, 0, 0, 5, 0 ] 2 0 18 8 780
a30c 520 [ 0, 0, 0, 0, 0, 0, 0, 0, 0, 0, 16, 14, 0, 0, 5, 0 ] 3 0 163 12 780
dab1 522 [ 0, 0, 0, 0, 0, 0, 0, 0, 0, 0, 16, 14, 0, 0, 5, 0 ] 10 11 218 177 780
7a04 524 [ 0, 0, 0, 0, 0, 0, 0, 0, 0, 0, 16, 14, 0, 0, 5, 0 ] 10 0 122 4 780
3a40 526 [ 0, 0, 0, 0, 0, 0, 0, 0, 0, 0, 20, 14, 0, 0, 5, 0 ] 10 4 58 64 780
1208 528 [ 0, 0, 0, 0, 0, 0, 0, 0, 0, 0, 20, 14, 0, 0, 5, 0 ] 2 0 18 8 780
a30c 520 [ 0, 0, 0, 0, 0, 0, 0, 0, 0, 0, 20, 14, 0, 0, 5, 0 ] 3 0 163 12 780
dab1 522 [ 0, 0, 0, 0, 0, 0, 0, 0, 0, 0, 20, 14, 0, 0, 5, 0 ] 10 11 218 177 780
7a04 524 [ 0, 0, 0, 0, 0, 0, 0, 0, 0, 0, 20, 14, 0, 0, 5, 0 ] 10 0 122 4 780
3a40 526 [ 0, 0, 0, 0, 0, 0, 0, 0, 0, 0, 24, 14, 0, 0, 5, 0 ] 10 4 58 64 780
1208 528 [ 0, 0, 0, 0, 0, 0, 0, 0, 0, 0, 24, 14, 0, 0, 5, 0 ] 2 0 18 8 780
a30c 520 [ 0, 0, 0, 0, 0, 0, 0, 0, 0, 0, 24, 14, 0, 0, 5, 0 ] 3 0 163 12 780
dab1 522 [ 0, 0, 0, 0, 0, 0, 0, 0, 0, 0, 24, 14, 0, 0, 5, 0 ] 10 11 218 177 780
7a04 524 [ 0, 0, 0, 0, 0, 0, 0, 0, 0, 0, 24, 14, 0, 0, 5, 0 ] 10 0 122 4 780
3a40 526 [ 0, 0, 0, 0, 0, 0, 0, 0, 0, 0, 28, 14, 0, 0, 5, 0 ] 10 4 58 64 780
1208 528 [ 0, 0, 0, 0, 0, 0, 0, 0, 0, 0, 28, 14, 0, 0, 5, 0 ] 2 0 18 8 780
a30c 520 [ 0, 0, 0, 0, 0, 0, 0, 0, 0, 0, 28, 14, 0, 0, 5, 0 ] 3 0 163 12 780
dab1 522 [ 0, 0, 0, 0, 0, 0, 0, 0, 0, 0, 28, 14, 0, 0, 5, 0 ] 10 11 218 177 780
7a04 524 [ 0, 0, 0, 0, 0, 0, 0, 0, 0, 0, 28, 14, 0, 0, 5, 0 ] 10 0 122 4 780
3a40 526 [ 0, 0, 0, 0, 0, 0, 0, 0, 0, 0, 32, 14, 0, 0, 5, 0 ] 10 4 58 64 780
1208 528 [ 0, 0, 0, 0, 0, 0, 0, 0, 0, 0, 32, 14, 0, 0, 5, 0 ] 2 0 18 8 780
a30c 520 [ 0, 0, 0, 0, 0, 0, 0, 0, 0, 0, 32, 14, 0, 0, 5, 0 ] 3 0 163 12 780
dab1 522 [ 0, 0, 0, 0, 0, 0, 0, 0, 0, 0, 32, 14, 0, 0, 5, 0 ] 10 11 218 177 780
7a04 524 [ 0, 0, 0, 0, 0, 0, 0, 0, 0, 0, 32, 14, 0, 0, 5, 0 ] 10 0 122 4 780
3a40 526 [ 0, 0, 0, 0, 0, 0, 0, 0, 0, 0, 36, 14, 0, 0, 5, 0 ] 10 4 58 64 780
1208 528 [ 0, 0, 0, 0, 0, 0, 0, 0, 0, 0, 36, 14, 0, 0, 5, 0 ] 2 0 18 8 780
a30c 520 [ 0, 0, 0, 0, 0, 0, 0, 0, 0, 0, 36, 14, 0, 0, 5, 0 ] 3 0 163 12 780
dab1 522 [ 0, 0, 0, 0, 0, 0, 0, 0, 0, 0, 36, 14, 0, 0, 5, 0 ] 10 11 218 177 780
7a04 524 [ 0, 0, 0, 0, 0, 0, 0, 0, 0, 0, 36, 14, 0, 0, 5, 0 ] 10 0 122 4 780
3a40 526 [ 0, 0, 0, 0, 0, 0, 0, 0, 0, 0, 40, 14, 0, 0, 5, 0 ] 10 4 58 64 780
1208 528 [ 0, 0, 0, 0, 0, 0, 0, 0, 0, 0, 40, 14, 0, 0, 5, 0 ] 2 0 18 8 780
a30c 520 [ 0, 0, 0, 0, 0, 0, 0, 0, 0, 0, 40, 14, 0, 0, 5, 0 ] 3 0 163 12 780
dab1 522 [ 0, 0, 0, 0, 0, 0, 0, 0, 0, 0, 40, 14, 0, 0, 5, 0 ] 10 11 218 177 780
7a04 524 [ 0, 0, 0, 0, 0, 0, 0, 0, 0, 0, 40, 14, 0, 0, 5, 0 ] 10 0 122 4 780
3a40 526 [ 0, 0, 0, 0, 0, 0, 0, 0, 0, 0, 44, 14, 0, 0, 5, 0 ] 10 4 58 64 780
1208 528 [ 0, 0, 0, 0, 0, 0, 0, 0, 0, 0, 44, 14, 0, 0, 5, 0 ] 2 0 18 8 780
a30c 520 [ 0, 0, 0, 0, 0, 0, 0, 0, 0, 0, 44, 14, 0, 0, 5, 0 ] 3 0 163 12 780
dab1 522 [ 0, 0, 0, 0, 0, 0, 0, 0, 0, 0, 44, 14, 0, 0, 5, 0 ] 10 11 218 177 780
7a04 524 [ 0, 0, 0, 0, 0, 0, 0, 0, 0, 0, 44, 14, 0, 0, 5, 0 ] 10 0 122 4 780
3a40 526 [ 0, 0, 0, 0, 0, 0, 0, 0, 0, 0, 48, 14, 0, 0, 5, 0 ] 10 4 58 64 780
1208 528 [ 0, 0, 0, 0, 0, 0, 0, 0, 0, 0, 48, 14, 0, 0, 5, 0 ] 2 0 18 8 780
a30c 520 [ 0, 0, 0, 0, 0, 0, 0, 0, 0, 0, 48, 14, 0, 0, 5, 0 ] 3 0 163 12 780
dab1 522 [ 0, 0, 0, 0, 0, 0, 0, 0, 0, 0, 48, 14, 0, 0, 5, 0 ] 10 11 218 177 780
7a04 524 [ 0, 0, 0, 0, 0, 0, 0, 0, 0, 0, 48, 14, 0, 0, 5, 0 ] 10 0 122 4 780
3a40 526 [ 0, 0, 0, 0, 0, 0, 0, 0, 0, 0, 52, 14, 0, 0, 5, 0 ] 10 4 58 64 780
1208 528 [ 0, 0, 0, 0, 0, 0, 0, 0, 0, 0, 52, 14, 0, 0, 5, 0 ] 2 0 18 8 780
a30c 520 [ 0, 0, 0, 0, 0, 0, 0, 0, 0, 0, 52, 14, 0, 0, 5, 0 ] 3 0 163 12 780
dab1 522 [ 0, 0, 0, 0, 0, 0, 0, 0, 0, 0, 52, 14, 0, 0, 5, 0 ] 10 11 218 177 780
7a04 524 [ 0, 0, 0, 0, 0, 0, 0, 0, 0, 0, 52, 14, 0, 0, 5, 0 ] 10 0 122 4 780
3a40 526 [ 0, 0, 0, 0, 0, 0, 0, 0, 0, 0, 56, 14, 0, 0, 5, 0 ] 10 4 58 64 780
1208 528 [ 0, 0, 0, 0, 0, 0, 0, 0, 0, 0, 56, 14, 0, 0, 5, 0 ] 2 0 18 8 780
a30c 520 [ 0, 0, 0, 0, 0, 0, 0, 0, 0, 0, 56, 14, 0, 0, 5, 0 ] 3 0 163 12 780
dab1 522 [ 0, 0, 0, 0, 0, 0, 0, 0, 0, 0, 56, 14, 0, 0, 5, 0 ] 10 11 218 177 780
7a04 524 [ 0, 0, 0, 0, 0, 0, 0, 0, 0, 0, 56, 14, 0, 0, 5, 0 ] 10 0 122 4 780
3a40 526 [ 0, 0, 0, 0, 0, 0, 0, 0, 0, 0, 60, 14, 0, 0, 5, 0 ] 10 4 58 64 780
1208 528 [ 0, 0, 0, 0, 0, 0, 0, 0, 0, 0, 60, 14, 0, 0, 5, 0 ] 2 0 18 8 780
a30c 520 [ 0, 0, 0, 0, 0, 0, 0, 0, 0, 0, 60, 14, 0, 0, 5, 0 ] 3 0 163 12 780
dab1 522 [ 0, 0, 0, 0, 0, 0, 0, 0, 0, 0, 60, 14, 0, 0, 5, 0 ] 10 11 218 177 780
7a04 524 [ 0, 0, 0, 0, 0, 0, 0, 0, 0, 0, 60, 14, 0, 0, 5, 0 ] 10 0 122 4 780
3a40 526 [ 0, 0, 0, 0, 0, 0, 0, 0, 0, 0, 64, 14, 0, 0, 5, 0 ] 10 4 58 64 780
7b02 530 [ 0, 0, 0, 0, 0, 0, 0, 0, 0, 0, 64, 14, 0, 0, 5, 0 ] 11 0 123 2 780
3b12 532 [ 0, 0, 0, 0, 0, 0, 0, 0, 0, 0, 64, 16, 0, 0, 5, 0 ] 11 1 59 18 780
1206 534 [ 0, 0, 0, 0, 0, 0, 0, 0, 0, 0, 64, 16, 0, 0, 5, 0 ] 2 0 18 6 780
6a00 518 [ 0, 0, 0, 0, 0, 0, 0, 0, 0, 0, 64, 16, 0, 0, 5, 0 ] 10 0 106 0 780
a30c 520 [ 0, 0, 0, 0, 0, 0, 0, 0, 0, 0, 0, 16, 0, 0, 5, 0 ] 3 0 163 12 780
dab1 522 [ 0, 0, 0, 0, 0, 0, 0, 0, 0, 0, 0, 16, 0, 0, 5, 0 ] 10 11 218 177 780
7a04 524 [ 0, 0, 0, 0, 0, 0, 0, 0, 0, 0, 0, 16, 0, 0, 5, 0 ] 10 0 122 4 780
3a40 526 [ 0, 0, 0, 0, 0, 0, 0, 0, 0, 0, 4, 16, 0, 0, 5, 0 ] 10 4 58 64 780
1208 528 [ 0, 0, 0, 0, 0, 0, 0, 0, 0, 0, 4, 16, 0, 0, 5, 0 ] 2 0 18 8 780
a30c 520 [ 0, 0, 0, 0, 0, 0, 0, 0, 0, 0, 4, 16, 0, 0, 5, 0 ] 3 0 163 12 780
dab1 522 [ 0, 0, 0, 0, 0, 0, 0, 0, 0, 0, 4, 16, 0, 0, 5, 0 ] 10 11 218 177 780
7a04 524 [ 0, 0, 0, 0, 0, 0, 0, 0, 0, 0, 4, 16, 0, 0, 5, 0 ] 10 0 122 4 780
3a40 526 [ 0, 0, 0, 0, 0, 0, 0, 0, 0, 0, 8, 16, 0, 0, 5, 0 ] 10 4 58 64 780
1208 528 [ 0, 0, 0, 0, 0, 0, 0, 0, 0, 0, 8, 16, 0, 0, 5, 0 ] 2 0 18 8 780
a30c 520 [ 0, 0, 0, 0, 0, 0, 0, 0, 0, 0, 8, 16, 0, 0, 5, 0 ] 3 0 163 12 780
dab1 522 [ 0, 0, 0, 0, 0, 0, 0, 0, 0, 0, 8, 16, 0, 0, 5, 0 ] 10 11 218 177 780
7a04 524 [ 0, 0, 0, 0, 0, 0, 0, 0, 0, 0, 8, 16, 0, 0, 5, 0 ] 10 0 122 4 780
3a40 526 [ 0, 0, 0, 0, 0, 0, 0, 0, 0, 0, 12, 16, 0, 0, 5, 0 ] 10 4 58 64 780
1208 528 [ 0, 0, 0, 0, 0, 0, 0, 0, 0, 0, 12, 16, 0, 0, 5, 0 ] 2 0 18 8 780
a30c 520 [ 0, 0, 0, 0, 0, 0, 0, 0, 0, 0, 12, 16, 0, 0, 5, 0 ] 3 0 163 12 780
dab1 522 [ 0, 0, 0, 0, 0, 0, 0, 0, 0, 0, 12, 16, 0, 0, 5, 0 ] 10 11 218 177 780
7a04 524 [ 0, 0, 0, 0, 0, 0, 0, 0, 0, 0, 12, 16, 0, 0, 5, 0 ] 10 0 122 4 780
3a40 526 [ 0, 0, 0, 0, 0, 0, 0, 0, 0, 0, 16, 16, 0, 0, 5, 0 ] 10 4 58 64 780
1208 528 [ 0, 0, 0, 0, 0, 0, 0, 0, 0, 0, 16, 16, 0, 0, 5, 0 ] 2 0 18 8 780
a30c 520 [ 0, 0, 0, 0, 0, 0, 0, 0, 0, 0, 16, 16, 0, 0, 5, 0 ] 3 0 163 12 780
dab1 522 [ 0, 0, 0, 0, 0, 0, 0, 0, 0, 0, 16, 16, 0, 0, 5, 0 ] 10 11 218 177 780
7a04 524 [ 0, 0, 0, 0, 0, 0, 0, 0, 0, 0, 16, 16, 0, 0, 5, 0 ] 10 0 122 4 780
3a40 526 [ 0, 0, 0, 0, 0, 0, 0, 0, 0, 0, 20, 16, 0, 0, 5, 0 ] 10 4 58 64 780
1208 528 [ 0, 0, 0, 0, 0, 0, 0, 0, 0, 0, 20, 16, 0, 0, 5, 0 ] 2 0 18 8 780
a30c 520 [ 0, 0, 0, 0, 0, 0, 0, 0, 0, 0, 20, 16, 0, 0, 5, 0 ] 3 0 163 12 780
dab1 522 [ 0, 0, 0, 0, 0, 0, 0, 0, 0, 0, 20, 16, 0, 0, 5, 0 ] 10 11 218 177 780
7a04 524 [ 0, 0, 0, 0, 0, 0, 0, 0, 0, 0, 20, 16, 0, 0, 5, 0 ] 10 0 122 4 780
3a40 526 [ 0, 0, 0, 0, 0, 0, 0, 0, 0, 0, 24, 16, 0, 0, 5, 0 ] 10 4 58 64 780
1208 528 [ 0, 0, 0, 0, 0, 0, 0, 0, 0, 0, 24, 16, 0, 0, 5, 0 ] 2 0 18 8 780
a30c 520 [ 0, 0, 0, 0, 0, 0, 0, 0, 0, 0, 24, 16, 0, 0, 5, 0 ] 3 0 163 12 780
dab1 522 [ 0, 0, 0, 0, 0, 0, 0, 0, 0, 0, 24, 16, 0, 0, 5, 0 ] 10 11 218 177 780
7a04 524 [ 0, 0, 0, 0, 0, 0, 0, 0, 0, 0, 24, 16, 0, 0, 5, 0 ] 10 0 122 4 780
3a40 526 [ 0, 0, 0, 0, 0, 0, 0, 0, 0, 0, 28, 16, 0, 0, 5, 0 ] 10 4 58 64 780
1208 528 [ 0, 0, 0, 0, 0, 0, 0, 0, 0, 0, 28, 16, 0, 0, 5, 0 ] 2 0 18 8 780
a30c 520 [ 0, 0, 0, 0, 0, 0, 0, 0, 0, 0, 28, 16, 0, 0, 5, 0 ] 3 0 163 12 780
dab1 522 [ 0, 0, 0, 0, 0, 0, 0, 0, 0, 0, 28, 16, 0, 0, 5, 0 ] 10 11 218 177 780
7a04 524 [ 0, 0, 0, 0, 0, 0, 0, 0, 0, 0, 28, 16, 0, 0, 5, 0 ] 10 0 122 4 780
3a40 526 [ 0, 0, 0, 0, 0, 0, 0, 0, 0, 0, 32, 16, 0, 0, 5, 0 ] 10 4 58 64 780
1208 528 [ 0, 0, 0, 0, 0, 0, 0, 0, 0, 0, 32, 16, 0, 0, 5, 0 ] 2 0 18 8 780
a30c 520 [ 0, 0, 0, 0, 0, 0, 0, 0, 0, 0, 32, 16, 0, 0, 5, 0 ] 3 0 163 12 780
dab1 522 [ 0, 0, 0, 0, 0, 0, 0, 0, 0, 0, 32, 16, 0, 0, 5, 0 ] 10 11 218 177 780
7a04 524 [ 0, 0, 0, 0, 0, 0, 0, 0, 0, 0, 32, 16, 0, 0, 5, 0 ] 10 0 122 4 780
3a40 526 [ 0, 0, 0, 0, 0, 0, 0, 0, 0, 0, 36, 16, 0, 0, 5, 0 ] 10 4 58 64 780
1208 528 [ 0, 0, 0, 0, 0, 0, 0, 0, 0, 0, 36, 16, 0, 0, 5, 0 ] 2 0 18 8 780
a30c 520 [ 0, 0, 0, 0, 0, 0, 0, 0, 0, 0, 36, 16, 0, 0, 5, 0 ] 3 0 163 12 780
dab1 522 [ 0, 0, 0, 0, 0, 0, 0, 0, 0, 0, 36, 16, 0, 0, 5, 0 ] 10 11 218 177 780
7a04 524 [ 0, 0, 0, 0, 0, 0, 0, 0, 0, 0, 36, 16, 0, 0, 5, 0 ] 10 0 122 4 780
3a40 526 [ 0, 0, 0, 0, 0, 0, 0, 0, 0, 0, 40, 16, 0, 0, 5, 0 ] 10 4 58 64 780
1208 528 [ 0, 0, 0, 0, 0, 0, 0, 0, 0, 0, 40, 16, 0, 0, 5, 0 ] 2 0 18 8 780
a30c 520 [ 0, 0, 0, 0, 0, 0, 0, 0, 0, 0, 40, 16, 0, 0, 5, 0 ] 3 0 163 12 780
dab1 522 [ 0, 0, 0, 0, 0, 0, 0, 0, 0, 0, 40, 16, 0, 0, 5, 0 ] 10 11 218 177 780
7a04 524 [ 0, 0, 0, 0, 0, 0, 0, 0, 0, 0, 40, 16, 0, 0, 5, 0 ] 10 0 122 4 780
3a40 526 [ 0, 0, 0, 0, 0, 0, 0, 0, 0, 0, 44, 16, 0, 0, 5, 0 ] 10 4 58 64 780
1208 528 [ 0, 0, 0, 0, 0, 0, 0, 0, 0, 0, 44, 16, 0, 0, 5, 0 ] 2 0 18 8 780
a30c 520 [ 0, 0, 0, 0, 0, 0, 0, 0, 0, 0, 44, 16, 0, 0, 5, 0 ] 3 0 163 12 780
dab1 522 [ 0, 0, 0, 0, 0, 0, 0, 0, 0, 0, 44, 16, 0, 0, 5, 0 ] 10 11 218 177 780
7a04 524 [ 0, 0, 0, 0, 0, 0, 0, 0, 0, 0, 44, 16, 0, 0, 5, 0 ] 10 0 122 4 780
3a40 526 [ 0, 0, 0, 0, 0, 0, 0, 0, 0, 0, 48, 16, 0, 0, 5, 0 ] 10 4 58 64 780
1208 528 [ 0, 0, 0, 0, 0, 0, 0, 0, 0, 0, 48, 16, 0, 0, 5, 0 ] 2 0 18 8 780
a30c 520 [ 0, 0, 0, 0, 0, 0, 0, 0, 0, 0, 48, 16, 0, 0, 5, 0 ] 3 0 163 12 780
dab1 522 [ 0, 0, 0, 0, 0, 0, 0, 0, 0, 0, 48, 16, 0, 0, 5, 0 ] 10 11 218 177 780
7a04 524 [ 0, 0, 0, 0, 0, 0, 0, 0, 0, 0, 48, 16, 0, 0, 5, 0 ] 10 0 122 4 780
3a40 526 [ 0, 0, 0, 0, 0, 0, 0, 0, 0, 0, 52, 16, 0, 0, 5, 0 ] 10 4 58 64 780
1208 528 [ 0, 0, 0, 0, 0, 0, 0, 0, 0, 0, 52, 16, 0, 0, 5, 0 ] 2 0 18 8 780
a30c 520 [ 0, 0, 0, 0, 0, 0, 0, 0, 0, 0, 52, 16, 0, 0, 5, 0 ] 3 0 163 12 780
dab1 522 [ 0, 0, 0, 0, 0, 0, 0, 0, 0, 0, 52, 16, 0, 0, 5, 0 ] 10 11 218 177 780
7a04 524 [ 0, 0, 0, 0, 0, 0, 0, 0, 0, 0, 52, 16, 0, 0, 5, 0 ] 10 0 122 4 780
3a40 526 [ 0, 0, 0, 0, 0, 0, 0, 0, 0, 0, 56, 16, 0, 0, 5, 0 ] 10 4 58 64 780
1208 528 [ 0, 0, 0, 0, 0, 0, 0, 0, 0, 0, 56, 16, 0, 0, 5, 0 ] 2 0 18 8 780
a30c 520 [ 0, 0, 0, 0, 0, 0, 0, 0, 0, 0, 56, 16, 0, 0, 5, 0 ] 3 0 163 12 780
dab1 522 [ 0, 0, 0, 0, 0, 0, 0, 0, 0, 0, 56, 16, 0, 0, 5, 0 ] 10 11 218 177 780
7a04 524 [ 0, 0, 0, 0, 0, 0, 0, 0, 0, 0, 56, 16, 0, 0, 5, 0 ] 10 0 122 4 780
3a40 526 [ 0, 0, 0, 0, 0, 0, 0, 0, 0, 0, 60, 16, 0, 0, 5, 0 ] 10 4 58 64 780
1208 528 [ 0, 0, 0, 0, 0, 0, 0, 0, 0, 0, 60, 16, 0, 0, 5, 0 ] 2 0 18 8 780
a30c 520 [ 0, 0, 0, 0, 0, 0, 0, 0, 0, 0, 60, 16, 0, 0, 5, 0 ] 3 0 163 12 780
dab1 522 [ 0, 0, 0, 0, 0, 0, 0, 0, 0, 0, 60, 16, 0, 0, 5, 0 ] 10 11 218 177 780
7a04 524 [ 0, 0, 0, 0, 0, 0, 0, 0, 0, 0, 60, 16, 0, 0, 5, 0 ] 10 0 122 4 780
3a40 526 [ 0, 0, 0, 0, 0, 0, 0, 0, 0, 0, 64, 16, 0, 0, 5, 0 ] 10 4 58 64 780
7b02 530 [ 0, 0, 0, 0, 0, 0, 0, 0, 0, 0, 64, 16, 0, 0, 5, 0 ] 11 0 123 2 780
3b12 532 [ 0, 0, 0, 0, 0, 0, 0, 0, 0, 0, 64, 18, 0, 0, 5, 0 ] 11 1 59 18 780
6c20 536 [ 0, 0, 0, 0, 0, 0, 0, 0, 0, 0, 64, 18, 0, 0, 5, 0 ] 12 2 108 32 780
6d1f 538 [ 0, 0, 0, 0, 0, 0, 0, 0, 0, 0, 64, 18, 32, 0, 5, 0 ] 13 1 109 31 780
a310 540 [ 0, 0, 0, 0, 0, 0, 0, 0, 0, 0, 64, 18, 32, 31, 5, 0 ] 3 1 163 16 780
dcd1 542 [ 0, 0, 0, 0, 0, 0, 0, 0, 0, 0, 64, 18, 32, 31, 5, 0 ] 12 13 220 209 784
22f6 544 [ 0, 0, 0, 0, 0, 0, 0, 0, 0, 0, 64, 18, 32, 31, 5, 0 ] 2 15 34 246 784
a314 758 [ 0, 0, 0, 0, 0, 0, 0, 0, 0, 0, 64, 18, 32, 31, 5, 0 ] 3 1 163 20 784
f533 760 [ 0, 0, 0, 0, 0, 0, 0, 0, 0, 0, 64, 18, 32, 31, 5, 0 ] 5 3 245 51 788
f265 762 [ 0, 0, 0, 0, 0, 0, 0, 0, 0, 0, 64, 18, 32, 31, 5, 0 ] 2 6 242 101 788
f129 764 [ 0, 0, 0, 0, 0, 0, 0, 0, 0, 0, 64, 18, 32, 31, 5, 0 ] 1 2 241 41 788
6337 766 [ 0, 0, 0, 0, 0, 0, 0, 0, 0, 0, 64, 18, 32, 31, 5, 0 ] 3 3 99 55 0
6400 768 [ 0, 0, 0, 55, 0, 0, 0, 0, 0, 0, 64, 18, 32, 31, 5, 0 ] 4 0 100 0 0
d345 770 [ 0, 0, 0, 55, 0, 0, 0, 0, 0, 0, 64, 18, 32, 31, 5, 0 ] 3 4 211 69 0
7305 772 [ 0, 0, 0, 55, 0, 0, 0, 0, 0, 0, 64, 18, 32, 31, 5, 0 ] 3 0 115 5 0
f229 774 [ 0, 0, 0, 60, 0, 0, 0, 0, 0, 0, 64, 18, 32, 31, 5, 0 ] 2 2 242 41 0
d345 776 [ 0, 0, 0, 60, 0, 0, 0, 0, 0, 0, 64, 18, 32, 31, 5, 0 ] 3 4 211 69 0
ee 778 [ 0, 0, 0, 60, 0, 0, 0, 0, 0, 0, 64, 18, 32, 31, 5, 0 ] 0 14 0 238 0
6000 546 [ 0, 0, 0, 60, 0, 0, 0, 0, 0, 0, 64, 18, 32, 31, 5, 0 ] 0 0 96 0 0
6100 548 [ 0, 0, 0, 60, 0, 0, 0, 0, 0, 0, 64, 18, 32, 31, 5, 0 ] 1 0 97 0 0
a312 550 [ 0, 0, 0, 60, 0, 0, 0, 0, 0, 0, 64, 18, 32, 31, 5, 0 ] 3 1 163 18 0
d011 552 [ 0, 0, 0, 60, 0, 0, 0, 0, 0, 0, 64, 18, 32, 31, 5, 0 ] 0 1 208 17 786
7008 554 [ 0, 0, 0, 60, 0, 0, 0, 0, 0, 0, 64, 18, 32, 31, 5, 0 ] 0 0 112 8 786
a30e 556 [ 8, 0, 0, 60, 0, 0, 0, 0, 0, 0, 64, 18, 32, 31, 5, 0 ] 3 0 163 14 786
d011 558 [ 8, 0, 0, 60, 0, 0, 0, 0, 0, 0, 64, 18, 32, 31, 5, 0 ] 0 1 208 17 782
6040 560 [ 8, 0, 0, 60, 0, 0, 0, 0, 0, 0, 64, 18, 32, 31, 5, 0 ] 0 4 96 64 782
f015 562 [ 64, 0, 0, 60, 0, 0, 0, 0, 0, 0, 64, 18, 32, 31, 5, 0 ] 0 1 240 21 782
f007 564 [ 64, 0, 0, 60, 0, 0, 0, 0, 0, 0, 64, 18, 32, 31, 5, 0 ] 0 0 240 7 782
3000 566 [ 64, 0, 0, 60, 0, 0, 0, 0, 0, 0, 64, 18, 32, 31, 5, 0 ] 0 0 48 0 782
1234 568 [ 64, 0, 0, 60, 0, 0, 0, 0, 0, 0, 64, 18, 32, 31, 5, 0 ] 2 3 18 52 782
f007 564 [ 64, 0, 0, 60, 0, 0, 0, 0, 0, 0, 64, 18, 32, 31, 5, 0 ] 0 0 240 7 782
3000 566 [ 64, 0, 0, 60, 0, 0, 0, 0, 0, 0, 64, 18, 32, 31, 5, 0 ] 0 0 48 0 782
1234 568 [ 64, 0, 0, 60, 0, 0, 0, 0, 0, 0, 64, 18, 32, 31, 5, 0 ] 2 3 18 52 782
f007 564 [ 64, 0, 0, 60, 0, 0, 0, 0, 0, 0, 64, 18, 32, 31, 5, 0 ] 0 0 240 7 782
3000 566 [ 63, 0, 0, 60, 0, 0, 0, 0, 0, 0, 64, 18, 32, 31, 5, 0 ] 0 0 48 0 782
1234 568 [ 63, 0, 0, 60, 0, 0, 0, 0, 0, 0, 64, 18, 32, 31, 5, 0 ] 2 3 18 52 782
f007 564 [ 63, 0, 0, 60, 0, 0, 0, 0, 0, 0, 64, 18, 32, 31, 5, 0 ] 0 0 240 7 782
3000 566 [ 63, 0, 0, 60, 0, 0, 0, 0, 0, 0, 64, 18, 32, 31, 5, 0 ] 0 0 48 0 782
1234 568 [ 63, 0, 0, 60, 0, 0, 0, 0, 0, 0, 64, 18, 32, 31, 5, 0 ] 2 3 18 52 782
f007 564 [ 63, 0, 0, 60, 0, 0, 0, 0, 0, 0, 64, 18, 32, 31, 5, 0 ] 0 0 240 7 782
3000 566 [ 63, 0, 0, 60, 0, 0, 0, 0, 0, 0, 64, 18, 32, 31, 5, 0 ] 0 0 48 0 782
1234 568 [ 63, 0, 0, 60, 0, 0, 0, 0, 0, 0, 64, 18, 32, 31, 5, 0 ] 2 3 18 52 782
f007 564 [ 63, 0, 0, 60, 0, 0, 0, 0, 0, 0, 64, 18, 32, 31, 5, 0 ] 0 0 240 7 782
3000 566 [ 63, 0, 0, 60, 0, 0, 0, 0, 0, 0, 64, 18, 32, 31, 5, 0 ] 0 0 48 0 782
1234 568 [ 63, 0, 0, 60, 0, 0, 0, 0, 0, 0, 64, 18, 32, 31, 5, 0 ] 2 3 18 52 782
f007 564 [ 63, 0, 0, 60, 0, 0, 0, 0, 0, 0, 64, 18, 32, 31, 5, 0 ] 0 0 240 7 782
3000 566 [ 62, 0, 0, 60, 0, 0, 0, 0, 0, 0, 64, 18, 32, 31, 5, 0 ] 0 0 48 0 782
1234 568 [ 62, 0, 0, 60, 0, 0, 0, 0, 0, 0, 64, 18, 32, 31, 5, 0 ] 2 3 18 52 782
f007 564 [ 62, 0, 0, 60, 0, 0, 0, 0, 0, 0, 64, 18, 32, 31, 5, 0 ] 0 0 240 7 782
3000 566 [ 62, 0, 0, 60, 0, 0, 0, 0, 0, 0, 64, 18, 32, 31, 5, 0 ] 0 0 48 0 782
1234 568 [ 62, 0, 0, 60, 0, 0, 0, 0, 0, 0, 64, 18, 32, 31, 5, 0 ] 2 3 18 52 782
f007 564 [ 62, 0, 0, 60, 0, 0, 0, 0, 0, 0, 64, 18, 32, 31, 5, 0 ] 0 0 240 7 782
3000 566 [ 62, 0, 0, 60, 0, 0, 0, 0, 0, 0, 64, 18, 32, 31, 5, 0 ] 0 0 48 0 782
1234 568 [ 62, 0, 0, 60, 0, 0, 0, 0, 0, 0, 64, 18, 32, 31, 5, 0 ] 2 3 18 52 782
f007 564 [ 62, 0, 0, 60, 0, 0, 0, 0, 0, 0, 64, 18, 32, 31, 5, 0 ] 0 0 240 7 782
3000 566 [ 61, 0, 0, 60, 0, 0, 0, 0, 0, 0, 64, 18, 32, 31, 5, 0 ] 0 0 48 0 782
1234 568 [ 61, 0, 0, 60, 0, 0, 0, 0, 0, 0, 64, 18, 32, 31, 5, 0 ] 2 3 18 52 782
f007 564 [ 61, 0, 0, 60, 0, 0, 0, 0, 0, 0, 64, 18, 32, 31, 5, 0 ] 0 0 240 7 782
3000 566 [ 61, 0, 0, 60, 0, 0, 0, 0, 0, 0, 64, 18, 32, 31, 5, 0 ] 0 0 48 0 782
1234 568 [ 61, 0, 0, 60, 0, 0, 0, 0, 0, 0, 64, 18, 32, 31, 5, 0 ] 2 3 18 52 782
f007 564 [ 61, 0, 0, 60, 0, 0, 0, 0, 0, 0, 64, 18, 32, 31, 5, 0 ] 0 0 240 7 782
3000 566 [ 61, 0, 0, 60, 0, 0, 0, 0, 0, 0, 64, 18, 32, 31, 5, 0 ] 0 0 48 0 782
1234 568 [ 61, 0, 0, 60, 0, 0, 0, 0, 0, 0, 64, 18, 32, 31, 5, 0 ] 2 3 18 52 782
f007 564 [ 61, 0, 0, 60, 0, 0, 0, 0, 0, 0, 64, 18, 32, 31, 5, 0 ] 0 0 240 7 782
3000 566 [ 60, 0, 0, 60, 0, 0, 0, 0, 0, 0, 64, 18, 32, 31, 5, 0 ] 0 0 48 0 782
1234 568 [ 60, 0, 0, 60, 0, 0, 0, 0, 0, 0, 64, 18, 32, 31, 5, 0 ] 2 3 18 52 782
f007 564 [ 60, 0, 0, 60, 0, 0, 0, 0, 0, 0, 64, 18, 32, 31, 5, 0 ] 0 0 240 7 782
3000 566 [ 60, 0, 0, 60, 0, 0, 0, 0, 0, 0, 64, 18, 32, 31, 5, 0 ] 0 0 48 0 782
1234 568 [ 60, 0, 0, 60, 0, 0, 0, 0, 0, 0, 64, 18, 32, 31, 5, 0 ] 2 3 18 52 782
f007 564 [ 60, 0, 0, 60, 0, 0, 0, 0, 0, 0, 64, 18, 32, 31, 5, 0 ] 0 0 240 7 782
3000 566 [ 60, 0, 0, 60, 0, 0, 0, 0, 0, 0, 64, 18, 32, 31, 5, 0 ] 0 0 48 0 782
1234 568 [ 60, 0, 0, 60, 0, 0, 0, 0, 0, 0, 64, 18, 32, 31, 5, 0 ] 2 3 18 52 782
f007 564 [ 60, 0, 0, 60, 0, 0, 0, 0, 0, 0, 64, 18, 32, 31, 5, 0 ] 0 0 240 7 782
3000 566 [ 60, 0, 0, 60, 0, 0, 0, 0, 0, 0, 64, 18, 32, 31, 5, 0 ] 0 0 48 0 782
1234 568 [ 60, 0, 0, 60, 0, 0, 0, 0, 0, 0, 64, 18, 32, 31, 5, 0 ] 2 3 18 52 782
f007 564 [ 60, 0, 0, 60, 0, 0, 0, 0, 0, 0, 64, 18, 32, 31, 5, 0 ] 0 0 240 7 782
3000 566 [ 59, 0, 0, 60, 0, 0, 0, 0, 0, 0, 64, 18, 32, 31, 5, 0 ] 0 0 48 0 782
1234 568 [ 59, 0, 0, 60, 0, 0, 0, 0, 0, 0, 64, 18, 32, 31, 5, 0 ] 2 3 18 52 782
f007 564 [ 59, 0, 0, 60, 0, 0, 0, 0, 0, 0, 64, 18, 32, 31, 5, 0 ] 0 0 240 7 782
3000 566 [ 59, 0, 0, 60, 0, 0, 0, 0, 0, 0, 64, 18, 32, 31, 5, 0 ] 0 0 48 0 782
1234 568 [ 59, 0, 0, 60, 0, 0, 0, 0, 0, 0, 64, 18, 32, 31, 5, 0 ] 2 3 18 52 782
f007 564 [ 59, 0, 0, 60, 0, 0, 0, 0, 0, 0, 64, 18, 32, 31, 5, 0 ] 0 0 240 7 782
3000 566 [ 59, 0, 0, 60, 0, 0, 0, 0, 0, 0, 64, 18, 32, 31, 5, 0 ] 0 0 48 0 782
1234 568 [ 59, 0, 0, 60, 0, 0, 0, 0, 0, 0, 64, 18, 32, 31, 5, 0 ] 2 3 18 52 782
f007 564 [ 59, 0, 0, 60, 0, 0, 0, 0, 0, 0, 64, 18, 32, 31, 5, 0 ] 0 0 240 7 782
3000 566 [ 58, 0, 0, 60, 0, 0, 0, 0, 0, 0, 64, 18, 32, 31, 5, 0 ] 0 0 48 0 782
1234 568 [ 58, 0, 0, 60, 0, 0, 0, 0, 0, 0, 64, 18, 32, 31, 5, 0 ] 2 3 18 52 782
f007 564 [ 58, 0, 0, 60, 0, 0, 0, 0, 0, 0, 64, 18, 32, 31, 5, 0 ] 0 0 240 7 782
3000 566 [ 58, 0, 0, 60, 0, 0, 0, 0, 0, 0, 64, 18, 32, 31, 5, 0 ] 0 0 48 0 782
1234 568 [ 58, 0, 0, 60, 0, 0, 0, 0, 0, 0, 64, 18, 32, 31, 5, 0 ] 2 3 18 52 782
f007 564 [ 58, 0, 0, 60, 0, 0, 0, 0, 0, 0, 64, 18, 32, 31, 5, 0 ] 0 0 240 7 782
3000 566 [ 58, 0, 0, 60, 0, 0, 0, 0, 0, 0, 64, 18, 32, 31, 5, 0 ] 0 0 48 0 782
1234 568 [ 58, 0, 0, 60, 0, 0, 0, 0, 0, 0, 64, 18, 32, 31, 5, 0 ] 2 3 18 52 782
f007 564 [ 58, 0, 0, 60, 0, 0, 0, 0, 0, 0, 64, 18, 32, 31, 5, 0 ] 0 0 240 7 782
3000 566 [ 57, 0, 0, 60, 0, 0, 0, 0, 0, 0, 64, 18, 32, 31, 5, 0 ] 0 0 48 0 782
1234 568 [ 57, 0, 0, 60, 0, 0, 0, 0, 0, 0, 64, 18, 32, 31, 5, 0 ] 2 3 18 52 782
f007 564 [ 57, 0, 0, 60, 0, 0, 0, 0, 0, 0, 64, 18, 32, 31, 5, 0 ] 0 0 240 7 782
3000 566 [ 57, 0, 0, 60, 0, 0, 0, 0, 0, 0, 64, 18, 32, 31, 5, 0 ] 0 0 48 0 782
1234 568 [ 57, 0, 0, 60, 0, 0, 0, 0, 0, 0, 64, 18, 32, 31, 5, 0 ] 2 3 18 52 782
f007 564 [ 57, 0, 0, 60, 0, 0, 0, 0, 0, 0, 64, 18, 32, 31, 5, 0 ] 0 0 240 7 782
3000 566 [ 57, 0, 0, 60, 0, 0, 0, 0, 0, 0, 64, 18, 32, 31, 5, 0 ] 0 0 48 0 782
1234 568 [ 57, 0, 0, 60, 0, 0, 0, 0, 0, 0, 64, 18, 32, 31, 5, 0 ] 2 3 18 52 782
f007 564 [ 57, 0, 0, 60, 0, 0, 0, 0, 0, 0, 64, 18, 32, 31, 5, 0 ] 0 0 240 7 782
3000 566 [ 57, 0, 0, 60, 0, 0, 0, 0, 0, 0, 64, 18, 32, 31, 5, 0 ] 0 0 48 0 782
1234 568 [ 57, 0, 0, 60, 0, 0, 0, 0, 0, 0, 64, 18, 32, 31, 5, 0 ] 2 3 18 52 782
f007 564 [ 57, 0, 0, 60, 0, 0, 0, 0, 0, 0, 64, 18, 32, 31, 5, 0 ] 0 0 240 7 782
3000 566 [ 56, 0, 0, 60, 0, 0, 0, 0, 0, 0, 64, 18, 32, 31, 5, 0 ] 0 0 48 0 782
1234 568 [ 56, 0, 0, 60, 0, 0, 0, 0, 0, 0, 64, 18, 32, 31, 5, 0 ] 2 3 18 52 782
f007 564 [ 56, 0, 0, 60, 0, 0, 0, 0, 0, 0, 64, 18, 32, 31, 5, 0 ] 0 0 240 7 782
3000 566 [ 56, 0, 0, 60, 0, 0, 0, 0, 0, 0, 64, 18, 32, 31, 5, 0 ] 0 0 48 0 782
1234 568 [ 56, 0, 0, 60, 0, 0, 0, 0, 0, 0, 64, 18, 32, 31, 5, 0 ] 2 3 18 52 782
f007 564 [ 56, 0, 0, 60, 0, 0, 0, 0, 0, 0, 64, 18, 32, 31, 5, 0 ] 0 0 240 7 782
3000 566 [ 56, 0, 0, 60, 0, 0, 0, 0, 0, 0, 64, 18, 32, 31, 5, 0 ] 0 0 48 0 782
1234 568 [ 56, 0, 0, 60, 0, 0, 0, 0, 0, 0, 64, 18, 32, 31, 5, 0 ] 2 3 18 52 782
f007 564 [ 56, 0, 0, 60, 0, 0, 0, 0, 0, 0, 64, 18, 32, 31, 5, 0 ] 0 0 240 7 782
3000 566 [ 55, 0, 0, 60, 0, 0, 0, 0, 0, 0, 64, 18, 32, 31, 5, 0 ] 0 0 48 0 782
1234 568 [ 55, 0, 0, 60, 0, 0, 0, 0, 0, 0, 64, 18, 32, 31, 5, 0 ] 2 3 18 52 782
f007 564 [ 55, 0, 0, 60, 0, 0, 0, 0, 0, 0, 64, 18, 32, 31, 5, 0 ] 0 0 240 7 782
3000 566 [ 55, 0, 0, 60, 0, 0, 0, 0, 0, 0, 64, 18, 32, 31, 5, 0 ] 0 0 48 0 782
1234 568 [ 55, 0, 0, 60, 0, 0, 0, 0, 0, 0, 64, 18, 32, 31, 5, 0 ] 2 3 18 52 782
f007 564 [ 55, 0, 0, 60, 0, 0, 0, 0, 0, 0, 64, 18, 32, 31, 5, 0 ] 0 0 240 7 782
3000 566 [ 55, 0, 0, 60, 0, 0, 0, 0, 0, 0, 64, 18, 32, 31, 5, 0 ] 0 0 48 0 782
1234 568 [ 55, 0, 0, 60, 0, 0, 0, 0, 0, 0, 64, 18, 32, 31, 5, 0 ] 2 3 18 52 782
f007 564 [ 55, 0, 0, 60, 0, 0, 0, 0, 0, 0, 64, 18, 32, 31, 5, 0 ] 0 0 240 7 782
3000 566 [ 54, 0, 0, 60, 0, 0, 0, 0, 0, 0, 64, 18, 32, 31, 5, 0 ] 0 0 48 0 782
1234 568 [ 54, 0, 0, 60, 0, 0, 0, 0, 0, 0, 64, 18, 32, 31, 5, 0 ] 2 3 18 52 782
f007 564 [ 54, 0, 0, 60, 0, 0, 0, 0, 0, 0, 64, 18, 32, 31, 5, 0 ] 0 0 240 7 782
3000 566 [ 54, 0, 0, 60, 0, 0, 0, 0, 0, 0, 64, 18, 32, 31, 5, 0 ] 0 0 48 0 782
1234 568 [ 54, 0, 0, 60, 0, 0, 0, 0, 0, 0, 64, 18, 32, 31, 5, 0 ] 2 3 18 52 782
f007 564 [ 54, 0, 0, 60, 0, 0, 0, 0, 0, 0, 64, 18, 32, 31, 5, 0 ] 0 0 240 7 782
3000 566 [ 54, 0, 0, 60, 0, 0, 0, 0, 0, 0, 64, 18, 32, 31, 5, 0 ] 0 0 48 0 782
1234 568 [ 54, 0, 0, 60, 0, 0, 0, 0, 0, 0, 64, 18, 32, 31, 5, 0 ] 2 3 18 52 782
f007 564 [ 54, 0, 0, 60, 0, 0, 0, 0, 0, 0, 64, 18, 32, 31, 5, 0 ] 0 0 240 7 782
3000 566 [ 54, 0, 0, 60, 0, 0, 0, 0, 0, 0, 64, 18, 32, 31, 5, 0 ] 0 0 48 0 782
1234 568 [ 54, 0, 0, 60, 0, 0, 0, 0, 0, 0, 64, 18, 32, 31, 5, 0 ] 2 3 18 52 782
f007 564 [ 54, 0, 0, 60, 0, 0, 0, 0, 0, 0, 64, 18, 32, 31, 5, 0 ] 0 0 240 7 782
3000 566 [ 53, 0, 0, 60, 0, 0, 0, 0, 0, 0, 64, 18, 32, 31, 5, 0 ] 0 0 48 0 782
1234 568 [ 53, 0, 0, 60, 0, 0, 0, 0, 0, 0, 64, 18, 32, 31, 5, 0 ] 2 3 18 52 782
f007 564 [ 53, 0, 0, 60, 0, 0, 0, 0, 0, 0, 64, 18, 32, 31, 5, 0 ] 0 0 240 7 782
3000 566 [ 53, 0, 0, 60, 0, 0, 0, 0, 0, 0, 64, 18, 32, 31, 5, 0 ] 0 0 48 0 782
1234 568 [ 53, 0, 0, 60, 0, 0, 0, 0, 0, 0, 64, 18, 32, 31, 5, 0 ] 2 3 18 52 782
f007 564 [ 53, 0, 0, 60, 0, 0, 0, 0, 0, 0, 64, 18, 32, 31, 5, 0 ] 0 0 240 7 782
3000 566 [ 53, 0, 0, 60, 0, 0, 0, 0, 0, 0, 64, 18, 32, 31, 5, 0 ] 0 0 48 0 782
1234 568 [ 53, 0, 0, 60, 0, 0, 0, 0, 0, 0, 64, 18, 32, 31, 5, 0 ] 2 3 18 52 782
f007 564 [ 53, 0, 0, 60, 0, 0, 0, 0, 0, 0, 64, 18, 32, 31, 5, 0 ] 0 0 240 7 782
3000 566 [ 52, 0, 0, 60, 0, 0, 0, 0, 0, 0, 64, 18, 32, 31, 5, 0 ] 0 0 48 0 782
1234 568 [ 52, 0, 0, 60, 0, 0, 0, 0, 0, 0, 64, 18, 32, 31, 5, 0 ] 2 3 18 52 782
f007 564 [ 52, 0, 0, 60, 0, 0, 0, 0, 0, 0, 64, 18, 32, 31, 5, 0 ] 0 0 240 7 782
3000 566 [ 52, 0, 0, 60, 0, 0, 0, 0, 0, 0, 64, 18, 32, 31, 5, 0 ] 0 0 48 0 782
1234 568 [ 52, 0, 0, 60, 0, 0, 0, 0, 0, 0, 64, 18, 32, 31, 5, 0 ] 2 3 18 52 782
f007 564 [ 52, 0, 0, 60, 0, 0, 0, 0, 0, 0, 64, 18, 32, 31, 5, 0 ] 0 0 240 7 782
3000 566 [ 52, 0, 0, 60, 0, 0, 0, 0, 0, 0, 64, 18, 32, 31, 5, 0 ] 0 0 48 0 782
1234 568 [ 52, 0, 0, 60, 0, 0, 0, 0, 0, 0, 64, 18, 32, 31, 5, 0 ] 2 3 18 52 782
f007 564 [ 52, 0, 0, 60, 0, 0, 0, 0, 0, 0, 64, 18, 32, 31, 5, 0 ] 0 0 240 7 782
3000 566 [ 51, 0, 0, 60, 0, 0, 0, 0, 0, 0, 64, 18, 32, 31, 5, 0 ] 0 0 48 0 782
1234 568 [ 51, 0, 0, 60, 0, 0, 0, 0, 0, 0, 64, 18, 32, 31, 5, 0 ] 2 3 18 52 782
f007 564 [ 51, 0, 0, 60, 0, 0, 0, 0, 0, 0, 64, 18, 32, 31, 5, 0 ] 0 0 240 7 782
3000 566 [ 51, 0, 0, 60, 0, 0, 0, 0, 0, 0, 64, 18, 32, 31, 5, 0 ] 0 0 48 0 782
1234 568 [ 51, 0, 0, 60, 0, 0, 0, 0, 0, 0, 64, 18, 32, 31, 5, 0 ] 2 3 18 52 782
f007 564 [ 51, 0, 0, 60, 0, 0, 0, 0, 0, 0, 64, 18, 32, 31, 5, 0 ] 0 0 240 7 782
3000 566 [ 51, 0, 0, 60, 0, 0, 0, 0, 0, 0, 64, 18, 32, 31, 5, 0 ] 0 0 48 0 782
1234 568 [ 51, 0, 0, 60, 0, 0, 0, 0, 0, 0, 64, 18, 32, 31, 5, 0 ] 2 3 18 52 782
f007 564 [ 51, 0, 0, 60, 0, 0, 0, 0, 0, 0, 64, 18, 32, 31, 5, 0 ] 0 0 240 7 782
3000 566 [ 51, 0, 0, 60, 0, 0, 0, 0, 0, 0, 64, 18, 32, 31, 5, 0 ] 0 0 48 0 782
1234 568 [ 51, 0, 0, 60, 0, 0, 0, 0, 0, 0, 64, 18, 32, 31, 5, 0 ] 2 3 18 52 782
f007 564 [ 51, 0, 0, 60, 0, 0, 0, 0, 0, 0, 64, 18, 32, 31, 5, 0 ] 0 0 240 7 782
3000 566 [ 50, 0, 0, 60, 0, 0, 0, 0, 0, 0, 64, 18, 32, 31, 5, 0 ] 0 0 48 0 782
1234 568 [ 50, 0, 0, 60, 0, 0, 0, 0, 0, 0, 64, 18, 32, 31, 5, 0 ] 2 3 18 52 782
f007 564 [ 50, 0, 0, 60, 0, 0, 0, 0, 0, 0, 64, 18, 32, 31, 5, 0 ] 0 0 240 7 782
3000 566 [ 50, 0, 0, 60, 0, 0, 0, 0, 0, 0, 64, 18, 32, 31, 5, 0 ] 0 0 48 0 782
1234 568 [ 50, 0, 0, 60, 0, 0, 0, 0, 0, 0, 64, 18, 32, 31, 5, 0 ] 2 3 18 52 782
f007 564 [ 50, 0, 0, 60, 0, 0, 0, 0, 0, 0, 64, 18, 32, 31, 5, 0 ] 0 0 240 7 782
3000 566 [ 50, 0, 0, 60, 0, 0, 0, 0, 0, 0, 64, 18, 32, 31, 5, 0 ] 0 0 48 0 782
1234 568 [ 50, 0, 0, 60, 0, 0, 0, 0, 0, 0, 64, 18, 32, 31, 5, 0 ] 2 3 18 52 782
f007 564 [ 50, 0, 0, 60, 0, 0, 0, 0, 0, 0, 64, 18, 32, 31, 5, 0 ] 0 0 240 7 782
3000 566 [ 49, 0, 0, 60, 0, 0, 0, 0, 0, 0, 64, 18, 32, 31, 5, 0 ] 0 0 48 0 782
1234 568 [ 49, 0, 0, 60, 0, 0, 0, 0, 0, 0, 64, 18, 32, 31, 5, 0 ] 2 3 18 52 782
f007 564 [ 49, 0, 0, 60, 0, 0, 0, 0, 0, 0, 64, 18, 32, 31, 5, 0 ] 0 0 240 7 782
3000 566 [ 49, 0, 0, 60, 0, 0, 0, 0, 0, 0, 64, 18, 32, 31, 5, 0 ] 0 0 48 0 782
1234 568 [ 49, 0, 0, 60, 0, 0, 0, 0, 0, 0, 64, 18, 32, 31, 5, 0 ] 2 3 18 52 782
f007 564 [ 49, 0, 0, 60, 0, 0, 0, 0, 0, 0, 64, 18, 32, 31, 5, 0 ] 0 0 240 7 782
3000 566 [ 49, 0, 0, 60, 0, 0, 0, 0, 0, 0, 64, 18, 32, 31, 5, 0 ] 0 0 48 0 782
1234 568 [ 49, 0, 0, 60, 0, 0, 0, 0, 0, 0, 64, 18, 32, 31, 5, 0 ] 2 3 18 52 782
f007 564 [ 49, 0, 0, 60, 0, 0, 0, 0, 0, 0, 64, 18, 32, 31, 5, 0 ] 0 0 240 7 782
3000 566 [ 48, 0, 0, 60, 0, 0, 0, 0, 0, 0, 64, 18, 32, 31, 5, 0 ] 0 0 48 0 782
1234 568 [ 48, 0, 0, 60, 0, 0, 0, 0, 0, 0, 64, 18, 32, 31, 5, 0 ] 2 3 18 52 782
f007 564 [ 48, 0, 0, 60, 0, 0, 0, 0, 0, 0, 64, 18, 32, 31, 5, 0 ] 0 0 240 7 782
3000 566 [ 48, 0, 0, 60, 0, 0, 0, 0, 0, 0, 64, 18, 32, 31, 5, 0 ] 0 0 48 0 782
1234 568 [ 48, 0, 0, 60, 0, 0, 0, 0, 0, 0, 64, 18, 32, 31, 5, 0 ] 2 3 18 52 782
f007 564 [ 48, 0, 0, 60, 0, 0, 0, 0, 0, 0, 64, 18, 32, 31, 5, 0 ] 0 0 240 7 782
3000 566 [ 48, 0, 0, 60, 0, 0, 0, 0, 0, 0, 64, 18, 32, 31, 5, 0 ] 0 0 48 0 782
1234 568 [ 48, 0, 0, 60, 0, 0, 0, 0, 0, 0, 64, 18, 32, 31, 5, 0 ] 2 3 18 52 782
f007 564 [ 48, 0, 0, 60, 0, 0, 0, 0, 0, 0, 64, 18, 32, 31, 5, 0 ] 0 0 240 7 782
3000 566 [ 48, 0, 0, 60, 0, 0, 0, 0, 0, 0, 64, 18, 32, 31, 5, 0 ] 0 0 48 0 782
1234 568 [ 48, 0, 0, 60, 0, 0, 0, 0, 0, 0, 64, 18, 32, 31, 5, 0 ] 2 3 18 52 782
f007 564 [ 48, 0, 0, 60, 0, 0, 0, 0, 0, 0, 64, 18, 32, 31, 5, 0 ] 0 0 240 7 782
3000 566 [ 47, 0, 0, 60, 0, 0, 0, 0, 0, 0, 64, 18, 32, 31, 5, 0 ] 0 0 48 0 782
1234 568 [ 47, 0, 0, 60, 0, 0, 0, 0, 0, 0, 64, 18, 32, 31, 5, 0 ] 2 3 18 52 782
f007 564 [ 47, 0, 0, 60, 0, 0, 0, 0, 0, 0, 64, 18, 32, 31, 5, 0 ] 0 0 240 7 782
3000 566 [ 47, 0, 0, 60, 0, 0, 0, 0, 0, 0, 64, 18, 32, 31, 5, 0 ] 0 0 48 0 782
1234 568 [ 47, 0, 0, 60, 0, 0, 0, 0, 0, 0, 64, 18, 32, 31, 5, 0 ] 2 3 18 52 782
f007 564 [ 47, 0, 0, 60, 0, 0, 0, 0, 0, 0, 64, 18, 32, 31, 5, 0 ] 0 0 240 7 782
3000 566 [ 47, 0, 0, 60, 0, 0, 0, 0, 0, 0, 64, 18, 32, 31, 5, 0 ] 0 0 48 0 782
1234 568 [ 47, 0, 0, 60, 0, 0, 0, 0, 0, 0, 64, 18, 32, 31, 5, 0 ] 2 3 18 52 782
f007 564 [ 47, 0, 0, 60, 0, 0, 0, 0, 0, 0, 64, 18, 32, 31, 5, 0 ] 0 0 240 7 782
3000 566 [ 46, 0, 0, 60, 0, 0, 0, 0, 0, 0, 64, 18, 32, 31, 5, 0 ] 0 0 48 0 782
1234 568 [ 46, 0, 0, 60, 0, 0, 0, 0, 0, 0, 64, 18, 32, 31, 5, 0 ] 2 3 18 52 782
f007 564 [ 46, 0, 0, 60, 0, 0, 0, 0, 0, 0, 64, 18, 32, 31, 5, 0 ] 0 0 240 7 782
3000 566 [ 46, 0, 0, 60, 0, 0, 0, 0, 0, 0, 64, 18, 32, 31, 5, 0 ] 0 0 48 0 782
1234 568 [ 46, 0, 0, 60, 0, 0, 0, 0, 0, 0, 64, 18, 32, 31, 5, 0 ] 2 3 18 52 782
f007 564 [ 46, 0, 0, 60, 0, 0, 0, 0, 0, 0, 64, 18, 32, 31, 5, 0 ] 0 0 240 7 782
3000 566 [ 46, 0, 0, 60, 0, 0, 0, 0, 0, 0, 64, 18, 32, 31, 5, 0 ] 0 0 48 0 782
1234 568 [ 46, 0, 0, 60, 0, 0, 0, 0, 0, 0, 64, 18, 32, 31, 5, 0 ] 2 3 18 52 782
f007 564 [ 46, 0, 0, 60, 0, 0, 0, 0, 0, 0, 64, 18, 32, 31, 5, 0 ] 0 0 240 7 782
3000 566 [ 45, 0, 0, 60, 0, 0, 0, 0, 0, 0, 64, 18, 32, 31, 5, 0 ] 0 0 48 0 782
1234 568 [ 45, 0, 0, 60, 0, 0, 0, 0, 0, 0, 64, 18, 32, 31, 5, 0 ] 2 3 18 52 782
f007 564 [ 45, 0, 0, 60, 0, 0, 0, 0, 0, 0, 64, 18, 32, 31, 5, 0 ] 0 0 240 7 782
3000 566 [ 45, 0, 0, 60, 0, 0, 0, 0, 0, 0, 64, 18, 32, 31, 5, 0 ] 0 0 48 0 782
1234 568 [ 45, 0, 0, 60, 0, 0, 0, 0, 0, 0, 64, 18, 32, 31, 5, 0 ] 2 3 18 52 782
f007 564 [ 45, 0, 0, 60, 0, 0, 0, 0, 0, 0, 64, 18, 32, 31, 5, 0 ] 0 0 240 7 782
3000 566 [ 45, 0, 0, 60, 0, 0, 0, 0, 0, 0, 64, 18, 32, 31, 5, 0 ] 0 0 48 0 782
1234 568 [ 45, 0, 0, 60, 0, 0, 0, 0, 0, 0, 64, 18, 32, 31, 5, 0 ] 2 3 18 52 782
f007 564 [ 45, 0, 0, 60, 0, 0, 0, 0, 0, 0, 64, 18, 32, 31, 5, 0 ] 0 0 240 7 782
3000 566 [ 45, 0, 0, 60, 0, 0, 0, 0, 0, 0, 64, 18, 32, 31, 5, 0 ] 0 0 48 0 782
1234 568 [ 45, 0, 0, 60, 0, 0, 0, 0, 0, 0, 64, 18, 32, 31, 5, 0 ] 2 3 18 52 782
f007 564 [ 45, 0, 0, 60, 0, 0, 0, 0, 0, 0, 64, 18, 32, 31, 5, 0 ] 0 0 240 7 782
3000 566 [ 44, 0, 0, 60, 0, 0, 0, 0, 0, 0, 64, 18, 32, 31, 5, 0 ] 0 0 48 0 782
1234 568 [ 44, 0, 0, 60, 0, 0, 0, 0, 0, 0, 64, 18, 32, 31, 5, 0 ] 2 3 18 52 782
f007 564 [ 44, 0, 0, 60, 0, 0, 0, 0, 0, 0, 64, 18, 32, 31, 5, 0 ] 0 0 240 7 782
3000 566 [ 44, 0, 0, 60, 0, 0, 0, 0, 0, 0, 64, 18, 32, 31, 5, 0 ] 0 0 48 0 782
1234 568 [ 44, 0, 0, 60, 0, 0, 0, 0, 0, 0, 64, 18, 32, 31, 5, 0 ] 2 3 18 52 782
f007 564 [ 44, 0, 0, 60, 0, 0, 0, 0, 0, 0, 64, 18, 32, 31, 5, 0 ] 0 0 240 7 782
3000 566 [ 44, 0, 0, 60, 0, 0, 0, 0, 0, 0, 64, 18, 32, 31, 5, 0 ] 0 0 48 0 782
1234 568 [ 44, 0, 0, 60, 0, 0, 0, 0, 0, 0, 64, 18, 32, 31, 5, 0 ] 2 3 18 52 782
f007 564 [ 44, 0, 0, 60, 0, 0, 0, 0, 0, 0, 64, 18, 32, 31, 5, 0 ] 0 0 240 7 782
3000 566 [ 43, 0, 0, 60, 0, 0, 0, 0, 0, 0, 64, 18, 32, 31, 5, 0 ] 0 0 48 0 782
1234 568 [ 43, 0, 0, 60, 0, 0, 0, 0, 0, 0, 64, 18, 32, 31, 5, 0 ] 2 3 18 52 782
f007 564 [ 43, 0, 0, 60, 0, 0, 0, 0, 0, 0, 64, 18, 32, 31, 5, 0 ] 0 0 240 7 782
3000 566 [ 43, 0, 0, 60, 0, 0, 0, 0, 0, 0, 64, 18, 32, 31, 5, 0 ] 0 0 48 0 782
1234 568 [ 43, 0, 0, 60, 0, 0, 0, 0, 0, 0, 64, 18, 32, 31, 5, 0 ] 2 3 18 52 782
f007 564 [ 43, 0, 0, 60, 0, 0, 0, 0, 0, 0, 64, 18, 32, 31, 5, 0 ] 0 0 240 7 782
3000 566 [ 43, 0, 0, 60, 0, 0, 0, 0, 0, 0, 64, 18, 32, 31, 5, 0 ] 0 0 48 0 782
1234 568 [ 43, 0, 0, 60, 0, 0, 0, 0, 0, 0, 64, 18, 32, 31, 5, 0 ] 2 3 18 52 782
f007 564 [ 43, 0, 0, 60, 0, 0, 0, 0, 0, 0, 64, 18, 32, 31, 5, 0 ] 0 0 240 7 782
3000 566 [ 42, 0, 0, 60, 0, 0, 0, 0, 0, 0, 64, 18, 32, 31, 5, 0 ] 0 0 48 0 782
1234 568 [ 42, 0, 0, 60, 0, 0, 0, 0, 0, 0, 64, 18, 32, 31, 5, 0 ] 2 3 18 52 782
f007 564 [ 42, 0, 0, 60, 0, 0, 0, 0, 0, 0, 64, 18, 32, 31, 5, 0 ] 0 0 240 7 782
3000 566 [ 42, 0, 0, 60, 0, 0, 0, 0, 0, 0, 64, 18, 32, 31, 5, 0 ] 0 0 48 0 782
1234 568 [ 42, 0, 0, 60, 0, 0, 0, 0, 0, 0, 64, 18, 32, 31, 5, 0 ] 2 3 18 52 782
f007 564 [ 42, 0, 0, 60, 0, 0, 0, 0, 0, 0, 64, 18, 32, 31, 5, 0 ] 0 0 240 7 782
3000 566 [ 42, 0, 0, 60, 0, 0, 0, 0, 0, 0, 64, 18, 32, 31, 5, 0 ] 0 0 48 0 782
1234 568 [ 42, 0, 0, 60, 0, 0, 0, 0, 0, 0, 64, 18, 32, 31, 5, 0 ] 2 3 18 52 782
f007 564 [ 42, 0, 0, 60, 0, 0, 0, 0, 0, 0, 64, 18, 32, 31, 5, 0 ] 0 0 240 7 782
3000 566 [ 42, 0, 0, 60, 0, 0, 0, 0, 0, 0, 64, 18, 32, 31, 5, 0 ] 0 0 48 0 782
1234 568 [ 42, 0, 0, 60, 0, 0, 0, 0, 0, 0, 64, 18, 32, 31, 5, 0 ] 2 3 18 52 782
f007 564 [ 42, 0, 0, 60, 0, 0, 0, 0, 0, 0, 64, 18, 32, 31, 5, 0 ] 0 0 240 7 782
3000 566 [ 41, 0, 0, 60, 0, 0, 0, 0, 0, 0, 64, 18, 32, 31, 5, 0 ] 0 0 48 0 782
1234 568 [ 41, 0, 0, 60, 0, 0, 0, 0, 0, 0, 64, 18, 32, 31, 5, 0 ] 2 3 18 52 782
f007 564 [ 41, 0, 0, 60, 0, 0, 0, 0, 0, 0, 64, 18, 32, 31, 5, 0 ] 0 0 240 7 782
3000 566 [ 41, 0, 0, 60, 0, 0, 0, 0, 0, 0, 64, 18, 32, 31, 5, 0 ] 0 0 48 0 782
1234 568 [ 41, 0, 0, 60, 0, 0, 0, 0, 0, 0, 64, 18, 32, 31, 5, 0 ] 2 3 18 52 782
f007 564 [ 41, 0, 0, 60, 0, 0, 0, 0, 0, 0, 64, 18, 32, 31, 5, 0 ] 0 0 240 7 782
3000 566 [ 41, 0, 0, 60, 0, 0, 0, 0, 0, 0, 64, 18, 32, 31, 5, 0 ] 0 0 48 0 782
1234 568 [ 41, 0, 0, 60, 0, 0, 0, 0, 0, 0, 64, 18, 32, 31, 5, 0 ] 2 3 18 52 782
f007 564 [ 41, 0, 0, 60, 0, 0, 0, 0, 0, 0, 64, 18, 32, 31, 5, 0 ] 0 0 240 7 782
3000 566 [ 40, 0, 0, 60, 0, 0, 0, 0, 0, 0, 64, 18, 32, 31, 5, 0 ] 0 0 48 0 782
1234 568 [ 40, 0, 0, 60, 0, 0, 0, 0, 0, 0, 64, 18, 32, 31, 5, 0 ] 2 3 18 52 782
f007 564 [ 40, 0, 0, 60, 0, 0, 0, 0, 0, 0, 64, 18, 32, 31, 5, 0 ] 0 0 240 7 782
3000 566 [ 40, 0, 0, 60, 0, 0, 0, 0, 0, 0, 64, 18, 32, 31, 5, 0 ] 0 0 48 0 782
1234 568 [ 40, 0, 0, 60, 0, 0, 0, 0, 0, 0, 64, 18, 32, 31, 5, 0 ] 2 3 18 52 782
f007 564 [ 40, 0, 0, 60, 0, 0, 0, 0, 0, 0, 64, 18, 32, 31, 5, 0 ] 0 0 240 7 782
3000 566 [ 40, 0, 0, 60, 0, 0, 0, 0, 0, 0, 64, 18, 32, 31, 5, 0 ] 0 0 48 0 782
1234 568 [ 40, 0, 0, 60, 0, 0, 0, 0, 0, 0, 64, 18, 32, 31, 5, 0 ] 2 3 18 52 782
f007 564 [ 40, 0, 0, 60, 0, 0, 0, 0, 0, 0, 64, 18, 32, 31, 5, 0 ] 0 0 240 7 782
3000 566 [ 39, 0, 0, 60, 0, 0, 0, 0, 0, 0, 64, 18, 32, 31, 5, 0 ] 0 0 48 0 782
1234 568 [ 39, 0, 0, 60, 0, 0, 0, 0, 0, 0, 64, 18, 32, 31, 5, 0 ] 2 3 18 52 782
f007 564 [ 39, 0, 0, 60, 0, 0, 0, 0, 0, 0, 64, 18, 32, 31, 5, 0 ] 0 0 240 7 782
3000 566 [ 39, 0, 0, 60, 0, 0, 0, 0, 0, 0, 64, 18, 32, 31, 5, 0 ] 0 0 48 0 782
1234 568 [ 39, 0, 0, 60, 0, 0, 0, 0, 0, 0, 64, 18, 32, 31, 5, 0 ] 2 3 18 52 782
f007 564 [ 39, 0, 0, 60, 0, 0, 0, 0, 0, 0, 64, 18, 32, 31, 5, 0 ] 0 0 240 7 782
3000 566 [ 39, 0, 0, 60, 0, 0, 0, 0, 0, 0, 64, 18, 32, 31, 5, 0 ] 0 0 48 0 782
1234 568 [ 39, 0, 0, 60, 0, 0, 0, 0, 0, 0, 64, 18, 32, 31, 5, 0 ] 2 3 18 52 782
f007 564 [ 39, 0, 0, 60, 0, 0, 0, 0, 0, 0, 64, 18, 32, 31, 5, 0 ] 0 0 240 7 782
3000 566 [ 39, 0, 0, 60, 0, 0, 0, 0, 0, 0, 64, 18, 32, 31, 5, 0 ] 0 0 48 0 782
1234 568 [ 39, 0, 0, 60, 0, 0, 0, 0, 0, 0, 64, 18, 32, 31, 5, 0 ] 2 3 18 52 782
f007 564 [ 39, 0, 0, 60, 0, 0, 0, 0, 0, 0, 64, 18, 32, 31, 5, 0 ] 0 0 240 7 782
3000 566 [ 38, 0, 0, 60, 0, 0, 0, 0, 0, 0, 64, 18, 32, 31, 5, 0 ] 0 0 48 0 782
1234 568 [ 38, 0, 0, 60, 0, 0, 0, 0, 0, 0, 64, 18, 32, 31, 5, 0 ] 2 3 18 52 782
f007 564 [ 38, 0, 0, 60, 0, 0, 0, 0, 0, 0, 64, 18, 32, 31, 5, 0 ] 0 0 240 7 782
3000 566 [ 38, 0, 0, 60, 0, 0, 0, 0, 0, 0, 64, 18, 32, 31, 5, 0 ] 0 0 48 0 782
1234 568 [ 38, 0, 0, 60, 0, 0, 0, 0, 0, 0, 64, 18, 32, 31, 5, 0 ] 2 3 18 52 782
f007 564 [ 38, 0, 0, 60, 0, 0, 0, 0, 0, 0, 64, 18, 32, 31, 5, 0 ] 0 0 240 7 782
3000 566 [ 38, 0, 0, 60, 0, 0, 0, 0, 0, 0, 64, 18, 32, 31, 5, 0 ] 0 0 48 0 782
1234 568 [ 38, 0, 0, 60, 0, 0, 0, 0, 0, 0, 64, 18, 32, 31, 5, 0 ] 2 3 18 52 782
f007 564 [ 38, 0, 0, 60, 0, 0, 0, 0, 0, 0, 64, 18, 32, 31, 5, 0 ] 0 0 240 7 782
3000 566 [ 37, 0, 0, 60, 0, 0, 0, 0, 0, 0, 64, 18, 32, 31, 5, 0 ] 0 0 48 0 782
1234 568 [ 37, 0, 0, 60, 0, 0, 0, 0, 0, 0, 64, 18, 32, 31, 5, 0 ] 2 3 18 52 782
f007 564 [ 37, 0, 0, 60, 0, 0, 0, 0, 0, 0, 64, 18, 32, 31, 5, 0 ] 0 0 240 7 782
3000 566 [ 37, 0, 0, 60, 0, 0, 0, 0, 0, 0, 64, 18, 32, 31, 5, 0 ] 0 0 48 0 782
1234 568 [ 37, 0, 0, 60, 0, 0, 0, 0, 0, 0, 64, 18, 32, 31, 5, 0 ] 2 3 18 52 782
f007 564 [ 37, 0, 0, 60, 0, 0, 0, 0, 0, 0, 64, 18, 32, 31, 5, 0 ] 0 0 240 7 782
3000 566 [ 37, 0, 0, 60, 0, 0, 0, 0, 0, 0, 64, 18, 32, 31, 5, 0 ] 0 0 48 0 782
1234 568 [ 37, 0, 0, 60, 0, 0, 0, 0, 0, 0, 64, 18, 32, 31, 5, 0 ] 2 3 18 52 782
f007 564 [ 37, 0, 0, 60, 0, 0, 0, 0, 0, 0, 64, 18, 32, 31, 5, 0 ] 0 0 240 7 782
3000 566 [ 36, 0, 0, 60, 0, 0, 0, 0, 0, 0, 64, 18, 32, 31, 5, 0 ] 0 0 48 0 782
1234 568 [ 36, 0, 0, 60, 0, 0, 0, 0, 0, 0, 64, 18, 32, 31, 5, 0 ] 2 3 18 52 782
f007 564 [ 36, 0, 0, 60, 0, 0, 0, 0, 0, 0, 64, 18, 32, 31, 5, 0 ] 0 0 240 7 782
3000 566 [ 36, 0, 0, 60, 0, 0, 0, 0, 0, 0, 64, 18, 32, 31, 5, 0 ] 0 0 48 0 782
1234 568 [ 36, 0, 0, 60, 0, 0, 0, 0, 0, 0, 64, 18, 32, 31, 5, 0 ] 2 3 18 52 782
f007 564 [ 36, 0, 0, 60, 0, 0, 0, 0, 0, 0, 64, 18, 32, 31, 5, 0 ] 0 0 240 7 782
3000 566 [ 36, 0, 0, 60, 0, 0, 0, 0, 0, 0, 64, 18, 32, 31, 5, 0 ] 0 0 48 0 782
1234 568 [ 36, 0, 0, 60, 0, 0, 0, 0, 0, 0, 64, 18, 32, 31, 5, 0 ] 2 3 18 52 782
f007 564 [ 36, 0, 0, 60, 0, 0, 0, 0, 0, 0, 64, 18, 32, 31, 5, 0 ] 0 0 240 7 782
3000 566 [ 36, 0, 0, 60, 0, 0, 0, 0, 0, 0, 64, 18, 32, 31, 5, 0 ] 0 0 48 0 782
1234 568 [ 36, 0, 0, 60, 0, 0, 0, 0, 0, 0, 64, 18, 32, 31, 5, 0 ] 2 3 18 52 782
f007 564 [ 36, 0, 0, 60, 0, 0, 0, 0, 0, 0, 64, 18, 32, 31, 5, 0 ] 0 0 240 7 782
3000 566 [ 35, 0, 0, 60, 0, 0, 0, 0, 0, 0, 64, 18, 32, 31, 5, 0 ] 0 0 48 0 782
1234 568 [ 35, 0, 0, 60, 0, 0, 0, 0, 0, 0, 64, 18, 32, 31, 5, 0 ] 2 3 18 52 782
f007 564 [ 35, 0, 0, 60, 0, 0, 0, 0, 0, 0, 64, 18, 32, 31, 5, 0 ] 0 0 240 7 782
3000 566 [ 35, 0, 0, 60, 0, 0, 0, 0, 0, 0, 64, 18, 32, 31, 5, 0 ] 0 0 48 0 782
1234 568 [ 35, 0, 0, 60, 0, 0, 0, 0, 0, 0, 64, 18, 32, 31, 5, 0 ] 2 3 18 52 782
f007 564 [ 35, 0, 0, 60, 0, 0, 0, 0, 0, 0, 64, 18, 32, 31, 5, 0 ] 0 0 240 7 782
3000 566 [ 35, 0, 0, 60, 0, 0, 0, 0, 0, 0, 64, 18, 32, 31, 5, 0 ] 0 0 48 0 782
1234 568 [ 35, 0, 0, 60, 0, 0, 0, 0, 0, 0, 64, 18, 32, 31, 5, 0 ] 2 3 18 52 782
f007 564 [ 35, 0, 0, 60, 0, 0, 0, 0, 0, 0, 64, 18, 32, 31, 5, 0 ] 0 0 240 7 782
3000 566 [ 34, 0, 0, 60, 0, 0, 0, 0, 0, 0, 64, 18, 32, 31, 5, 0 ] 0 0 48 0 782
1234 568 [ 34, 0, 0, 60, 0, 0, 0, 0, 0, 0, 64, 18, 32, 31, 5, 0 ] 2 3 18 52 782
f007 564 [ 34, 0, 0, 60, 0, 0, 0, 0, 0, 0, 64, 18, 32, 31, 5, 0 ] 0 0 240 7 782
3000 566 [ 34, 0, 0, 60, 0, 0, 0, 0, 0, 0, 64, 18, 32, 31, 5, 0 ] 0 0 48 0 782
1234 568 [ 34, 0, 0, 60, 0, 0, 0, 0, 0, 0, 64, 18, 32, 31, 5, 0 ] 2 3 18 52 782
f007 564 [ 34, 0, 0, 60, 0, 0, 0, 0, 0, 0, 64, 18, 32, 31, 5, 0 ] 0 0 240 7 782
3000 566 [ 34, 0, 0, 60, 0, 0, 0, 0, 0, 0, 64, 18, 32, 31, 5, 0 ] 0 0 48 0 782
1234 568 [ 34, 0, 0, 60, 0, 0, 0, 0, 0, 0, 64, 18, 32, 31, 5, 0 ] 2 3 18 52 782
f007 564 [ 34, 0, 0, 60, 0, 0, 0, 0, 0, 0, 64, 18, 32, 31, 5, 0 ] 0 0 240 7 782
3000 566 [ 33, 0, 0, 60, 0, 0, 0, 0, 0, 0, 64, 18, 32, 31, 5, 0 ] 0 0 48 0 782
1234 568 [ 33, 0, 0, 60, 0, 0, 0, 0, 0, 0, 64, 18, 32, 31, 5, 0 ] 2 3 18 52 782
f007 564 [ 33, 0, 0, 60, 0, 0, 0, 0, 0, 0, 64, 18, 32, 31, 5, 0 ] 0 0 240 7 782
3000 566 [ 33, 0, 0, 60, 0, 0, 0, 0, 0, 0, 64, 18, 32, 31, 5, 0 ] 0 0 48 0 782
1234 568 [ 33, 0, 0, 60, 0, 0, 0, 0, 0, 0, 64, 18, 32, 31, 5, 0 ] 2 3 18 52 782
f007 564 [ 33, 0, 0, 60, 0, 0, 0, 0, 0, 0, 64, 18, 32, 31, 5, 0 ] 0 0 240 7 782
3000 566 [ 33, 0, 0, 60, 0, 0, 0, 0, 0, 0, 64, 18, 32, 31, 5, 0 ] 0 0 48 0 782
1234 568 [ 33, 0, 0, 60, 0, 0, 0, 0, 0, 0, 64, 18, 32, 31, 5, 0 ] 2 3 18 52 782
f007 564 [ 33, 0, 0, 60, 0, 0, 0, 0, 0, 0, 64, 18, 32, 31, 5, 0 ] 0 0 240 7 782
3000 566 [ 33, 0, 0, 60, 0, 0, 0, 0, 0, 0, 64, 18, 32, 31, 5, 0 ] 0 0 48 0 782
1234 568 [ 33, 0, 0, 60, 0, 0, 0, 0, 0, 0, 64, 18, 32, 31, 5, 0 ] 2 3 18 52 782
f007 564 [ 33, 0, 0, 60, 0, 0, 0, 0, 0, 0, 64, 18, 32, 31, 5, 0 ] 0 0 240 7 782
3000 566 [ 32, 0, 0, 60, 0, 0, 0, 0, 0, 0, 64, 18, 32, 31, 5, 0 ] 0 0 48 0 782
1234 568 [ 32, 0, 0, 60, 0, 0, 0, 0, 0, 0, 64, 18, 32, 31, 5, 0 ] 2 3 18 52 782
f007 564 [ 32, 0, 0, 60, 0, 0, 0, 0, 0, 0, 64, 18, 32, 31, 5, 0 ] 0 0 240 7 782
3000 566 [ 32, 0, 0, 60, 0, 0, 0, 0, 0, 0, 64, 18, 32, 31, 5, 0 ] 0 0 48 0 782
1234 568 [ 32, 0, 0, 60, 0, 0, 0, 0, 0, 0, 64, 18, 32, 31, 5, 0 ] 2 3 18 52 782
f007 564 [ 32, 0, 0, 60, 0, 0, 0, 0, 0, 0, 64, 18, 32, 31, 5, 0 ] 0 0 240 7 782
3000 566 [ 32, 0, 0, 60, 0, 0, 0, 0, 0, 0, 64, 18, 32, 31, 5, 0 ] 0 0 48 0 782
1234 568 [ 32, 0, 0, 60, 0, 0, 0, 0, 0, 0, 64, 18, 32, 31, 5, 0 ] 2 3 18 52 782
f007 564 [ 32, 0, 0, 60, 0, 0, 0, 0, 0, 0, 64, 18, 32, 31, 5, 0 ] 0 0 240 7 782
3000 566 [ 31, 0, 0, 60, 0, 0, 0, 0, 0, 0, 64, 18, 32, 31, 5, 0 ] 0 0 48 0 782
1234 568 [ 31, 0, 0, 60, 0, 0, 0, 0, 0, 0, 64, 18, 32, 31, 5, 0 ] 2 3 18 52 782
f007 564 [ 31, 0, 0, 60, 0, 0, 0, 0, 0, 0, 64, 18, 32, 31, 5, 0 ] 0 0 240 7 782
3000 566 [ 31, 0, 0, 60, 0, 0, 0, 0, 0, 0, 64, 18, 32, 31, 5, 0 ] 0 0 48 0 782
1234 568 [ 31, 0, 0, 60, 0, 0, 0, 0, 0, 0, 64, 18, 32, 31, 5, 0 ] 2 3 18 52 782
f007 564 [ 31, 0, 0, 60, 0, 0, 0, 0, 0, 0, 64, 18, 32, 31, 5, 0 ] 0 0 240 7 782
3000 566 [ 31, 0, 0, 60, 0, 0, 0, 0, 0, 0, 64, 18, 32, 31, 5, 0 ] 0 0 48 0 782
1234 568 [ 31, 0, 0, 60, 0, 0, 0, 0, 0, 0, 64, 18, 32, 31, 5, 0 ] 2 3 18 52 782
f007 564 [ 31, 0, 0, 60, 0, 0, 0, 0, 0, 0, 64, 18, 32, 31, 5, 0 ] 0 0 240 7 782
3000 566 [ 30, 0, 0, 60, 0, 0, 0, 0, 0, 0, 64, 18, 32, 31, 5, 0 ] 0 0 48 0 782
1234 568 [ 30, 0, 0, 60, 0, 0, 0, 0, 0, 0, 64, 18, 32, 31, 5, 0 ] 2 3 18 52 782
f007 564 [ 30, 0, 0, 60, 0, 0, 0, 0, 0, 0, 64, 18, 32, 31, 5, 0 ] 0 0 240 7 782
3000 566 [ 30, 0, 0, 60, 0, 0, 0, 0, 0, 0, 64, 18, 32, 31, 5, 0 ] 0 0 48 0 782
1234 568 [ 30, 0, 0, 60, 0, 0, 0, 0, 0, 0, 64, 18, 32, 31, 5, 0 ] 2 3 18 52 782
f007 564 [ 30, 0, 0, 60, 0, 0, 0, 0, 0, 0, 64, 18, 32, 31, 5, 0 ] 0 0 240 7 782
3000 566 [ 30, 0, 0, 60, 0, 0, 0, 0, 0, 0, 64, 18, 32, 31, 5, 0 ] 0 0 48 0 782
1234 568 [ 30, 0, 0, 60, 0, 0, 0, 0, 0, 0, 64, 18, 32, 31, 5, 0 ] 2 3 18 52 782
f007 564 [ 30, 0, 0, 60, 0, 0, 0, 0, 0, 0, 64, 18, 32, 31, 5, 0 ] 0 0 240 7 782
3000 566 [ 30, 0, 0, 60, 0, 0, 0, 0, 0, 0, 64, 18, 32, 31, 5, 0 ] 0 0 48 0 782
1234 568 [ 30, 0, 0, 60, 0, 0, 0, 0, 0, 0, 64, 18, 32, 31, 5, 0 ] 2 3 18 52 782
f007 564 [ 30, 0, 0, 60, 0, 0, 0, 0, 0, 0, 64, 18, 32, 31, 5, 0 ] 0 0 240 7 782
3000 566 [ 29, 0, 0, 60, 0, 0, 0, 0, 0, 0, 64, 18, 32, 31, 5, 0 ] 0 0 48 0 782
1234 568 [ 29, 0, 0, 60, 0, 0, 0, 0, 0, 0, 64, 18, 32, 31, 5, 0 ] 2 3 18 52 782
f007 564 [ 29, 0, 0, 60, 0, 0, 0, 0, 0, 0, 64, 18, 32, 31, 5, 0 ] 0 0 240 7 782
3000 566 [ 29, 0, 0, 60, 0, 0, 0, 0, 0, 0, 64, 18, 32, 31, 5, 0 ] 0 0 48 0 782
1234 568 [ 29, 0, 0, 60, 0, 0, 0, 0, 0, 0, 64, 18, 32, 31, 5, 0 ] 2 3 18 52 782
f007 564 [ 29, 0, 0, 60, 0, 0, 0, 0, 0, 0, 64, 18, 32, 31, 5, 0 ] 0 0 240 7 782
3000 566 [ 29, 0, 0, 60, 0, 0, 0, 0, 0, 0, 64, 18, 32, 31, 5, 0 ] 0 0 48 0 782
1234 568 [ 29, 0, 0, 60, 0, 0, 0, 0, 0, 0, 64, 18, 32, 31, 5, 0 ] 2 3 18 52 782
f007 564 [ 29, 0, 0, 60, 0, 0, 0, 0, 0, 0, 64, 18, 32, 31, 5, 0 ] 0 0 240 7 782
3000 566 [ 28, 0, 0, 60, 0, 0, 0, 0, 0, 0, 64, 18, 32, 31, 5, 0 ] 0 0 48 0 782
1234 568 [ 28, 0, 0, 60, 0, 0, 0, 0, 0, 0, 64, 18, 32, 31, 5, 0 ] 2 3 18 52 782
f007 564 [ 28, 0, 0, 60, 0, 0, 0, 0, 0, 0, 64, 18, 32, 31, 5, 0 ] 0 0 240 7 782
3000 566 [ 28, 0, 0, 60, 0, 0, 0, 0, 0, 0, 64, 18, 32, 31, 5, 0 ] 0 0 48 0 782
1234 568 [ 28, 0, 0, 60, 0, 0, 0, 0, 0, 0, 64, 18, 32, 31, 5, 0 ] 2 3 18 52 782
f007 564 [ 28, 0, 0, 60, 0, 0, 0, 0, 0, 0, 64, 18, 32, 31, 5, 0 ] 0 0 240 7 782
3000 566 [ 28, 0, 0, 60, 0, 0, 0, 0, 0, 0, 64, 18, 32, 31, 5, 0 ] 0 0 48 0 782
1234 568 [ 28, 0, 0, 60, 0, 0, 0, 0, 0, 0, 64, 18, 32, 31, 5, 0 ] 2 3 18 52 782
f007 564 [ 28, 0, 0, 60, 0, 0, 0, 0, 0, 0, 64, 18, 32, 31, 5, 0 ] 0 0 240 7 782
3000 566 [ 27, 0, 0, 60, 0, 0, 0, 0, 0, 0, 64, 18, 32, 31, 5, 0 ] 0 0 48 0 782
1234 568 [ 27, 0, 0, 60, 0, 0, 0, 0, 0, 0, 64, 18, 32, 31, 5, 0 ] 2 3 18 52 782
f007 564 [ 27, 0, 0, 60, 0, 0, 0, 0, 0, 0, 64, 18, 32, 31, 5, 0 ] 0 0 240 7 782
3000 566 [ 27, 0, 0, 60, 0, 0, 0, 0, 0, 0, 64, 18, 32, 31, 5, 0 ] 0 0 48 0 782
1234 568 [ 27, 0, 0, 60, 0, 0, 0, 0, 0, 0, 64, 18, 32, 31, 5, 0 ] 2 3 18 52 782
f007 564 [ 27, 0, 0, 60, 0, 0, 0, 0, 0, 0, 64, 18, 32, 31, 5, 0 ] 0 0 240 7 782
3000 566 [ 27, 0, 0, 60, 0, 0, 0, 0, 0, 0, 64, 18, 32, 31, 5, 0 ] 0 0 48 0 782
1234 568 [ 27, 0, 0, 60, 0, 0, 0, 0, 0, 0, 64, 18, 32, 31, 5, 0 ] 2 3 18 52 782
f007 564 [ 27, 0, 0, 60, 0, 0, 0, 0, 0, 0, 64, 18, 32, 31, 5, 0 ] 0 0 240 7 782
3000 566 [ 27, 0, 0, 60, 0, 0, 0, 0, 0, 0, 64, 18, 32, 31, 5, 0 ] 0 0 48 0 782
1234 568 [ 27, 0, 0, 60, 0, 0, 0, 0, 0, 0, 64, 18, 32, 31, 5, 0 ] 2 3 18 52 782
f007 564 [ 27, 0, 0, 60, 0, 0, 0, 0, 0, 0, 64, 18, 32, 31, 5, 0 ] 0 0 240 7 782
3000 566 [ 26, 0, 0, 60, 0, 0, 0, 0, 0, 0, 64, 18, 32, 31, 5, 0 ] 0 0 48 0 782
1234 568 [ 26, 0, 0, 60, 0, 0, 0, 0, 0, 0, 64, 18, 32, 31, 5, 0 ] 2 3 18 52 782
f007 564 [ 26, 0, 0, 60, 0, 0, 0, 0, 0, 0, 64, 18, 32, 31, 5, 0 ] 0 0 240 7 782
3000 566 [ 26, 0, 0, 60, 0, 0, 0, 0, 0, 0, 64, 18, 32, 31, 5, 0 ] 0 0 48 0 782
1234 568 [ 26, 0, 0, 60, 0, 0, 0, 0, 0, 0, 64, 18, 32, 31, 5, 0 ] 2 3 18 52 782
f007 564 [ 26, 0, 0, 60, 0, 0, 0, 0, 0, 0, 64, 18, 32, 31, 5, 0 ] 0 0 240 7 782
3000 566 [ 26, 0, 0, 60, 0, 0, 0, 0, 0, 0, 64, 18, 32, 31, 5, 0 ] 0 0 48 0 782
1234 568 [ 26, 0, 0, 60, 0, 0, 0, 0, 0, 0, 64, 18, 32, 31, 5, 0 ] 2 3 18 52 782
f007 564 [ 26, 0, 0, 60, 0, 0, 0, 0, 0, 0, 64, 18, 32, 31, 5, 0 ] 0 0 240 7 782
3000 566 [ 25, 0, 0, 60, 0, 0, 0, 0, 0, 0, 64, 18, 32, 31, 5, 0 ] 0 0 48 0 782
1234 568 [ 25, 0, 0, 60, 0, 0, 0, 0, 0, 0, 64, 18, 32, 31, 5, 0 ] 2 3 18 52 782
f007 564 [ 25, 0, 0, 60, 0, 0, 0, 0, 0, 0, 64, 18, 32, 31, 5, 0 ] 0 0 240 7 782
3000 566 [ 25, 0, 0, 60, 0, 0, 0, 0, 0, 0, 64, 18, 32, 31, 5, 0 ] 0 0 48 0 782
1234 568 [ 25, 0, 0, 60, 0, 0, 0, 0, 0, 0, 64, 18, 32, 31, 5, 0 ] 2 3 18 52 782
f007 564 [ 25, 0, 0, 60, 0, 0, 0, 0, 0, 0, 64, 18, 32, 31, 5, 0 ] 0 0 240 7 782
3000 566 [ 25, 0, 0, 60, 0, 0, 0, 0, 0, 0, 64, 18, 32, 31, 5, 0 ] 0 0 48 0 782
1234 568 [ 25, 0, 0, 60, 0, 0, 0, 0, 0, 0, 64, 18, 32, 31, 5, 0 ] 2 3 18 52 782
f007 564 [ 25, 0, 0, 60, 0, 0, 0, 0, 0, 0, 64, 18, 32, 31, 5, 0 ] 0 0 240 7 782
3000 566 [ 24, 0, 0, 60, 0, 0, 0, 0, 0, 0, 64, 18, 32, 31, 5, 0 ] 0 0 48 0 782
1234 568 [ 24, 0, 0, 60, 0, 0, 0, 0, 0, 0, 64, 18, 32, 31, 5, 0 ] 2 3 18 52 782
f007 564 [ 24, 0, 0, 60, 0, 0, 0, 0, 0, 0, 64, 18, 32, 31, 5, 0 ] 0 0 240 7 782
3000 566 [ 24, 0, 0, 60, 0, 0, 0, 0, 0, 0, 64, 18, 32, 31, 5, 0 ] 0 0 48 0 782
1234 568 [ 24, 0, 0, 60, 0, 0, 0, 0, 0, 0, 64, 18, 32, 31, 5, 0 ] 2 3 18 52 782
f007 564 [ 24, 0, 0, 60, 0, 0, 0, 0, 0, 0, 64, 18, 32, 31, 5, 0 ] 0 0 240 7 782
3000 566 [ 24, 0, 0, 60, 0, 0, 0, 0, 0, 0, 64, 18, 32, 31, 5, 0 ] 0 0 48 0 782
1234 568 [ 24, 0, 0, 60, 0, 0, 0, 0, 0, 0, 64, 18, 32, 31, 5, 0 ] 2 3 18 52 782
f007 564 [ 24, 0, 0, 60, 0, 0, 0, 0, 0, 0, 64, 18, 32, 31, 5, 0 ] 0 0 240 7 782
3000 566 [ 24, 0, 0, 60, 0, 0, 0, 0, 0, 0, 64, 18, 32, 31, 5, 0 ] 0 0 48 0 782
1234 568 [ 24, 0, 0, 60, 0, 0, 0, 0, 0, 0, 64, 18, 32, 31, 5, 0 ] 2 3 18 52 782
f007 564 [ 24, 0, 0, 60, 0, 0, 0, 0, 0, 0, 64, 18, 32, 31, 5, 0 ] 0 0 240 7 782
3000 566 [ 23, 0, 0, 60, 0, 0, 0, 0, 0, 0, 64, 18, 32, 31, 5, 0 ] 0 0 48 0 782
1234 568 [ 23, 0, 0, 60, 0, 0, 0, 0, 0, 0, 64, 18, 32, 31, 5, 0 ] 2 3 18 52 782
f007 564 [ 23, 0, 0, 60, 0, 0, 0, 0, 0, 0, 64, 18, 32, 31, 5, 0 ] 0 0 240 7 782
3000 566 [ 23, 0, 0, 60, 0, 0, 0, 0, 0, 0, 64, 18, 32, 31, 5, 0 ] 0 0 48 0 782
1234 568 [ 23, 0, 0, 60, 0, 0, 0, 0, 0, 0, 64, 18, 32, 31, 5, 0 ] 2 3 18 52 782
f007 564 [ 23, 0, 0, 60, 0, 0, 0, 0, 0, 0, 64, 18, 32, 31, 5, 0 ] 0 0 240 7 782
3000 566 [ 23, 0, 0, 60, 0, 0, 0, 0, 0, 0, 64, 18, 32, 31, 5, 0 ] 0 0 48 0 782
1234 568 [ 23, 0, 0, 60, 0, 0, 0, 0, 0, 0, 64, 18, 32, 31, 5, 0 ] 2 3 18 52 782
f007 564 [ 23, 0, 0, 60, 0, 0, 0, 0, 0, 0, 64, 18, 32, 31, 5, 0 ] 0 0 240 7 782
3000 566 [ 22, 0, 0, 60, 0, 0, 0, 0, 0, 0, 64, 18, 32, 31, 5, 0 ] 0 0 48 0 782
1234 568 [ 22, 0, 0, 60, 0, 0, 0, 0, 0, 0, 64, 18, 32, 31, 5, 0 ] 2 3 18 52 782
f007 564 [ 22, 0, 0, 60, 0, 0, 0, 0, 0, 0, 64, 18, 32, 31, 5, 0 ] 0 0 240 7 782
3000 566 [ 22, 0, 0, 60, 0, 0, 0, 0, 0, 0, 64, 18, 32, 31, 5, 0 ] 0 0 48 0 782
1234 568 [ 22, 0, 0, 60, 0, 0, 0, 0, 0, 0, 64, 18, 32, 31, 5, 0 ] 2 3 18 52 782
f007 564 [ 22, 0, 0, 60, 0, 0, 0, 0, 0, 0, 64, 18, 32, 31, 5, 0 ] 0 0 240 7 782
3000 566 [ 22, 0, 0, 60, 0, 0, 0, 0, 0, 0, 64, 18, 32, 31, 5, 0 ] 0 0 48 0 782
1234 568 [ 22, 0, 0, 60, 0, 0, 0, 0, 0, 0, 64, 18, 32, 31, 5, 0 ] 2 3 18 52 782
f007 564 [ 22, 0, 0, 60, 0, 0, 0, 0, 0, 0, 64, 18, 32, 31, 5, 0 ] 0 0 240 7 782
3000 566 [ 21, 0, 0, 60, 0, 0, 0, 0, 0, 0, 64, 18, 32, 31, 5, 0 ] 0 0 48 0 782
1234 568 [ 21, 0, 0, 60, 0, 0, 0, 0, 0, 0, 64, 18, 32, 31, 5, 0 ] 2 3 18 52 782
f007 564 [ 21, 0, 0, 60, 0, 0, 0, 0, 0, 0, 64, 18, 32, 31, 5, 0 ] 0 0 240 7 782
3000 566 [ 21, 0, 0, 60, 0, 0, 0, 0, 0, 0, 64, 18, 32, 31, 5, 0 ] 0 0 48 0 782
1234 568 [ 21, 0, 0, 60, 0, 0, 0, 0, 0, 0, 64, 18, 32, 31, 5, 0 ] 2 3 18 52 782
f007 564 [ 21, 0, 0, 60, 0, 0, 0, 0, 0, 0, 64, 18, 32, 31, 5, 0 ] 0 0 240 7 782
3000 566 [ 21, 0, 0, 60, 0, 0, 0, 0, 0, 0, 64, 18, 32, 31, 5, 0 ] 0 0 48 0 782
1234 568 [ 21, 0, 0, 60, 0, 0, 0, 0, 0, 0, 64, 18, 32, 31, 5, 0 ] 2 3 18 52 782
f007 564 [ 21, 0, 0, 60, 0, 0, 0, 0, 0, 0, 64, 18, 32, 31, 5, 0 ] 0 0 240 7 782
3000 566 [ 21, 0, 0, 60, 0, 0, 0, 0, 0, 0, 64, 18, 32, 31, 5, 0 ] 0 0 48 0 782
1234 568 [ 21, 0, 0, 60, 0, 0, 0, 0, 0, 0, 64, 18, 32, 31, 5, 0 ] 2 3 18 52 782
f007 564 [ 21, 0, 0, 60, 0, 0, 0, 0, 0, 0, 64, 18, 32, 31, 5, 0 ] 0 0 240 7 782
3000 566 [ 20, 0, 0, 60, 0, 0, 0, 0, 0, 0, 64, 18, 32, 31, 5, 0 ] 0 0 48 0 782
1234 568 [ 20, 0, 0, 60, 0, 0, 0, 0, 0, 0, 64, 18, 32, 31, 5, 0 ] 2 3 18 52 782
f007 564 [ 20, 0, 0, 60, 0, 0, 0, 0, 0, 0, 64, 18, 32, 31, 5, 0 ] 0 0 240 7 782
3000 566 [ 20, 0, 0, 60, 0, 0, 0, 0, 0, 0, 64, 18, 32, 31, 5, 0 ] 0 0 48 0 782
1234 568 [ 20, 0, 0, 60, 0, 0, 0, 0, 0, 0, 64, 18, 32, 31, 5, 0 ] 2 3 18 52 782
f007 564 [ 20, 0, 0, 60, 0, 0, 0, 0, 0, 0, 64, 18, 32, 31, 5, 0 ] 0 0 240 7 782
3000 566 [ 20, 0, 0, 60, 0, 0, 0, 0, 0, 0, 64, 18, 32, 31, 5, 0 ] 0 0 48 0 782
1234 568 [ 20, 0, 0, 60, 0, 0, 0, 0, 0, 0, 64, 18, 32, 31, 5, 0 ] 2 3 18 52 782
f007 564 [ 20, 0, 0, 60, 0, 0, 0, 0, 0, 0, 64, 18, 32, 31, 5, 0 ] 0 0 240 7 782
3000 566 [ 19, 0, 0, 60, 0, 0, 0, 0, 0, 0, 64, 18, 32, 31, 5, 0 ] 0 0 48 0 782
1234 568 [ 19, 0, 0, 60, 0, 0, 0, 0, 0, 0, 64, 18, 32, 31, 5, 0 ] 2 3 18 52 782
f007 564 [ 19, 0, 0, 60, 0, 0, 0, 0, 0, 0, 64, 18, 32, 31, 5, 0 ] 0 0 240 7 782
3000 566 [ 19, 0, 0, 60, 0, 0, 0, 0, 0, 0, 64, 18, 32, 31, 5, 0 ] 0 0 48 0 782
1234 568 [ 19, 0, 0, 60, 0, 0, 0, 0, 0, 0, 64, 18, 32, 31, 5, 0 ] 2 3 18 52 782
f007 564 [ 19, 0, 0, 60, 0, 0, 0, 0, 0, 0, 64, 18, 32, 31, 5, 0 ] 0 0 240 7 782
3000 566 [ 19, 0, 0, 60, 0, 0, 0, 0, 0, 0, 64, 18, 32, 31, 5, 0 ] 0 0 48 0 782
1234 568 [ 19, 0, 0, 60, 0, 0, 0, 0, 0, 0, 64, 18, 32, 31, 5, 0 ] 2 3 18 52 782
f007 564 [ 19, 0, 0, 60, 0, 0, 0, 0, 0, 0, 64, 18, 32, 31, 5, 0 ] 0 0 240 7 782
3000 566 [ 18, 0, 0, 60, 0, 0, 0, 0, 0, 0, 64, 18, 32, 31, 5, 0 ] 0 0 48 0 782
1234 568 [ 18, 0, 0, 60, 0, 0, 0, 0, 0, 0, 64, 18, 32, 31, 5, 0 ] 2 3 18 52 782
f007 564 [ 18, 0, 0, 60, 0, 0, 0, 0, 0, 0, 64, 18, 32, 31, 5, 0 ] 0 0 240 7 782
3000 566 [ 18, 0, 0, 60, 0, 0, 0, 0, 0, 0, 64, 18, 32, 31, 5, 0 ] 0 0 48 0 782
1234 568 [ 18, 0, 0, 60, 0, 0, 0, 0, 0, 0, 64, 18, 32, 31, 5, 0 ] 2 3 18 52 782
f007 564 [ 18, 0, 0, 60, 0, 0, 0, 0, 0, 0, 64, 18, 32, 31, 5, 0 ] 0 0 240 7 782
3000 566 [ 18, 0, 0, 60, 0, 0, 0, 0, 0, 0, 64, 18, 32, 31, 5, 0 ] 0 0 48 0 782
1234 568 [ 18, 0, 0, 60, 0, 0, 0, 0, 0, 0, 64, 18, 32, 31, 5, 0 ] 2 3 18 52 782
f007 564 [ 18, 0, 0, 60, 0, 0, 0, 0, 0, 0, 64, 18, 32, 31, 5, 0 ] 0 0 240 7 782
3000 566 [ 18, 0, 0, 60, 0, 0, 0, 0, 0, 0, 64, 18, 32, 31, 5, 0 ] 0 0 48 0 782
1234 568 [ 18, 0, 0, 60, 0, 0, 0, 0, 0, 0, 64, 18, 32, 31, 5, 0 ] 2 3 18 52 782
f007 564 [ 18, 0, 0, 60, 0, 0, 0, 0, 0, 0, 64, 18, 32, 31, 5, 0 ] 0 0 240 7 782
3000 566 [ 17, 0, 0, 60, 0, 0, 0, 0, 0, 0, 64, 18, 32, 31, 5, 0 ] 0 0 48 0 782
1234 568 [ 17, 0, 0, 60, 0, 0, 0, 0, 0, 0, 64, 18, 32, 31, 5, 0 ] 2 3 18 52 782
f007 564 [ 17, 0, 0, 60, 0, 0, 0, 0, 0, 0, 64, 18, 32, 31, 5, 0 ] 0 0 240 7 782
3000 566 [ 17, 0, 0, 60, 0, 0, 0, 0, 0, 0, 64, 18, 32, 31, 5, 0 ] 0 0 48 0 782
1234 568 [ 17, 0, 0, 60, 0, 0, 0, 0, 0, 0, 64, 18, 32, 31, 5, 0 ] 2 3 18 52 782
f007 564 [ 17, 0, 0, 60, 0, 0, 0, 0, 0, 0, 64, 18, 32, 31, 5, 0 ] 0 0 240 7 782
3000 566 [ 17, 0, 0, 60, 0, 0, 0, 0, 0, 0, 64, 18, 32, 31, 5, 0 ] 0 0 48 0 782
1234 568 [ 17, 0, 0, 60, 0, 0, 0, 0, 0, 0, 64, 18, 32, 31, 5, 0 ] 2 3 18 52 782
f007 564 [ 17, 0, 0, 60, 0, 0, 0, 0, 0, 0, 64, 18, 32, 31, 5, 0 ] 0 0 240 7 782
3000 566 [ 16, 0, 0, 60, 0, 0, 0, 0, 0, 0, 64, 18, 32, 31, 5, 0 ] 0 0 48 0 782
1234 568 [ 16, 0, 0, 60, 0, 0, 0, 0, 0, 0, 64, 18, 32, 31, 5, 0 ] 2 3 18 52 782
f007 564 [ 16, 0, 0, 60, 0, 0, 0, 0, 0, 0, 64, 18, 32, 31, 5, 0 ] 0 0 240 7 782
3000 566 [ 16, 0, 0, 60, 0, 0, 0, 0, 0, 0, 64, 18, 32, 31, 5, 0 ] 0 0 48 0 782
1234 568 [ 16, 0, 0, 60, 0, 0, 0, 0, 0, 0, 64, 18, 32, 31, 5, 0 ] 2 3 18 52 782
f007 564 [ 16, 0, 0, 60, 0, 0, 0, 0, 0, 0, 64, 18, 32, 31, 5, 0 ] 0 0 240 7 782
3000 566 [ 16, 0, 0, 60, 0, 0, 0, 0, 0, 0, 64, 18, 32, 31, 5, 0 ] 0 0 48 0 782
1234 568 [ 16, 0, 0, 60, 0, 0, 0, 0, 0, 0, 64, 18, 32, 31, 5, 0 ] 2 3 18 52 782
f007 564 [ 16, 0, 0, 60, 0, 0, 0, 0, 0, 0, 64, 18, 32, 31, 5, 0 ] 0 0 240 7 782
3000 566 [ 15, 0, 0, 60, 0, 0, 0, 0, 0, 0, 64, 18, 32, 31, 5, 0 ] 0 0 48 0 782
1234 568 [ 15, 0, 0, 60, 0, 0, 0, 0, 0, 0, 64, 18, 32, 31, 5, 0 ] 2 3 18 52 782
f007 564 [ 15, 0, 0, 60, 0, 0, 0, 0, 0, 0, 64, 18, 32, 31, 5, 0 ] 0 0 240 7 782
3000 566 [ 15, 0, 0, 60, 0, 0, 0, 0, 0, 0, 64, 18, 32, 31, 5, 0 ] 0 0 48 0 782
1234 568 [ 15, 0, 0, 60, 0, 0, 0, 0, 0, 0, 64, 18, 32, 31, 5, 0 ] 2 3 18 52 782
f007 564 [ 15, 0, 0, 60, 0, 0, 0, 0, 0, 0, 64, 18, 32, 31, 5, 0 ] 0 0 240 7 782
3000 566 [ 15, 0, 0, 60, 0, 0, 0, 0, 0, 0, 64, 18, 32, 31, 5, 0 ] 0 0 48 0 782
1234 568 [ 15, 0, 0, 60, 0, 0, 0, 0, 0, 0, 64, 18, 32, 31, 5, 0 ] 2 3 18 52 782
f007 564 [ 15, 0, 0, 60, 0, 0, 0, 0, 0, 0, 64, 18, 32, 31, 5, 0 ] 0 0 240 7 782
3000 566 [ 15, 0, 0, 60, 0, 0, 0, 0, 0, 0, 64, 18, 32, 31, 5, 0 ] 0 0 48 0 782
1234 568 [ 15, 0, 0, 60, 0, 0, 0, 0, 0, 0, 64, 18, 32, 31, 5, 0 ] 2 3 18 52 782
f007 564 [ 15, 0, 0, 60, 0, 0, 0, 0, 0, 0, 64, 18, 32, 31, 5, 0 ] 0 0 240 7 782
3000 566 [ 14, 0, 0, 60, 0, 0, 0, 0, 0, 0, 64, 18, 32, 31, 5, 0 ] 0 0 48 0 782
1234 568 [ 14, 0, 0, 60, 0, 0, 0, 0, 0, 0, 64, 18, 32, 31, 5, 0 ] 2 3 18 52 782
f007 564 [ 14, 0, 0, 60, 0, 0, 0, 0, 0, 0, 64, 18, 32, 31, 5, 0 ] 0 0 240 7 782
3000 566 [ 14, 0, 0, 60, 0, 0, 0, 0, 0, 0, 64, 18, 32, 31, 5, 0 ] 0 0 48 0 782
1234 568 [ 14, 0, 0, 60, 0, 0, 0, 0, 0, 0, 64, 18, 32, 31, 5, 0 ] 2 3 18 52 782
f007 564 [ 14, 0, 0, 60, 0, 0, 0, 0, 0, 0, 64, 18, 32, 31, 5, 0 ] 0 0 240 7 782
3000 566 [ 14, 0, 0, 60, 0, 0, 0, 0, 0, 0, 64, 18, 32, 31, 5, 0 ] 0 0 48 0 782
1234 568 [ 14, 0, 0, 60, 0, 0, 0, 0, 0, 0, 64, 18, 32, 31, 5, 0 ] 2 3 18 52 782
f007 564 [ 14, 0, 0, 60, 0, 0, 0, 0, 0, 0, 64, 18, 32, 31, 5, 0 ] 0 0 240 7 782
3000 566 [ 13, 0, 0, 60, 0, 0, 0, 0, 0, 0, 64, 18, 32, 31, 5, 0 ] 0 0 48 0 782
1234 568 [ 13, 0, 0, 60, 0, 0, 0, 0, 0, 0, 64, 18, 32, 31, 5, 0 ] 2 3 18 52 782
f007 564 [ 13, 0, 0, 60, 0, 0, 0, 0, 0, 0, 64, 18, 32, 31, 5, 0 ] 0 0 240 7 782
3000 566 [ 13, 0, 0, 60, 0, 0, 0, 0, 0, 0, 64, 18, 32, 31, 5, 0 ] 0 0 48 0 782
1234 568 [ 13, 0, 0, 60, 0, 0, 0, 0, 0, 0, 64, 18, 32, 31, 5, 0 ] 2 3 18 52 782
f007 564 [ 13, 0, 0, 60, 0, 0, 0, 0, 0, 0, 64, 18, 32, 31, 5, 0 ] 0 0 240 7 782
3000 566 [ 13, 0, 0, 60, 0, 0, 0, 0, 0, 0, 64, 18, 32, 31, 5, 0 ] 0 0 48 0 782
1234 568 [ 13, 0, 0, 60, 0, 0, 0, 0, 0, 0, 64, 18, 32, 31, 5, 0 ] 2 3 18 52 782
f007 564 [ 13, 0, 0, 60, 0, 0, 0, 0, 0, 0, 64, 18, 32, 31, 5, 0 ] 0 0 240 7 782
3000 566 [ 12, 0, 0, 60, 0, 0, 0, 0, 0, 0, 64, 18, 32, 31, 5, 0 ] 0 0 48 0 782
1234 568 [ 12, 0, 0, 60, 0, 0, 0, 0, 0, 0, 64, 18, 32, 31, 5, 0 ] 2 3 18 52 782
f007 564 [ 12, 0, 0, 60, 0, 0, 0, 0, 0, 0, 64, 18, 32, 31, 5, 0 ] 0 0 240 7 782
3000 566 [ 12, 0, 0, 60, 0, 0, 0, 0, 0, 0, 64, 18, 32, 31, 5, 0 ] 0 0 48 0 782
1234 568 [ 12, 0, 0, 60, 0, 0, 0, 0, 0, 0, 64, 18, 32, 31, 5, 0 ] 2 3 18 52 782
f007 564 [ 12, 0, 0, 60, 0, 0, 0, 0, 0, 0, 64, 18, 32, 31, 5, 0 ] 0 0 240 7 782
3000 566 [ 12, 0, 0, 60, 0, 0, 0, 0, 0, 0, 64, 18, 32, 31, 5, 0 ] 0 0 48 0 782
1234 568 [ 12, 0, 0, 60, 0, 0, 0, 0, 0, 0, 64, 18, 32, 31, 5, 0 ] 2 3 18 52 782
f007 564 [ 12, 0, 0, 60, 0, 0, 0, 0, 0, 0, 64, 18, 32, 31, 5, 0 ] 0 0 240 7 782
3000 566 [ 12, 0, 0, 60, 0, 0, 0, 0, 0, 0, 64, 18, 32, 31, 5, 0 ] 0 0 48 0 782
1234 568 [ 12, 0, 0, 60, 0, 0, 0, 0, 0, 0, 64, 18, 32, 31, 5, 0 ] 2 3 18 52 782
f007 564 [ 12, 0, 0, 60, 0, 0, 0, 0, 0, 0, 64, 18, 32, 31, 5, 0 ] 0 0 240 7 782
3000 566 [ 11, 0, 0, 60, 0, 0, 0, 0, 0, 0, 64, 18, 32, 31, 5, 0 ] 0 0 48 0 782
1234 568 [ 11, 0, 0, 60, 0, 0, 0, 0, 0, 0, 64, 18, 32, 31, 5, 0 ] 2 3 18 52 782
f007 564 [ 11, 0, 0, 60, 0, 0, 0, 0, 0, 0, 64, 18, 32, 31, 5, 0 ] 0 0 240 7 782
3000 566 [ 11, 0, 0, 60, 0, 0, 0, 0, 0, 0, 64, 18, 32, 31, 5, 0 ] 0 0 48 0 782
1234 568 [ 11, 0, 0, 60, 0, 0, 0, 0, 0, 0, 64, 18, 32, 31, 5, 0 ] 2 3 18 52 782
f007 564 [ 11, 0, 0, 60, 0, 0, 0, 0, 0, 0, 64, 18, 32, 31, 5, 0 ] 0 0 240 7 782
3000 566 [ 11, 0, 0, 60, 0, 0, 0, 0, 0, 0, 64, 18, 32, 31, 5, 0 ] 0 0 48 0 782
1234 568 [ 11, 0, 0, 60, 0, 0, 0, 0, 0, 0, 64, 18, 32, 31, 5, 0 ] 2 3 18 52 782
f007 564 [ 11, 0, 0, 60, 0, 0, 0, 0, 0, 0, 64, 18, 32, 31, 5, 0 ] 0 0 240 7 782
3000 566 [ 10, 0, 0, 60, 0, 0, 0, 0, 0, 0, 64, 18, 32, 31, 5, 0 ] 0 0 48 0 782
1234 568 [ 10, 0, 0, 60, 0, 0, 0, 0, 0, 0, 64, 18, 32, 31, 5, 0 ] 2 3 18 52 782
f007 564 [ 10, 0, 0, 60, 0, 0, 0, 0, 0, 0, 64, 18, 32, 31, 5, 0 ] 0 0 240 7 782
3000 566 [ 10, 0, 0, 60, 0, 0, 0, 0, 0, 0, 64, 18, 32, 31, 5, 0 ] 0 0 48 0 782
1234 568 [ 10, 0, 0, 60, 0, 0, 0, 0, 0, 0, 64, 18, 32, 31, 5, 0 ] 2 3 18 52 782
f007 564 [ 10, 0, 0, 60, 0, 0, 0, 0, 0, 0, 64, 18, 32, 31, 5, 0 ] 0 0 240 7 782
3000 566 [ 10, 0, 0, 60, 0, 0, 0, 0, 0, 0, 64, 18, 32, 31, 5, 0 ] 0 0 48 0 782
1234 568 [ 10, 0, 0, 60, 0, 0, 0, 0, 0, 0, 64, 18, 32, 31, 5, 0 ] 2 3 18 52 782
f007 564 [ 10, 0, 0, 60, 0, 0, 0, 0, 0, 0, 64, 18, 32, 31, 5, 0 ] 0 0 240 7 782
3000 566 [ 9, 0, 0, 60, 0, 0, 0, 0, 0, 0, 64, 18, 32, 31, 5, 0 ] 0 0 48 0 782
1234 568 [ 9, 0, 0, 60, 0, 0, 0, 0, 0, 0, 64, 18, 32, 31, 5, 0 ] 2 3 18 52 782
f007 564 [ 9, 0, 0, 60, 0, 0, 0, 0, 0, 0, 64, 18, 32, 31, 5, 0 ] 0 0 240 7 782
3000 566 [ 9, 0, 0, 60, 0, 0, 0, 0, 0, 0, 64, 18, 32, 31, 5, 0 ] 0 0 48 0 782
1234 568 [ 9, 0, 0, 60, 0, 0, 0, 0, 0, 0, 64, 18, 32, 31, 5, 0 ] 2 3 18 52 782
f007 564 [ 9, 0, 0, 60, 0, 0, 0, 0, 0, 0, 64, 18, 32, 31, 5, 0 ] 0 0 240 7 782
3000 566 [ 9, 0, 0, 60, 0, 0, 0, 0, 0, 0, 64, 18, 32, 31, 5, 0 ] 0 0 48 0 782
1234 568 [ 9, 0, 0, 60, 0, 0, 0, 0, 0, 0, 64, 18, 32, 31, 5, 0 ] 2 3 18 52 782
f007 564 [ 9, 0, 0, 60, 0, 0, 0, 0, 0, 0, 64, 18, 32, 31, 5, 0 ] 0 0 240 7 782
3000 566 [ 9, 0, 0, 60, 0, 0, 0, 0, 0, 0, 64, 18, 32, 31, 5, 0 ] 0 0 48 0 782
1234 568 [ 9, 0, 0, 60, 0, 0, 0, 0, 0, 0, 64, 18, 32, 31, 5, 0 ] 2 3 18 52 782
f007 564 [ 9, 0, 0, 60, 0, 0, 0, 0, 0, 0, 64, 18, 32, 31, 5, 0 ] 0 0 240 7 782
3000 566 [ 8, 0, 0, 60, 0, 0, 0, 0, 0, 0, 64, 18, 32, 31, 5, 0 ] 0 0 48 0 782
1234 568 [ 8, 0, 0, 60, 0, 0, 0, 0, 0, 0, 64, 18, 32, 31, 5, 0 ] 2 3 18 52 782
f007 564 [ 8, 0, 0, 60, 0, 0, 0, 0, 0, 0, 64, 18, 32, 31, 5, 0 ] 0 0 240 7 782
3000 566 [ 8, 0, 0, 60, 0, 0, 0, 0, 0, 0, 64, 18, 32, 31, 5, 0 ] 0 0 48 0 782
1234 568 [ 8, 0, 0, 60, 0, 0, 0, 0, 0, 0, 64, 18, 32, 31, 5, 0 ] 2 3 18 52 782
f007 564 [ 8, 0, 0, 60, 0, 0, 0, 0, 0, 0, 64, 18, 32, 31, 5, 0 ] 0 0 240 7 782
3000 566 [ 8, 0, 0, 60, 0, 0, 0, 0, 0, 0, 64, 18, 32, 31, 5, 0 ] 0 0 48 0 782
1234 568 [ 8, 0, 0, 60, 0, 0, 0, 0, 0, 0, 64, 18, 32, 31, 5, 0 ] 2 3 18 52 782
f007 564 [ 8, 0, 0, 60, 0, 0, 0, 0, 0, 0, 64, 18, 32, 31, 5, 0 ] 0 0 240 7 782
3000 566 [ 7, 0, 0, 60, 0, 0, 0, 0, 0, 0, 64, 18, 32, 31, 5, 0 ] 0 0 48 0 782
1234 568 [ 7, 0, 0, 60, 0, 0, 0, 0, 0, 0, 64, 18, 32, 31, 5, 0 ] 2 3 18 52 782
f007 564 [ 7, 0, 0, 60, 0, 0, 0, 0, 0, 0, 64, 18, 32, 31, 5, 0 ] 0 0 240 7 782
3000 566 [ 7, 0, 0, 60, 0, 0, 0, 0, 0, 0, 64, 18, 32, 31, 5, 0 ] 0 0 48 0 782
1234 568 [ 7, 0, 0, 60, 0, 0, 0, 0, 0, 0, 64, 18, 32, 31, 5, 0 ] 2 3 18 52 782
f007 564 [ 7, 0, 0, 60, 0, 0, 0, 0, 0, 0, 64, 18, 32, 31, 5, 0 ] 0 0 240 7 782
